&&&& RUNNING TensorRT.trtexec [TensorRT v8501] # trtexec --loadEngine=./model-02.plan --dumpOutput
[01/02/2024-22:53:48] [I] === Model Options ===
[01/02/2024-22:53:48] [I] Format: *
[01/02/2024-22:53:48] [I] Model: 
[01/02/2024-22:53:48] [I] Output:
[01/02/2024-22:53:48] [I] === Build Options ===
[01/02/2024-22:53:48] [I] Max batch: 1
[01/02/2024-22:53:48] [I] Memory Pools: workspace: default, dlaSRAM: default, dlaLocalDRAM: default, dlaGlobalDRAM: default
[01/02/2024-22:53:48] [I] minTiming: 1
[01/02/2024-22:53:48] [I] avgTiming: 8
[01/02/2024-22:53:48] [I] Precision: FP32
[01/02/2024-22:53:48] [I] LayerPrecisions: 
[01/02/2024-22:53:48] [I] Calibration: 
[01/02/2024-22:53:48] [I] Refit: Disabled
[01/02/2024-22:53:48] [I] Sparsity: Disabled
[01/02/2024-22:53:48] [I] Safe mode: Disabled
[01/02/2024-22:53:48] [I] DirectIO mode: Disabled
[01/02/2024-22:53:48] [I] Restricted mode: Disabled
[01/02/2024-22:53:48] [I] Build only: Disabled
[01/02/2024-22:53:48] [I] Save engine: 
[01/02/2024-22:53:48] [I] Load engine: ./model-02.plan
[01/02/2024-22:53:48] [I] Profiling verbosity: 0
[01/02/2024-22:53:48] [I] Tactic sources: Using default tactic sources
[01/02/2024-22:53:48] [I] timingCacheMode: local
[01/02/2024-22:53:48] [I] timingCacheFile: 
[01/02/2024-22:53:48] [I] Heuristic: Disabled
[01/02/2024-22:53:48] [I] Preview Features: Use default preview flags.
[01/02/2024-22:53:48] [I] Input(s)s format: fp32:CHW
[01/02/2024-22:53:48] [I] Output(s)s format: fp32:CHW
[01/02/2024-22:53:48] [I] Input build shapes: model
[01/02/2024-22:53:48] [I] Input calibration shapes: model
[01/02/2024-22:53:48] [I] === System Options ===
[01/02/2024-22:53:48] [I] Device: 0
[01/02/2024-22:53:48] [I] DLACore: 
[01/02/2024-22:53:48] [I] Plugins:
[01/02/2024-22:53:48] [I] === Inference Options ===
[01/02/2024-22:53:48] [I] Batch: 1
[01/02/2024-22:53:48] [I] Input inference shapes: model
[01/02/2024-22:53:48] [I] Iterations: 10
[01/02/2024-22:53:48] [I] Duration: 3s (+ 200ms warm up)
[01/02/2024-22:53:48] [I] Sleep time: 0ms
[01/02/2024-22:53:48] [I] Idle time: 0ms
[01/02/2024-22:53:48] [I] Streams: 1
[01/02/2024-22:53:48] [I] ExposeDMA: Disabled
[01/02/2024-22:53:48] [I] Data transfers: Enabled
[01/02/2024-22:53:48] [I] Spin-wait: Disabled
[01/02/2024-22:53:48] [I] Multithreading: Disabled
[01/02/2024-22:53:48] [I] CUDA Graph: Disabled
[01/02/2024-22:53:48] [I] Separate profiling: Disabled
[01/02/2024-22:53:48] [I] Time Deserialize: Disabled
[01/02/2024-22:53:48] [I] Time Refit: Disabled
[01/02/2024-22:53:48] [I] NVTX verbosity: 0
[01/02/2024-22:53:48] [I] Persistent Cache Ratio: 0
[01/02/2024-22:53:48] [I] Inputs:
[01/02/2024-22:53:48] [I] === Reporting Options ===
[01/02/2024-22:53:48] [I] Verbose: Disabled
[01/02/2024-22:53:48] [I] Averages: 10 inferences
[01/02/2024-22:53:48] [I] Percentiles: 90,95,99
[01/02/2024-22:53:48] [I] Dump refittable layers:Disabled
[01/02/2024-22:53:48] [I] Dump output: Enabled
[01/02/2024-22:53:48] [I] Profile: Disabled
[01/02/2024-22:53:48] [I] Export timing to JSON file: 
[01/02/2024-22:53:48] [I] Export output to JSON file: 
[01/02/2024-22:53:48] [I] Export profile to JSON file: 
[01/02/2024-22:53:48] [I] 
[01/02/2024-22:53:49] [I] === Device Information ===
[01/02/2024-22:53:49] [I] Selected Device: NVIDIA GeForce MX350
[01/02/2024-22:53:49] [I] Compute Capability: 6.1
[01/02/2024-22:53:49] [I] SMs: 5
[01/02/2024-22:53:49] [I] Compute Clock Rate: 1.468 GHz
[01/02/2024-22:53:49] [I] Device Global Memory: 2047 MiB
[01/02/2024-22:53:49] [I] Shared Memory per SM: 96 KiB
[01/02/2024-22:53:49] [I] Memory Bus Width: 64 bits (ECC disabled)
[01/02/2024-22:53:49] [I] Memory Clock Rate: 3.504 GHz
[01/02/2024-22:53:49] [I] 
[01/02/2024-22:53:49] [I] TensorRT version: 8.5.1
[01/02/2024-22:53:49] [I] Engine loaded in 0.0082774 sec.
[01/02/2024-22:53:50] [I] [TRT] Loaded engine size: 12 MiB
[01/02/2024-22:53:51] [I] [TRT] [MemUsageChange] Init cuDNN: CPU +272, GPU +112, now: CPU 360, GPU 531 (MiB)
[01/02/2024-22:53:51] [I] [TRT] [MemUsageChange] TensorRT-managed allocation in engine deserialization: CPU +0, GPU +12, now: CPU 0, GPU 12 (MiB)
[01/02/2024-22:53:51] [I] Engine deserialized in 1.76559 sec.
[01/02/2024-22:53:51] [I] [TRT] [MemUsageChange] Init cuDNN: CPU +0, GPU +8, now: CPU 360, GPU 531 (MiB)
[01/02/2024-22:53:51] [I] [TRT] [MemUsageChange] TensorRT-managed allocation in IExecutionContext creation: CPU +0, GPU +2, now: CPU 0, GPU 14 (MiB)
[01/02/2024-22:53:51] [I] Setting persistentCacheLimit to 0 bytes.
[01/02/2024-22:53:51] [W] Shape missing for input with dynamic shape: tensorXAutomatically setting shape to: 1x1x28x28
[01/02/2024-22:53:51] [I] Using random values for input tensorX
[01/02/2024-22:53:51] [I] Created input binding for tensorX with dimensions 1x1x28x28
[01/02/2024-22:53:51] [I] Using random values for output A-V-12-Add
[01/02/2024-22:53:51] [I] Created output binding for A-V-12-Add with dimensions 1x10
[01/02/2024-22:53:51] [I] Using random values for output A-V-14-ArgMax
[01/02/2024-22:53:51] [I] Created output binding for A-V-14-ArgMax with dimensions 1
[01/02/2024-22:53:51] [I] Starting inference
[01/02/2024-22:53:54] [I] Warmup completed 303 queries over 200 ms
[01/02/2024-22:53:54] [I] Timing trace has 5678 queries over 3.00116 s
[01/02/2024-22:53:54] [I] 
[01/02/2024-22:53:54] [I] === Trace details ===
[01/02/2024-22:53:54] [I] Trace averages of 10 runs:
[01/02/2024-22:53:54] [I] Average on 10 runs - GPU latency: 0.451584 ms - Host latency: 0.461591 ms (enqueue 0.139639 ms)
[01/02/2024-22:53:54] [I] Average on 10 runs - GPU latency: 0.435204 ms - Host latency: 0.446924 ms (enqueue 0.144463 ms)
[01/02/2024-22:53:54] [I] Average on 10 runs - GPU latency: 0.400278 ms - Host latency: 0.411433 ms (enqueue 0.128348 ms)
[01/02/2024-22:53:54] [I] Average on 10 runs - GPU latency: 0.404889 ms - Host latency: 0.414729 ms (enqueue 0.130313 ms)
[01/02/2024-22:53:54] [I] Average on 10 runs - GPU latency: 0.399464 ms - Host latency: 0.410464 ms (enqueue 0.12494 ms)
[01/02/2024-22:53:54] [I] Average on 10 runs - GPU latency: 0.396597 ms - Host latency: 0.406537 ms (enqueue 0.115611 ms)
[01/02/2024-22:53:54] [I] Average on 10 runs - GPU latency: 0.405505 ms - Host latency: 0.415596 ms (enqueue 0.131638 ms)
[01/02/2024-22:53:54] [I] Average on 10 runs - GPU latency: 0.396574 ms - Host latency: 0.406873 ms (enqueue 0.120984 ms)
[01/02/2024-22:53:54] [I] Average on 10 runs - GPU latency: 0.396291 ms - Host latency: 0.405838 ms (enqueue 0.120645 ms)
[01/02/2024-22:53:54] [I] Average on 10 runs - GPU latency: 0.39751 ms - Host latency: 0.407413 ms (enqueue 0.119119 ms)
[01/02/2024-22:53:54] [I] Average on 10 runs - GPU latency: 0.395876 ms - Host latency: 0.405717 ms (enqueue 0.117509 ms)
[01/02/2024-22:53:54] [I] Average on 10 runs - GPU latency: 0.398645 ms - Host latency: 0.408784 ms (enqueue 0.123505 ms)
[01/02/2024-22:53:54] [I] Average on 10 runs - GPU latency: 0.404674 ms - Host latency: 0.414937 ms (enqueue 0.129651 ms)
[01/02/2024-22:53:54] [I] Average on 10 runs - GPU latency: 0.395674 ms - Host latency: 0.406044 ms (enqueue 0.124002 ms)
[01/02/2024-22:53:54] [I] Average on 10 runs - GPU latency: 0.401608 ms - Host latency: 0.411606 ms (enqueue 0.119824 ms)
[01/02/2024-22:53:54] [I] Average on 10 runs - GPU latency: 0.40448 ms - Host latency: 0.414282 ms (enqueue 0.120163 ms)
[01/02/2024-22:53:54] [I] Average on 10 runs - GPU latency: 0.401721 ms - Host latency: 0.411487 ms (enqueue 0.119504 ms)
[01/02/2024-22:53:54] [I] Average on 10 runs - GPU latency: 0.397717 ms - Host latency: 0.40751 ms (enqueue 0.122083 ms)
[01/02/2024-22:53:54] [I] Average on 10 runs - GPU latency: 0.40069 ms - Host latency: 0.410538 ms (enqueue 0.123053 ms)
[01/02/2024-22:53:54] [I] Average on 10 runs - GPU latency: 0.403964 ms - Host latency: 0.414011 ms (enqueue 0.119681 ms)
[01/02/2024-22:53:54] [I] Average on 10 runs - GPU latency: 0.401715 ms - Host latency: 0.411304 ms (enqueue 0.119034 ms)
[01/02/2024-22:53:54] [I] Average on 10 runs - GPU latency: 0.462225 ms - Host latency: 0.472485 ms (enqueue 0.236273 ms)
[01/02/2024-22:53:54] [I] Average on 10 runs - GPU latency: 0.473187 ms - Host latency: 0.483557 ms (enqueue 0.325891 ms)
[01/02/2024-22:53:54] [I] Average on 10 runs - GPU latency: 0.485165 ms - Host latency: 0.495444 ms (enqueue 0.345682 ms)
[01/02/2024-22:53:54] [I] Average on 10 runs - GPU latency: 0.48425 ms - Host latency: 0.494788 ms (enqueue 0.337234 ms)
[01/02/2024-22:53:54] [I] Average on 10 runs - GPU latency: 0.474219 ms - Host latency: 0.484326 ms (enqueue 0.340268 ms)
[01/02/2024-22:53:54] [I] Average on 10 runs - GPU latency: 0.483334 ms - Host latency: 0.493298 ms (enqueue 0.340033 ms)
[01/02/2024-22:53:54] [I] Average on 10 runs - GPU latency: 0.544565 ms - Host latency: 0.555298 ms (enqueue 0.394748 ms)
[01/02/2024-22:53:54] [I] Average on 10 runs - GPU latency: 0.509955 ms - Host latency: 0.519235 ms (enqueue 0.355356 ms)
[01/02/2024-22:53:54] [I] Average on 10 runs - GPU latency: 0.507193 ms - Host latency: 0.517041 ms (enqueue 0.353278 ms)
[01/02/2024-22:53:54] [I] Average on 10 runs - GPU latency: 0.501968 ms - Host latency: 0.511761 ms (enqueue 0.358102 ms)
[01/02/2024-22:53:54] [I] Average on 10 runs - GPU latency: 0.497153 ms - Host latency: 0.507626 ms (enqueue 0.340244 ms)
[01/02/2024-22:53:54] [I] Average on 10 runs - GPU latency: 0.492538 ms - Host latency: 0.503275 ms (enqueue 0.345715 ms)
[01/02/2024-22:53:54] [I] Average on 10 runs - GPU latency: 0.430991 ms - Host latency: 0.440747 ms (enqueue 0.231503 ms)
[01/02/2024-22:53:54] [I] Average on 10 runs - GPU latency: 0.410934 ms - Host latency: 0.42084 ms (enqueue 0.164746 ms)
[01/02/2024-22:53:54] [I] Average on 10 runs - GPU latency: 0.403665 ms - Host latency: 0.413638 ms (enqueue 0.175864 ms)
[01/02/2024-22:53:54] [I] Average on 10 runs - GPU latency: 0.418817 ms - Host latency: 0.431766 ms (enqueue 0.174435 ms)
[01/02/2024-22:53:54] [I] Average on 10 runs - GPU latency: 0.412469 ms - Host latency: 0.422763 ms (enqueue 0.15835 ms)
[01/02/2024-22:53:54] [I] Average on 10 runs - GPU latency: 0.409189 ms - Host latency: 0.419553 ms (enqueue 0.161899 ms)
[01/02/2024-22:53:54] [I] Average on 10 runs - GPU latency: 0.409088 ms - Host latency: 0.419229 ms (enqueue 0.165433 ms)
[01/02/2024-22:53:54] [I] Average on 10 runs - GPU latency: 0.417895 ms - Host latency: 0.428366 ms (enqueue 0.164749 ms)
[01/02/2024-22:53:54] [I] Average on 10 runs - GPU latency: 0.412158 ms - Host latency: 0.422131 ms (enqueue 0.161606 ms)
[01/02/2024-22:53:54] [I] Average on 10 runs - GPU latency: 0.4142 ms - Host latency: 0.424182 ms (enqueue 0.158353 ms)
[01/02/2024-22:53:54] [I] Average on 10 runs - GPU latency: 0.410416 ms - Host latency: 0.420215 ms (enqueue 0.163455 ms)
[01/02/2024-22:53:54] [I] Average on 10 runs - GPU latency: 0.414001 ms - Host latency: 0.424069 ms (enqueue 0.160153 ms)
[01/02/2024-22:53:54] [I] Average on 10 runs - GPU latency: 0.409497 ms - Host latency: 0.419394 ms (enqueue 0.152591 ms)
[01/02/2024-22:53:54] [I] Average on 10 runs - GPU latency: 0.405893 ms - Host latency: 0.416098 ms (enqueue 0.14917 ms)
[01/02/2024-22:53:54] [I] Average on 10 runs - GPU latency: 0.405704 ms - Host latency: 0.415991 ms (enqueue 0.149496 ms)
[01/02/2024-22:53:54] [I] Average on 10 runs - GPU latency: 0.411337 ms - Host latency: 0.421353 ms (enqueue 0.153879 ms)
[01/02/2024-22:53:54] [I] Average on 10 runs - GPU latency: 0.408163 ms - Host latency: 0.417853 ms (enqueue 0.153604 ms)
[01/02/2024-22:53:54] [I] Average on 10 runs - GPU latency: 0.409189 ms - Host latency: 0.419345 ms (enqueue 0.150934 ms)
[01/02/2024-22:53:54] [I] Average on 10 runs - GPU latency: 0.412262 ms - Host latency: 0.423383 ms (enqueue 0.152097 ms)
[01/02/2024-22:53:54] [I] Average on 10 runs - GPU latency: 0.427002 ms - Host latency: 0.436804 ms (enqueue 0.145667 ms)
[01/02/2024-22:53:54] [I] Average on 10 runs - GPU latency: 0.434274 ms - Host latency: 0.444238 ms (enqueue 0.151816 ms)
[01/02/2024-22:53:54] [I] Average on 10 runs - GPU latency: 0.431616 ms - Host latency: 0.442123 ms (enqueue 0.150418 ms)
[01/02/2024-22:53:54] [I] Average on 10 runs - GPU latency: 0.43356 ms - Host latency: 0.443805 ms (enqueue 0.145355 ms)
[01/02/2024-22:53:54] [I] Average on 10 runs - GPU latency: 0.428955 ms - Host latency: 0.439056 ms (enqueue 0.146506 ms)
[01/02/2024-22:53:54] [I] Average on 10 runs - GPU latency: 0.40827 ms - Host latency: 0.41861 ms (enqueue 0.150259 ms)
[01/02/2024-22:53:54] [I] Average on 10 runs - GPU latency: 0.407852 ms - Host latency: 0.418057 ms (enqueue 0.15834 ms)
[01/02/2024-22:53:54] [I] Average on 10 runs - GPU latency: 0.409705 ms - Host latency: 0.419574 ms (enqueue 0.15293 ms)
[01/02/2024-22:53:54] [I] Average on 10 runs - GPU latency: 0.581836 ms - Host latency: 0.591971 ms (enqueue 0.321298 ms)
[01/02/2024-22:53:54] [I] Average on 10 runs - GPU latency: 0.477377 ms - Host latency: 0.487546 ms (enqueue 0.168857 ms)
[01/02/2024-22:53:54] [I] Average on 10 runs - GPU latency: 0.450235 ms - Host latency: 0.459967 ms (enqueue 0.172412 ms)
[01/02/2024-22:53:54] [I] Average on 10 runs - GPU latency: 0.45015 ms - Host latency: 0.459183 ms (enqueue 0.172888 ms)
[01/02/2024-22:53:54] [I] Average on 10 runs - GPU latency: 0.456906 ms - Host latency: 0.467364 ms (enqueue 0.158118 ms)
[01/02/2024-22:53:54] [I] Average on 10 runs - GPU latency: 0.453531 ms - Host latency: 0.463657 ms (enqueue 0.163107 ms)
[01/02/2024-22:53:54] [I] Average on 10 runs - GPU latency: 0.453937 ms - Host latency: 0.463818 ms (enqueue 0.157968 ms)
[01/02/2024-22:53:54] [I] Average on 10 runs - GPU latency: 0.44964 ms - Host latency: 0.4599 ms (enqueue 0.151874 ms)
[01/02/2024-22:53:54] [I] Average on 10 runs - GPU latency: 0.451883 ms - Host latency: 0.461881 ms (enqueue 0.165015 ms)
[01/02/2024-22:53:54] [I] Average on 10 runs - GPU latency: 0.44165 ms - Host latency: 0.451593 ms (enqueue 0.176529 ms)
[01/02/2024-22:53:54] [I] Average on 10 runs - GPU latency: 0.438983 ms - Host latency: 0.449612 ms (enqueue 0.150427 ms)
[01/02/2024-22:53:54] [I] Average on 10 runs - GPU latency: 0.428729 ms - Host latency: 0.439038 ms (enqueue 0.165411 ms)
[01/02/2024-22:53:54] [I] Average on 10 runs - GPU latency: 0.454224 ms - Host latency: 0.464075 ms (enqueue 0.190869 ms)
[01/02/2024-22:53:54] [I] Average on 10 runs - GPU latency: 0.429864 ms - Host latency: 0.438947 ms (enqueue 0.15567 ms)
[01/02/2024-22:53:54] [I] Average on 10 runs - GPU latency: 0.437317 ms - Host latency: 0.446649 ms (enqueue 0.147034 ms)
[01/02/2024-22:53:54] [I] Average on 10 runs - GPU latency: 0.433447 ms - Host latency: 0.442737 ms (enqueue 0.14071 ms)
[01/02/2024-22:53:54] [I] Average on 10 runs - GPU latency: 0.439081 ms - Host latency: 0.448816 ms (enqueue 0.133136 ms)
[01/02/2024-22:53:54] [I] Average on 10 runs - GPU latency: 0.434076 ms - Host latency: 0.443427 ms (enqueue 0.139532 ms)
[01/02/2024-22:53:54] [I] Average on 10 runs - GPU latency: 0.410095 ms - Host latency: 0.420099 ms (enqueue 0.13111 ms)
[01/02/2024-22:53:54] [I] Average on 10 runs - GPU latency: 0.397827 ms - Host latency: 0.407733 ms (enqueue 0.127808 ms)
[01/02/2024-22:53:54] [I] Average on 10 runs - GPU latency: 0.456708 ms - Host latency: 0.46687 ms (enqueue 0.212634 ms)
[01/02/2024-22:53:54] [I] Average on 10 runs - GPU latency: 0.518256 ms - Host latency: 0.528949 ms (enqueue 0.378925 ms)
[01/02/2024-22:53:54] [I] Average on 10 runs - GPU latency: 0.525714 ms - Host latency: 0.536072 ms (enqueue 0.384143 ms)
[01/02/2024-22:53:54] [I] Average on 10 runs - GPU latency: 0.524091 ms - Host latency: 0.534491 ms (enqueue 0.376819 ms)
[01/02/2024-22:53:54] [I] Average on 10 runs - GPU latency: 0.556134 ms - Host latency: 0.566345 ms (enqueue 0.413293 ms)
[01/02/2024-22:53:54] [I] Average on 10 runs - GPU latency: 0.534741 ms - Host latency: 0.544763 ms (enqueue 0.381158 ms)
[01/02/2024-22:53:54] [I] Average on 10 runs - GPU latency: 0.448926 ms - Host latency: 0.458459 ms (enqueue 0.290051 ms)
[01/02/2024-22:53:54] [I] Average on 10 runs - GPU latency: 0.422607 ms - Host latency: 0.432074 ms (enqueue 0.196814 ms)
[01/02/2024-22:53:54] [I] Average on 10 runs - GPU latency: 0.424036 ms - Host latency: 0.433673 ms (enqueue 0.178943 ms)
[01/02/2024-22:53:54] [I] Average on 10 runs - GPU latency: 0.43764 ms - Host latency: 0.448083 ms (enqueue 0.171735 ms)
[01/02/2024-22:53:54] [I] Average on 10 runs - GPU latency: 0.44411 ms - Host latency: 0.453949 ms (enqueue 0.162366 ms)
[01/02/2024-22:53:54] [I] Average on 10 runs - GPU latency: 0.427411 ms - Host latency: 0.43772 ms (enqueue 0.131061 ms)
[01/02/2024-22:53:54] [I] Average on 10 runs - GPU latency: 0.454761 ms - Host latency: 0.464954 ms (enqueue 0.142126 ms)
[01/02/2024-22:53:54] [I] Average on 10 runs - GPU latency: 0.430914 ms - Host latency: 0.441266 ms (enqueue 0.141089 ms)
[01/02/2024-22:53:54] [I] Average on 10 runs - GPU latency: 0.448511 ms - Host latency: 0.459583 ms (enqueue 0.141425 ms)
[01/02/2024-22:53:54] [I] Average on 10 runs - GPU latency: 0.43089 ms - Host latency: 0.441217 ms (enqueue 0.121594 ms)
[01/02/2024-22:53:54] [I] Average on 10 runs - GPU latency: 0.434875 ms - Host latency: 0.444995 ms (enqueue 0.126343 ms)
[01/02/2024-22:53:54] [I] Average on 10 runs - GPU latency: 0.440717 ms - Host latency: 0.450885 ms (enqueue 0.121014 ms)
[01/02/2024-22:53:54] [I] Average on 10 runs - GPU latency: 0.433746 ms - Host latency: 0.44408 ms (enqueue 0.123633 ms)
[01/02/2024-22:53:54] [I] Average on 10 runs - GPU latency: 0.433759 ms - Host latency: 0.444226 ms (enqueue 0.139551 ms)
[01/02/2024-22:53:54] [I] Average on 10 runs - GPU latency: 0.455365 ms - Host latency: 0.465985 ms (enqueue 0.128949 ms)
[01/02/2024-22:53:54] [I] Average on 10 runs - GPU latency: 0.431836 ms - Host latency: 0.44198 ms (enqueue 0.129523 ms)
[01/02/2024-22:53:54] [I] Average on 10 runs - GPU latency: 0.426904 ms - Host latency: 0.437311 ms (enqueue 0.127875 ms)
[01/02/2024-22:53:54] [I] Average on 10 runs - GPU latency: 0.456177 ms - Host latency: 0.466187 ms (enqueue 0.15553 ms)
[01/02/2024-22:53:54] [I] Average on 10 runs - GPU latency: 0.441138 ms - Host latency: 0.451257 ms (enqueue 0.126746 ms)
[01/02/2024-22:53:54] [I] Average on 10 runs - GPU latency: 0.433466 ms - Host latency: 0.44295 ms (enqueue 0.12713 ms)
[01/02/2024-22:53:54] [I] Average on 10 runs - GPU latency: 0.438269 ms - Host latency: 0.447974 ms (enqueue 0.197394 ms)
[01/02/2024-22:53:54] [I] Average on 10 runs - GPU latency: 0.433655 ms - Host latency: 0.443744 ms (enqueue 0.203632 ms)
[01/02/2024-22:53:54] [I] Average on 10 runs - GPU latency: 0.438672 ms - Host latency: 0.448083 ms (enqueue 0.18941 ms)
[01/02/2024-22:53:54] [I] Average on 10 runs - GPU latency: 0.446881 ms - Host latency: 0.456165 ms (enqueue 0.183368 ms)
[01/02/2024-22:53:54] [I] Average on 10 runs - GPU latency: 0.452393 ms - Host latency: 0.461633 ms (enqueue 0.207318 ms)
[01/02/2024-22:53:54] [I] Average on 10 runs - GPU latency: 0.442987 ms - Host latency: 0.452362 ms (enqueue 0.240857 ms)
[01/02/2024-22:53:54] [I] Average on 10 runs - GPU latency: 0.466852 ms - Host latency: 0.475983 ms (enqueue 0.251386 ms)
[01/02/2024-22:53:54] [I] Average on 10 runs - GPU latency: 0.450574 ms - Host latency: 0.460272 ms (enqueue 0.188446 ms)
[01/02/2024-22:53:54] [I] Average on 10 runs - GPU latency: 0.448706 ms - Host latency: 0.458734 ms (enqueue 0.212872 ms)
[01/02/2024-22:53:54] [I] Average on 10 runs - GPU latency: 0.450671 ms - Host latency: 0.460138 ms (enqueue 0.236731 ms)
[01/02/2024-22:53:54] [I] Average on 10 runs - GPU latency: 0.459479 ms - Host latency: 0.468866 ms (enqueue 0.196185 ms)
[01/02/2024-22:53:54] [I] Average on 10 runs - GPU latency: 0.460699 ms - Host latency: 0.469739 ms (enqueue 0.200226 ms)
[01/02/2024-22:53:54] [I] Average on 10 runs - GPU latency: 0.440521 ms - Host latency: 0.450104 ms (enqueue 0.159882 ms)
[01/02/2024-22:53:54] [I] Average on 10 runs - GPU latency: 0.43222 ms - Host latency: 0.441528 ms (enqueue 0.170319 ms)
[01/02/2024-22:53:54] [I] Average on 10 runs - GPU latency: 0.43363 ms - Host latency: 0.442999 ms (enqueue 0.159192 ms)
[01/02/2024-22:53:54] [I] Average on 10 runs - GPU latency: 0.44054 ms - Host latency: 0.450543 ms (enqueue 0.185339 ms)
[01/02/2024-22:53:54] [I] Average on 10 runs - GPU latency: 0.433435 ms - Host latency: 0.443353 ms (enqueue 0.168823 ms)
[01/02/2024-22:53:54] [I] Average on 10 runs - GPU latency: 0.433423 ms - Host latency: 0.443823 ms (enqueue 0.155975 ms)
[01/02/2024-22:53:54] [I] Average on 10 runs - GPU latency: 0.441144 ms - Host latency: 0.451202 ms (enqueue 0.165588 ms)
[01/02/2024-22:53:54] [I] Average on 10 runs - GPU latency: 0.449121 ms - Host latency: 0.458978 ms (enqueue 0.200012 ms)
[01/02/2024-22:53:54] [I] Average on 10 runs - GPU latency: 0.44953 ms - Host latency: 0.459619 ms (enqueue 0.157568 ms)
[01/02/2024-22:53:54] [I] Average on 10 runs - GPU latency: 0.448816 ms - Host latency: 0.461121 ms (enqueue 0.189984 ms)
[01/02/2024-22:53:54] [I] Average on 10 runs - GPU latency: 0.448419 ms - Host latency: 0.458881 ms (enqueue 0.199799 ms)
[01/02/2024-22:53:54] [I] Average on 10 runs - GPU latency: 0.447278 ms - Host latency: 0.45871 ms (enqueue 0.190723 ms)
[01/02/2024-22:53:54] [I] Average on 10 runs - GPU latency: 0.518542 ms - Host latency: 0.528564 ms (enqueue 0.297717 ms)
[01/02/2024-22:53:54] [I] Average on 10 runs - GPU latency: 0.609479 ms - Host latency: 0.621783 ms (enqueue 0.444208 ms)
[01/02/2024-22:53:54] [I] Average on 10 runs - GPU latency: 0.604974 ms - Host latency: 0.614612 ms (enqueue 0.45755 ms)
[01/02/2024-22:53:54] [I] Average on 10 runs - GPU latency: 0.564838 ms - Host latency: 0.574133 ms (enqueue 0.421008 ms)
[01/02/2024-22:53:54] [I] Average on 10 runs - GPU latency: 0.558142 ms - Host latency: 0.5677 ms (enqueue 0.4104 ms)
[01/02/2024-22:53:54] [I] Average on 10 runs - GPU latency: 0.573859 ms - Host latency: 0.583398 ms (enqueue 0.425024 ms)
[01/02/2024-22:53:54] [I] Average on 10 runs - GPU latency: 0.549683 ms - Host latency: 0.559485 ms (enqueue 0.40434 ms)
[01/02/2024-22:53:54] [I] Average on 10 runs - GPU latency: 0.430786 ms - Host latency: 0.44071 ms (enqueue 0.191302 ms)
[01/02/2024-22:53:54] [I] Average on 10 runs - GPU latency: 0.422583 ms - Host latency: 0.432599 ms (enqueue 0.188281 ms)
[01/02/2024-22:53:54] [I] Average on 10 runs - GPU latency: 0.453217 ms - Host latency: 0.463562 ms (enqueue 0.211603 ms)
[01/02/2024-22:53:54] [I] Average on 10 runs - GPU latency: 0.460809 ms - Host latency: 0.470746 ms (enqueue 0.192584 ms)
[01/02/2024-22:53:54] [I] Average on 10 runs - GPU latency: 0.453522 ms - Host latency: 0.464209 ms (enqueue 0.212048 ms)
[01/02/2024-22:53:54] [I] Average on 10 runs - GPU latency: 0.452808 ms - Host latency: 0.462372 ms (enqueue 0.203204 ms)
[01/02/2024-22:53:54] [I] Average on 10 runs - GPU latency: 0.438989 ms - Host latency: 0.448743 ms (enqueue 0.188391 ms)
[01/02/2024-22:53:54] [I] Average on 10 runs - GPU latency: 0.445136 ms - Host latency: 0.454498 ms (enqueue 0.200635 ms)
[01/02/2024-22:53:54] [I] Average on 10 runs - GPU latency: 0.451379 ms - Host latency: 0.460803 ms (enqueue 0.196222 ms)
[01/02/2024-22:53:54] [I] Average on 10 runs - GPU latency: 0.444312 ms - Host latency: 0.453729 ms (enqueue 0.20885 ms)
[01/02/2024-22:53:54] [I] Average on 10 runs - GPU latency: 0.449335 ms - Host latency: 0.458807 ms (enqueue 0.238928 ms)
[01/02/2024-22:53:54] [I] Average on 10 runs - GPU latency: 0.442047 ms - Host latency: 0.451379 ms (enqueue 0.198218 ms)
[01/02/2024-22:53:54] [I] Average on 10 runs - GPU latency: 0.440631 ms - Host latency: 0.449841 ms (enqueue 0.213397 ms)
[01/02/2024-22:53:54] [I] Average on 10 runs - GPU latency: 0.4729 ms - Host latency: 0.482489 ms (enqueue 0.199127 ms)
[01/02/2024-22:53:54] [I] Average on 10 runs - GPU latency: 0.436957 ms - Host latency: 0.446191 ms (enqueue 0.176654 ms)
[01/02/2024-22:53:54] [I] Average on 10 runs - GPU latency: 0.474823 ms - Host latency: 0.483899 ms (enqueue 0.184625 ms)
[01/02/2024-22:53:54] [I] Average on 10 runs - GPU latency: 0.437964 ms - Host latency: 0.447522 ms (enqueue 0.192377 ms)
[01/02/2024-22:53:54] [I] Average on 10 runs - GPU latency: 0.425574 ms - Host latency: 0.43501 ms (enqueue 0.180475 ms)
[01/02/2024-22:53:54] [I] Average on 10 runs - GPU latency: 0.420526 ms - Host latency: 0.430182 ms (enqueue 0.157404 ms)
[01/02/2024-22:53:54] [I] Average on 10 runs - GPU latency: 0.414313 ms - Host latency: 0.424695 ms (enqueue 0.177057 ms)
[01/02/2024-22:53:54] [I] Average on 10 runs - GPU latency: 0.433868 ms - Host latency: 0.442987 ms (enqueue 0.201624 ms)
[01/02/2024-22:53:54] [I] Average on 10 runs - GPU latency: 0.440442 ms - Host latency: 0.449976 ms (enqueue 0.217554 ms)
[01/02/2024-22:53:54] [I] Average on 10 runs - GPU latency: 0.439093 ms - Host latency: 0.448712 ms (enqueue 0.181232 ms)
[01/02/2024-22:53:54] [I] Average on 10 runs - GPU latency: 0.438678 ms - Host latency: 0.44798 ms (enqueue 0.195197 ms)
[01/02/2024-22:53:54] [I] Average on 10 runs - GPU latency: 0.441333 ms - Host latency: 0.450458 ms (enqueue 0.152179 ms)
[01/02/2024-22:53:54] [I] Average on 10 runs - GPU latency: 0.45282 ms - Host latency: 0.462738 ms (enqueue 0.147321 ms)
[01/02/2024-22:53:54] [I] Average on 10 runs - GPU latency: 0.441431 ms - Host latency: 0.451398 ms (enqueue 0.169537 ms)
[01/02/2024-22:53:54] [I] Average on 10 runs - GPU latency: 0.441333 ms - Host latency: 0.451892 ms (enqueue 0.15661 ms)
[01/02/2024-22:53:54] [I] Average on 10 runs - GPU latency: 0.429449 ms - Host latency: 0.440051 ms (enqueue 0.153552 ms)
[01/02/2024-22:53:54] [I] Average on 10 runs - GPU latency: 0.429669 ms - Host latency: 0.439801 ms (enqueue 0.14408 ms)
[01/02/2024-22:53:54] [I] Average on 10 runs - GPU latency: 0.425061 ms - Host latency: 0.435333 ms (enqueue 0.146973 ms)
[01/02/2024-22:53:54] [I] Average on 10 runs - GPU latency: 0.442365 ms - Host latency: 0.452252 ms (enqueue 0.164673 ms)
[01/02/2024-22:53:54] [I] Average on 10 runs - GPU latency: 0.442981 ms - Host latency: 0.453229 ms (enqueue 0.155219 ms)
[01/02/2024-22:53:54] [I] Average on 10 runs - GPU latency: 0.44696 ms - Host latency: 0.456641 ms (enqueue 0.164197 ms)
[01/02/2024-22:53:54] [I] Average on 10 runs - GPU latency: 0.462726 ms - Host latency: 0.473499 ms (enqueue 0.164551 ms)
[01/02/2024-22:53:54] [I] Average on 10 runs - GPU latency: 0.442273 ms - Host latency: 0.45238 ms (enqueue 0.232642 ms)
[01/02/2024-22:53:54] [I] Average on 10 runs - GPU latency: 0.413495 ms - Host latency: 0.423444 ms (enqueue 0.167163 ms)
[01/02/2024-22:53:54] [I] Average on 10 runs - GPU latency: 0.406409 ms - Host latency: 0.415607 ms (enqueue 0.165936 ms)
[01/02/2024-22:53:54] [I] Average on 10 runs - GPU latency: 0.415314 ms - Host latency: 0.425134 ms (enqueue 0.148126 ms)
[01/02/2024-22:53:54] [I] Average on 10 runs - GPU latency: 0.43725 ms - Host latency: 0.446716 ms (enqueue 0.200275 ms)
[01/02/2024-22:53:54] [I] Average on 10 runs - GPU latency: 0.440826 ms - Host latency: 0.450555 ms (enqueue 0.179919 ms)
[01/02/2024-22:53:54] [I] Average on 10 runs - GPU latency: 0.453833 ms - Host latency: 0.462909 ms (enqueue 0.190289 ms)
[01/02/2024-22:53:54] [I] Average on 10 runs - GPU latency: 0.432129 ms - Host latency: 0.442047 ms (enqueue 0.177594 ms)
[01/02/2024-22:53:54] [I] Average on 10 runs - GPU latency: 0.431915 ms - Host latency: 0.441998 ms (enqueue 0.176691 ms)
[01/02/2024-22:53:54] [I] Average on 10 runs - GPU latency: 0.434381 ms - Host latency: 0.444891 ms (enqueue 0.183032 ms)
[01/02/2024-22:53:54] [I] Average on 10 runs - GPU latency: 0.431213 ms - Host latency: 0.441492 ms (enqueue 0.180713 ms)
[01/02/2024-22:53:54] [I] Average on 10 runs - GPU latency: 0.455981 ms - Host latency: 0.465833 ms (enqueue 0.188037 ms)
[01/02/2024-22:53:54] [I] Average on 10 runs - GPU latency: 0.448804 ms - Host latency: 0.459387 ms (enqueue 0.204797 ms)
[01/02/2024-22:53:54] [I] Average on 10 runs - GPU latency: 0.451172 ms - Host latency: 0.461328 ms (enqueue 0.201721 ms)
[01/02/2024-22:53:54] [I] Average on 10 runs - GPU latency: 0.453735 ms - Host latency: 0.464612 ms (enqueue 0.160278 ms)
[01/02/2024-22:53:54] [I] Average on 10 runs - GPU latency: 0.496631 ms - Host latency: 0.506811 ms (enqueue 0.194189 ms)
[01/02/2024-22:53:54] [I] Average on 10 runs - GPU latency: 0.51958 ms - Host latency: 0.529944 ms (enqueue 0.237915 ms)
[01/02/2024-22:53:54] [I] Average on 10 runs - GPU latency: 0.601843 ms - Host latency: 0.611902 ms (enqueue 0.448145 ms)
[01/02/2024-22:53:54] [I] Average on 10 runs - GPU latency: 0.600659 ms - Host latency: 0.610632 ms (enqueue 0.446704 ms)
[01/02/2024-22:53:54] [I] Average on 10 runs - GPU latency: 0.771582 ms - Host latency: 0.781824 ms (enqueue 0.60874 ms)
[01/02/2024-22:53:54] [I] Average on 10 runs - GPU latency: 0.635278 ms - Host latency: 0.64502 ms (enqueue 0.490015 ms)
[01/02/2024-22:53:54] [I] Average on 10 runs - GPU latency: 0.420764 ms - Host latency: 0.430371 ms (enqueue 0.199573 ms)
[01/02/2024-22:53:54] [I] Average on 10 runs - GPU latency: 0.407031 ms - Host latency: 0.416064 ms (enqueue 0.1505 ms)
[01/02/2024-22:53:54] [I] Average on 10 runs - GPU latency: 0.446057 ms - Host latency: 0.455859 ms (enqueue 0.179211 ms)
[01/02/2024-22:53:54] [I] Average on 10 runs - GPU latency: 0.586023 ms - Host latency: 0.595239 ms (enqueue 0.367065 ms)
[01/02/2024-22:53:54] [I] Average on 10 runs - GPU latency: 0.453027 ms - Host latency: 0.46261 ms (enqueue 0.220801 ms)
[01/02/2024-22:53:54] [I] Average on 10 runs - GPU latency: 0.445056 ms - Host latency: 0.454456 ms (enqueue 0.215723 ms)
[01/02/2024-22:53:54] [I] Average on 10 runs - GPU latency: 0.455676 ms - Host latency: 0.46521 ms (enqueue 0.189307 ms)
[01/02/2024-22:53:54] [I] Average on 10 runs - GPU latency: 0.441736 ms - Host latency: 0.451184 ms (enqueue 0.222815 ms)
[01/02/2024-22:53:54] [I] Average on 10 runs - GPU latency: 0.419019 ms - Host latency: 0.428357 ms (enqueue 0.150366 ms)
[01/02/2024-22:53:54] [I] Average on 10 runs - GPU latency: 0.42179 ms - Host latency: 0.43125 ms (enqueue 0.168677 ms)
[01/02/2024-22:53:54] [I] Average on 10 runs - GPU latency: 0.410474 ms - Host latency: 0.419604 ms (enqueue 0.147314 ms)
[01/02/2024-22:53:54] [I] Average on 10 runs - GPU latency: 0.420996 ms - Host latency: 0.430505 ms (enqueue 0.186194 ms)
[01/02/2024-22:53:54] [I] Average on 10 runs - GPU latency: 0.418481 ms - Host latency: 0.428394 ms (enqueue 0.144775 ms)
[01/02/2024-22:53:54] [I] Average on 10 runs - GPU latency: 0.412976 ms - Host latency: 0.422791 ms (enqueue 0.148633 ms)
[01/02/2024-22:53:54] [I] Average on 10 runs - GPU latency: 0.435828 ms - Host latency: 0.446069 ms (enqueue 0.176599 ms)
[01/02/2024-22:53:54] [I] Average on 10 runs - GPU latency: 0.420593 ms - Host latency: 0.430676 ms (enqueue 0.156921 ms)
[01/02/2024-22:53:54] [I] Average on 10 runs - GPU latency: 0.425989 ms - Host latency: 0.43606 ms (enqueue 0.155701 ms)
[01/02/2024-22:53:54] [I] Average on 10 runs - GPU latency: 0.423523 ms - Host latency: 0.434094 ms (enqueue 0.149451 ms)
[01/02/2024-22:53:54] [I] Average on 10 runs - GPU latency: 0.419629 ms - Host latency: 0.429663 ms (enqueue 0.154639 ms)
[01/02/2024-22:53:54] [I] Average on 10 runs - GPU latency: 0.433228 ms - Host latency: 0.443506 ms (enqueue 0.233521 ms)
[01/02/2024-22:53:54] [I] Average on 10 runs - GPU latency: 0.487537 ms - Host latency: 0.496582 ms (enqueue 0.254529 ms)
[01/02/2024-22:53:54] [I] Average on 10 runs - GPU latency: 0.47832 ms - Host latency: 0.487646 ms (enqueue 0.285486 ms)
[01/02/2024-22:53:54] [I] Average on 10 runs - GPU latency: 0.451782 ms - Host latency: 0.461255 ms (enqueue 0.222705 ms)
[01/02/2024-22:53:54] [I] Average on 10 runs - GPU latency: 0.432434 ms - Host latency: 0.441968 ms (enqueue 0.170837 ms)
[01/02/2024-22:53:54] [I] Average on 10 runs - GPU latency: 0.438672 ms - Host latency: 0.448425 ms (enqueue 0.181396 ms)
[01/02/2024-22:53:54] [I] Average on 10 runs - GPU latency: 0.440125 ms - Host latency: 0.449585 ms (enqueue 0.156995 ms)
[01/02/2024-22:53:54] [I] Average on 10 runs - GPU latency: 0.434668 ms - Host latency: 0.444788 ms (enqueue 0.144019 ms)
[01/02/2024-22:53:54] [I] Average on 10 runs - GPU latency: 0.449121 ms - Host latency: 0.459741 ms (enqueue 0.169458 ms)
[01/02/2024-22:53:54] [I] Average on 10 runs - GPU latency: 0.433972 ms - Host latency: 0.444348 ms (enqueue 0.141919 ms)
[01/02/2024-22:53:54] [I] Average on 10 runs - GPU latency: 0.471143 ms - Host latency: 0.482483 ms (enqueue 0.215796 ms)
[01/02/2024-22:53:54] [I] Average on 10 runs - GPU latency: 0.420459 ms - Host latency: 0.43031 ms (enqueue 0.176477 ms)
[01/02/2024-22:53:54] [I] Average on 10 runs - GPU latency: 0.420667 ms - Host latency: 0.430127 ms (enqueue 0.140649 ms)
[01/02/2024-22:53:54] [I] Average on 10 runs - GPU latency: 0.421497 ms - Host latency: 0.433655 ms (enqueue 0.160632 ms)
[01/02/2024-22:53:54] [I] Average on 10 runs - GPU latency: 0.443091 ms - Host latency: 0.453418 ms (enqueue 0.183862 ms)
[01/02/2024-22:53:54] [I] Average on 10 runs - GPU latency: 0.42002 ms - Host latency: 0.430103 ms (enqueue 0.151807 ms)
[01/02/2024-22:53:54] [I] Average on 10 runs - GPU latency: 0.415015 ms - Host latency: 0.425085 ms (enqueue 0.156982 ms)
[01/02/2024-22:53:54] [I] Average on 10 runs - GPU latency: 0.407739 ms - Host latency: 0.417419 ms (enqueue 0.151221 ms)
[01/02/2024-22:53:54] [I] Average on 10 runs - GPU latency: 0.424036 ms - Host latency: 0.433911 ms (enqueue 0.184851 ms)
[01/02/2024-22:53:54] [I] Average on 10 runs - GPU latency: 0.408362 ms - Host latency: 0.418005 ms (enqueue 0.157336 ms)
[01/02/2024-22:53:54] [I] Average on 10 runs - GPU latency: 0.408667 ms - Host latency: 0.417944 ms (enqueue 0.141272 ms)
[01/02/2024-22:53:54] [I] Average on 10 runs - GPU latency: 0.401404 ms - Host latency: 0.410974 ms (enqueue 0.140271 ms)
[01/02/2024-22:53:54] [I] Average on 10 runs - GPU latency: 0.4099 ms - Host latency: 0.419897 ms (enqueue 0.162732 ms)
[01/02/2024-22:53:54] [I] Average on 10 runs - GPU latency: 0.40603 ms - Host latency: 0.416333 ms (enqueue 0.143286 ms)
[01/02/2024-22:53:54] [I] Average on 10 runs - GPU latency: 0.410498 ms - Host latency: 0.42052 ms (enqueue 0.142896 ms)
[01/02/2024-22:53:54] [I] Average on 10 runs - GPU latency: 0.452197 ms - Host latency: 0.46189 ms (enqueue 0.187781 ms)
[01/02/2024-22:53:54] [I] Average on 10 runs - GPU latency: 0.437549 ms - Host latency: 0.44762 ms (enqueue 0.173267 ms)
[01/02/2024-22:53:54] [I] Average on 10 runs - GPU latency: 0.423633 ms - Host latency: 0.434082 ms (enqueue 0.186804 ms)
[01/02/2024-22:53:54] [I] Average on 10 runs - GPU latency: 0.424646 ms - Host latency: 0.435132 ms (enqueue 0.179456 ms)
[01/02/2024-22:53:54] [I] Average on 10 runs - GPU latency: 0.424133 ms - Host latency: 0.434204 ms (enqueue 0.18219 ms)
[01/02/2024-22:53:54] [I] Average on 10 runs - GPU latency: 0.405994 ms - Host latency: 0.416455 ms (enqueue 0.144824 ms)
[01/02/2024-22:53:54] [I] Average on 10 runs - GPU latency: 0.411951 ms - Host latency: 0.42229 ms (enqueue 0.140112 ms)
[01/02/2024-22:53:54] [I] Average on 10 runs - GPU latency: 0.407043 ms - Host latency: 0.41748 ms (enqueue 0.136584 ms)
[01/02/2024-22:53:54] [I] Average on 10 runs - GPU latency: 0.434985 ms - Host latency: 0.445471 ms (enqueue 0.195667 ms)
[01/02/2024-22:53:54] [I] Average on 10 runs - GPU latency: 0.442664 ms - Host latency: 0.452014 ms (enqueue 0.245703 ms)
[01/02/2024-22:53:54] [I] Average on 10 runs - GPU latency: 0.420459 ms - Host latency: 0.430041 ms (enqueue 0.190845 ms)
[01/02/2024-22:53:54] [I] Average on 10 runs - GPU latency: 0.418616 ms - Host latency: 0.428015 ms (enqueue 0.197302 ms)
[01/02/2024-22:53:54] [I] Average on 10 runs - GPU latency: 0.414209 ms - Host latency: 0.423474 ms (enqueue 0.183923 ms)
[01/02/2024-22:53:54] [I] Average on 10 runs - GPU latency: 0.42323 ms - Host latency: 0.432751 ms (enqueue 0.19071 ms)
[01/02/2024-22:53:54] [I] Average on 10 runs - GPU latency: 0.408972 ms - Host latency: 0.419214 ms (enqueue 0.140515 ms)
[01/02/2024-22:53:54] [I] Average on 10 runs - GPU latency: 0.41615 ms - Host latency: 0.426392 ms (enqueue 0.138599 ms)
[01/02/2024-22:53:54] [I] Average on 10 runs - GPU latency: 0.411035 ms - Host latency: 0.421777 ms (enqueue 0.152344 ms)
[01/02/2024-22:53:54] [I] Average on 10 runs - GPU latency: 0.411768 ms - Host latency: 0.423108 ms (enqueue 0.143982 ms)
[01/02/2024-22:53:54] [I] Average on 10 runs - GPU latency: 0.413989 ms - Host latency: 0.424048 ms (enqueue 0.14635 ms)
[01/02/2024-22:53:54] [I] Average on 10 runs - GPU latency: 0.409412 ms - Host latency: 0.421191 ms (enqueue 0.139197 ms)
[01/02/2024-22:53:54] [I] Average on 10 runs - GPU latency: 0.405481 ms - Host latency: 0.415576 ms (enqueue 0.138611 ms)
[01/02/2024-22:53:54] [I] Average on 10 runs - GPU latency: 0.410632 ms - Host latency: 0.420911 ms (enqueue 0.144861 ms)
[01/02/2024-22:53:54] [I] Average on 10 runs - GPU latency: 0.408447 ms - Host latency: 0.418665 ms (enqueue 0.136121 ms)
[01/02/2024-22:53:54] [I] Average on 10 runs - GPU latency: 0.403748 ms - Host latency: 0.414111 ms (enqueue 0.135461 ms)
[01/02/2024-22:53:54] [I] Average on 10 runs - GPU latency: 0.408984 ms - Host latency: 0.41897 ms (enqueue 0.139319 ms)
[01/02/2024-22:53:54] [I] Average on 10 runs - GPU latency: 0.430591 ms - Host latency: 0.441138 ms (enqueue 0.163562 ms)
[01/02/2024-22:53:54] [I] Average on 10 runs - GPU latency: 0.424939 ms - Host latency: 0.434985 ms (enqueue 0.18573 ms)
[01/02/2024-22:53:54] [I] Average on 10 runs - GPU latency: 0.425659 ms - Host latency: 0.435193 ms (enqueue 0.134387 ms)
[01/02/2024-22:53:54] [I] Average on 10 runs - GPU latency: 0.40437 ms - Host latency: 0.413818 ms (enqueue 0.131531 ms)
[01/02/2024-22:53:54] [I] Average on 10 runs - GPU latency: 0.408264 ms - Host latency: 0.418616 ms (enqueue 0.146472 ms)
[01/02/2024-22:53:54] [I] Average on 10 runs - GPU latency: 0.418176 ms - Host latency: 0.427454 ms (enqueue 0.148828 ms)
[01/02/2024-22:53:54] [I] Average on 10 runs - GPU latency: 0.41167 ms - Host latency: 0.421228 ms (enqueue 0.146558 ms)
[01/02/2024-22:53:54] [I] Average on 10 runs - GPU latency: 0.410107 ms - Host latency: 0.420544 ms (enqueue 0.143774 ms)
[01/02/2024-22:53:54] [I] Average on 10 runs - GPU latency: 0.41759 ms - Host latency: 0.427747 ms (enqueue 0.163135 ms)
[01/02/2024-22:53:54] [I] Average on 10 runs - GPU latency: 0.422009 ms - Host latency: 0.43291 ms (enqueue 0.156494 ms)
[01/02/2024-22:53:54] [I] Average on 10 runs - GPU latency: 0.408276 ms - Host latency: 0.418787 ms (enqueue 0.164844 ms)
[01/02/2024-22:53:54] [I] Average on 10 runs - GPU latency: 0.415137 ms - Host latency: 0.425122 ms (enqueue 0.160217 ms)
[01/02/2024-22:53:54] [I] Average on 10 runs - GPU latency: 0.41145 ms - Host latency: 0.42124 ms (enqueue 0.158606 ms)
[01/02/2024-22:53:54] [I] Average on 10 runs - GPU latency: 0.413916 ms - Host latency: 0.423682 ms (enqueue 0.155774 ms)
[01/02/2024-22:53:54] [I] Average on 10 runs - GPU latency: 0.440088 ms - Host latency: 0.450293 ms (enqueue 0.154846 ms)
[01/02/2024-22:53:54] [I] Average on 10 runs - GPU latency: 0.422998 ms - Host latency: 0.433008 ms (enqueue 0.191016 ms)
[01/02/2024-22:53:54] [I] Average on 10 runs - GPU latency: 0.411047 ms - Host latency: 0.420508 ms (enqueue 0.156348 ms)
[01/02/2024-22:53:54] [I] Average on 10 runs - GPU latency: 0.429346 ms - Host latency: 0.43916 ms (enqueue 0.232397 ms)
[01/02/2024-22:53:54] [I] Average on 10 runs - GPU latency: 0.473083 ms - Host latency: 0.483813 ms (enqueue 0.309778 ms)
[01/02/2024-22:53:54] [I] Average on 10 runs - GPU latency: 0.442786 ms - Host latency: 0.452588 ms (enqueue 0.217261 ms)
[01/02/2024-22:53:54] [I] Average on 10 runs - GPU latency: 0.445984 ms - Host latency: 0.456689 ms (enqueue 0.224866 ms)
[01/02/2024-22:53:54] [I] Average on 10 runs - GPU latency: 0.54519 ms - Host latency: 0.554407 ms (enqueue 0.332751 ms)
[01/02/2024-22:53:54] [I] Average on 10 runs - GPU latency: 0.602026 ms - Host latency: 0.611609 ms (enqueue 0.494897 ms)
[01/02/2024-22:53:54] [I] Average on 10 runs - GPU latency: 0.573938 ms - Host latency: 0.583838 ms (enqueue 0.452319 ms)
[01/02/2024-22:53:54] [I] Average on 10 runs - GPU latency: 0.559192 ms - Host latency: 0.570129 ms (enqueue 0.413171 ms)
[01/02/2024-22:53:54] [I] Average on 10 runs - GPU latency: 0.540149 ms - Host latency: 0.549805 ms (enqueue 0.39939 ms)
[01/02/2024-22:53:54] [I] Average on 10 runs - GPU latency: 0.447681 ms - Host latency: 0.457068 ms (enqueue 0.230237 ms)
[01/02/2024-22:53:54] [I] Average on 10 runs - GPU latency: 0.412756 ms - Host latency: 0.422131 ms (enqueue 0.145081 ms)
[01/02/2024-22:53:54] [I] Average on 10 runs - GPU latency: 0.423303 ms - Host latency: 0.433411 ms (enqueue 0.209827 ms)
[01/02/2024-22:53:54] [I] Average on 10 runs - GPU latency: 0.413806 ms - Host latency: 0.423083 ms (enqueue 0.144458 ms)
[01/02/2024-22:53:54] [I] Average on 10 runs - GPU latency: 0.422192 ms - Host latency: 0.431836 ms (enqueue 0.162463 ms)
[01/02/2024-22:53:54] [I] Average on 10 runs - GPU latency: 0.424438 ms - Host latency: 0.433923 ms (enqueue 0.177258 ms)
[01/02/2024-22:53:54] [I] Average on 10 runs - GPU latency: 0.425659 ms - Host latency: 0.436145 ms (enqueue 0.190662 ms)
[01/02/2024-22:53:54] [I] Average on 10 runs - GPU latency: 0.436914 ms - Host latency: 0.447815 ms (enqueue 0.180029 ms)
[01/02/2024-22:53:54] [I] Average on 10 runs - GPU latency: 0.424109 ms - Host latency: 0.434045 ms (enqueue 0.156909 ms)
[01/02/2024-22:53:54] [I] Average on 10 runs - GPU latency: 0.418811 ms - Host latency: 0.42843 ms (enqueue 0.181299 ms)
[01/02/2024-22:53:54] [I] Average on 10 runs - GPU latency: 0.408154 ms - Host latency: 0.41731 ms (enqueue 0.162646 ms)
[01/02/2024-22:53:54] [I] Average on 10 runs - GPU latency: 0.415894 ms - Host latency: 0.425488 ms (enqueue 0.152332 ms)
[01/02/2024-22:53:54] [I] Average on 10 runs - GPU latency: 0.424023 ms - Host latency: 0.434082 ms (enqueue 0.194238 ms)
[01/02/2024-22:53:54] [I] Average on 10 runs - GPU latency: 0.447339 ms - Host latency: 0.45636 ms (enqueue 0.216394 ms)
[01/02/2024-22:53:54] [I] Average on 10 runs - GPU latency: 0.433752 ms - Host latency: 0.44325 ms (enqueue 0.19917 ms)
[01/02/2024-22:53:54] [I] Average on 10 runs - GPU latency: 0.42876 ms - Host latency: 0.438037 ms (enqueue 0.200232 ms)
[01/02/2024-22:53:54] [I] Average on 10 runs - GPU latency: 0.452405 ms - Host latency: 0.462 ms (enqueue 0.243628 ms)
[01/02/2024-22:53:54] [I] Average on 10 runs - GPU latency: 0.409302 ms - Host latency: 0.418445 ms (enqueue 0.149463 ms)
[01/02/2024-22:53:54] [I] Average on 10 runs - GPU latency: 0.406616 ms - Host latency: 0.41593 ms (enqueue 0.158484 ms)
[01/02/2024-22:53:54] [I] Average on 10 runs - GPU latency: 0.412646 ms - Host latency: 0.422839 ms (enqueue 0.157874 ms)
[01/02/2024-22:53:54] [I] Average on 10 runs - GPU latency: 0.413403 ms - Host latency: 0.423596 ms (enqueue 0.153845 ms)
[01/02/2024-22:53:54] [I] Average on 10 runs - GPU latency: 0.403052 ms - Host latency: 0.413489 ms (enqueue 0.16123 ms)
[01/02/2024-22:53:54] [I] Average on 10 runs - GPU latency: 0.412903 ms - Host latency: 0.42323 ms (enqueue 0.159912 ms)
[01/02/2024-22:53:54] [I] Average on 10 runs - GPU latency: 0.510437 ms - Host latency: 0.520312 ms (enqueue 0.309998 ms)
[01/02/2024-22:53:54] [I] Average on 10 runs - GPU latency: 0.557153 ms - Host latency: 0.566492 ms (enqueue 0.39032 ms)
[01/02/2024-22:53:54] [I] Average on 10 runs - GPU latency: 0.415625 ms - Host latency: 0.424988 ms (enqueue 0.166846 ms)
[01/02/2024-22:53:54] [I] Average on 10 runs - GPU latency: 0.415222 ms - Host latency: 0.425049 ms (enqueue 0.150305 ms)
[01/02/2024-22:53:54] [I] Average on 10 runs - GPU latency: 0.415234 ms - Host latency: 0.425195 ms (enqueue 0.159888 ms)
[01/02/2024-22:53:54] [I] Average on 10 runs - GPU latency: 0.416882 ms - Host latency: 0.427502 ms (enqueue 0.150122 ms)
[01/02/2024-22:53:54] [I] Average on 10 runs - GPU latency: 0.412451 ms - Host latency: 0.422961 ms (enqueue 0.162378 ms)
[01/02/2024-22:53:54] [I] Average on 10 runs - GPU latency: 0.408569 ms - Host latency: 0.418787 ms (enqueue 0.14906 ms)
[01/02/2024-22:53:54] [I] Average on 10 runs - GPU latency: 0.461182 ms - Host latency: 0.471533 ms (enqueue 0.199304 ms)
[01/02/2024-22:53:54] [I] Average on 10 runs - GPU latency: 0.556738 ms - Host latency: 0.567102 ms (enqueue 0.409949 ms)
[01/02/2024-22:53:54] [I] Average on 10 runs - GPU latency: 0.54281 ms - Host latency: 0.553369 ms (enqueue 0.408496 ms)
[01/02/2024-22:53:54] [I] Average on 10 runs - GPU latency: 0.552356 ms - Host latency: 0.562927 ms (enqueue 0.395349 ms)
[01/02/2024-22:53:54] [I] Average on 10 runs - GPU latency: 0.71095 ms - Host latency: 0.720654 ms (enqueue 0.586707 ms)
[01/02/2024-22:53:54] [I] Average on 10 runs - GPU latency: 0.489673 ms - Host latency: 0.499243 ms (enqueue 0.324536 ms)
[01/02/2024-22:53:54] [I] Average on 10 runs - GPU latency: 0.413 ms - Host latency: 0.422705 ms (enqueue 0.16156 ms)
[01/02/2024-22:53:54] [I] Average on 10 runs - GPU latency: 0.409705 ms - Host latency: 0.418945 ms (enqueue 0.151575 ms)
[01/02/2024-22:53:54] [I] Average on 10 runs - GPU latency: 0.408179 ms - Host latency: 0.417297 ms (enqueue 0.15957 ms)
[01/02/2024-22:53:54] [I] Average on 10 runs - GPU latency: 0.418799 ms - Host latency: 0.427649 ms (enqueue 0.151196 ms)
[01/02/2024-22:53:54] [I] Average on 10 runs - GPU latency: 0.414075 ms - Host latency: 0.423657 ms (enqueue 0.164868 ms)
[01/02/2024-22:53:54] [I] Average on 10 runs - GPU latency: 0.426819 ms - Host latency: 0.437769 ms (enqueue 0.163696 ms)
[01/02/2024-22:53:54] [I] Average on 10 runs - GPU latency: 0.413184 ms - Host latency: 0.423291 ms (enqueue 0.15614 ms)
[01/02/2024-22:53:54] [I] Average on 10 runs - GPU latency: 0.410718 ms - Host latency: 0.421753 ms (enqueue 0.150549 ms)
[01/02/2024-22:53:54] [I] Average on 10 runs - GPU latency: 0.410742 ms - Host latency: 0.421216 ms (enqueue 0.153357 ms)
[01/02/2024-22:53:54] [I] Average on 10 runs - GPU latency: 0.454651 ms - Host latency: 0.464417 ms (enqueue 0.26228 ms)
[01/02/2024-22:53:54] [I] Average on 10 runs - GPU latency: 0.448413 ms - Host latency: 0.457678 ms (enqueue 0.232275 ms)
[01/02/2024-22:53:54] [I] Average on 10 runs - GPU latency: 0.428552 ms - Host latency: 0.438001 ms (enqueue 0.216138 ms)
[01/02/2024-22:53:54] [I] Average on 10 runs - GPU latency: 0.434778 ms - Host latency: 0.444458 ms (enqueue 0.202869 ms)
[01/02/2024-22:53:54] [I] Average on 10 runs - GPU latency: 0.549573 ms - Host latency: 0.559192 ms (enqueue 0.311609 ms)
[01/02/2024-22:53:54] [I] Average on 10 runs - GPU latency: 0.658215 ms - Host latency: 0.667249 ms (enqueue 0.550952 ms)
[01/02/2024-22:53:54] [I] Average on 10 runs - GPU latency: 0.590393 ms - Host latency: 0.600159 ms (enqueue 0.448694 ms)
[01/02/2024-22:53:54] [I] Average on 10 runs - GPU latency: 0.506384 ms - Host latency: 0.51582 ms (enqueue 0.329736 ms)
[01/02/2024-22:53:54] [I] Average on 10 runs - GPU latency: 0.420764 ms - Host latency: 0.430359 ms (enqueue 0.198779 ms)
[01/02/2024-22:53:54] [I] Average on 10 runs - GPU latency: 0.43103 ms - Host latency: 0.440784 ms (enqueue 0.222119 ms)
[01/02/2024-22:53:54] [I] Average on 10 runs - GPU latency: 0.462146 ms - Host latency: 0.471484 ms (enqueue 0.267773 ms)
[01/02/2024-22:53:54] [I] Average on 10 runs - GPU latency: 0.441235 ms - Host latency: 0.45199 ms (enqueue 0.264746 ms)
[01/02/2024-22:53:54] [I] Average on 10 runs - GPU latency: 0.4271 ms - Host latency: 0.436768 ms (enqueue 0.174646 ms)
[01/02/2024-22:53:54] [I] Average on 10 runs - GPU latency: 0.424438 ms - Host latency: 0.434192 ms (enqueue 0.207983 ms)
[01/02/2024-22:53:54] [I] Average on 10 runs - GPU latency: 0.436353 ms - Host latency: 0.446301 ms (enqueue 0.207104 ms)
[01/02/2024-22:53:54] [I] Average on 10 runs - GPU latency: 0.425269 ms - Host latency: 0.43446 ms (enqueue 0.206067 ms)
[01/02/2024-22:53:54] [I] Average on 10 runs - GPU latency: 0.433582 ms - Host latency: 0.443066 ms (enqueue 0.197266 ms)
[01/02/2024-22:53:54] [I] Average on 10 runs - GPU latency: 0.432239 ms - Host latency: 0.442102 ms (enqueue 0.227686 ms)
[01/02/2024-22:53:54] [I] Average on 10 runs - GPU latency: 0.429565 ms - Host latency: 0.439246 ms (enqueue 0.184741 ms)
[01/02/2024-22:53:54] [I] Average on 10 runs - GPU latency: 0.425146 ms - Host latency: 0.434595 ms (enqueue 0.164563 ms)
[01/02/2024-22:53:54] [I] Average on 10 runs - GPU latency: 0.418726 ms - Host latency: 0.428271 ms (enqueue 0.159387 ms)
[01/02/2024-22:53:54] [I] Average on 10 runs - GPU latency: 0.41012 ms - Host latency: 0.419934 ms (enqueue 0.155457 ms)
[01/02/2024-22:53:54] [I] Average on 10 runs - GPU latency: 0.40968 ms - Host latency: 0.419067 ms (enqueue 0.152148 ms)
[01/02/2024-22:53:54] [I] Average on 10 runs - GPU latency: 0.412537 ms - Host latency: 0.422473 ms (enqueue 0.144666 ms)
[01/02/2024-22:53:54] [I] Average on 10 runs - GPU latency: 0.428857 ms - Host latency: 0.438989 ms (enqueue 0.227148 ms)
[01/02/2024-22:53:54] [I] Average on 10 runs - GPU latency: 0.413391 ms - Host latency: 0.423547 ms (enqueue 0.153662 ms)
[01/02/2024-22:53:54] [I] Average on 10 runs - GPU latency: 0.410413 ms - Host latency: 0.42063 ms (enqueue 0.168372 ms)
[01/02/2024-22:53:54] [I] Average on 10 runs - GPU latency: 0.410437 ms - Host latency: 0.420837 ms (enqueue 0.152844 ms)
[01/02/2024-22:53:54] [I] Average on 10 runs - GPU latency: 0.411023 ms - Host latency: 0.421338 ms (enqueue 0.158765 ms)
[01/02/2024-22:53:54] [I] Average on 10 runs - GPU latency: 0.408765 ms - Host latency: 0.41864 ms (enqueue 0.150049 ms)
[01/02/2024-22:53:54] [I] Average on 10 runs - GPU latency: 0.408191 ms - Host latency: 0.418628 ms (enqueue 0.1552 ms)
[01/02/2024-22:53:54] [I] Average on 10 runs - GPU latency: 0.406226 ms - Host latency: 0.416382 ms (enqueue 0.14718 ms)
[01/02/2024-22:53:54] [I] Average on 10 runs - GPU latency: 0.415125 ms - Host latency: 0.424963 ms (enqueue 0.159448 ms)
[01/02/2024-22:53:54] [I] Average on 10 runs - GPU latency: 0.420447 ms - Host latency: 0.430115 ms (enqueue 0.151135 ms)
[01/02/2024-22:53:54] [I] Average on 10 runs - GPU latency: 0.423132 ms - Host latency: 0.43241 ms (enqueue 0.169031 ms)
[01/02/2024-22:53:54] [I] Average on 10 runs - GPU latency: 0.419006 ms - Host latency: 0.428479 ms (enqueue 0.160876 ms)
[01/02/2024-22:53:54] [I] Average on 10 runs - GPU latency: 0.41604 ms - Host latency: 0.425989 ms (enqueue 0.153918 ms)
[01/02/2024-22:53:54] [I] Average on 10 runs - GPU latency: 0.426794 ms - Host latency: 0.436169 ms (enqueue 0.171265 ms)
[01/02/2024-22:53:54] [I] Average on 10 runs - GPU latency: 0.430164 ms - Host latency: 0.451147 ms (enqueue 0.166211 ms)
[01/02/2024-22:53:54] [I] Average on 10 runs - GPU latency: 0.439514 ms - Host latency: 0.448364 ms (enqueue 0.15697 ms)
[01/02/2024-22:53:54] [I] Average on 10 runs - GPU latency: 0.446765 ms - Host latency: 0.455994 ms (enqueue 0.188293 ms)
[01/02/2024-22:53:54] [I] Average on 10 runs - GPU latency: 0.452515 ms - Host latency: 0.462158 ms (enqueue 0.169617 ms)
[01/02/2024-22:53:54] [I] Average on 10 runs - GPU latency: 0.457532 ms - Host latency: 0.467163 ms (enqueue 0.172961 ms)
[01/02/2024-22:53:54] [I] Average on 10 runs - GPU latency: 0.430554 ms - Host latency: 0.440588 ms (enqueue 0.180969 ms)
[01/02/2024-22:53:54] [I] Average on 10 runs - GPU latency: 0.471155 ms - Host latency: 0.480872 ms (enqueue 0.229187 ms)
[01/02/2024-22:53:54] [I] Average on 10 runs - GPU latency: 0.594617 ms - Host latency: 0.603967 ms (enqueue 0.467786 ms)
[01/02/2024-22:53:54] [I] Average on 10 runs - GPU latency: 0.571912 ms - Host latency: 0.581018 ms (enqueue 0.450073 ms)
[01/02/2024-22:53:54] [I] Average on 10 runs - GPU latency: 0.558679 ms - Host latency: 0.567932 ms (enqueue 0.430286 ms)
[01/02/2024-22:53:54] [I] Average on 10 runs - GPU latency: 0.524878 ms - Host latency: 0.534302 ms (enqueue 0.355664 ms)
[01/02/2024-22:53:54] [I] Average on 10 runs - GPU latency: 0.528381 ms - Host latency: 0.537659 ms (enqueue 0.691089 ms)
[01/02/2024-22:53:54] [I] Average on 10 runs - GPU latency: 0.466113 ms - Host latency: 0.475964 ms (enqueue 0.253772 ms)
[01/02/2024-22:53:54] [I] Average on 10 runs - GPU latency: 0.452307 ms - Host latency: 0.461731 ms (enqueue 0.210266 ms)
[01/02/2024-22:53:54] [I] Average on 10 runs - GPU latency: 0.451184 ms - Host latency: 0.460999 ms (enqueue 0.21228 ms)
[01/02/2024-22:53:54] [I] Average on 10 runs - GPU latency: 0.454211 ms - Host latency: 0.46427 ms (enqueue 0.23197 ms)
[01/02/2024-22:53:54] [I] Average on 10 runs - GPU latency: 0.452283 ms - Host latency: 0.461633 ms (enqueue 0.199353 ms)
[01/02/2024-22:53:54] [I] Average on 10 runs - GPU latency: 0.45658 ms - Host latency: 0.46637 ms (enqueue 0.255835 ms)
[01/02/2024-22:53:54] [I] Average on 10 runs - GPU latency: 0.479407 ms - Host latency: 0.489233 ms (enqueue 0.273633 ms)
[01/02/2024-22:53:54] [I] Average on 10 runs - GPU latency: 0.533752 ms - Host latency: 0.543079 ms (enqueue 0.637024 ms)
[01/02/2024-22:53:54] [I] Average on 10 runs - GPU latency: 0.457507 ms - Host latency: 0.46731 ms (enqueue 0.287781 ms)
[01/02/2024-22:53:54] [I] Average on 10 runs - GPU latency: 0.44729 ms - Host latency: 0.457214 ms (enqueue 0.274426 ms)
[01/02/2024-22:53:54] [I] Average on 10 runs - GPU latency: 0.437952 ms - Host latency: 0.447534 ms (enqueue 0.198962 ms)
[01/02/2024-22:53:54] [I] Average on 10 runs - GPU latency: 0.435718 ms - Host latency: 0.444873 ms (enqueue 0.196948 ms)
[01/02/2024-22:53:54] [I] Average on 10 runs - GPU latency: 0.431494 ms - Host latency: 0.440918 ms (enqueue 0.173914 ms)
[01/02/2024-22:53:54] [I] Average on 10 runs - GPU latency: 0.744434 ms - Host latency: 0.753357 ms (enqueue 1.12554 ms)
[01/02/2024-22:53:54] [I] Average on 10 runs - GPU latency: 0.499377 ms - Host latency: 0.508862 ms (enqueue 0.340979 ms)
[01/02/2024-22:53:54] [I] Average on 10 runs - GPU latency: 1.45469 ms - Host latency: 1.46409 ms (enqueue 1.29684 ms)
[01/02/2024-22:53:54] [I] Average on 10 runs - GPU latency: 0.530981 ms - Host latency: 0.540454 ms (enqueue 0.379712 ms)
[01/02/2024-22:53:54] [I] Average on 10 runs - GPU latency: 0.478198 ms - Host latency: 0.487939 ms (enqueue 0.333252 ms)
[01/02/2024-22:53:54] [I] Average on 10 runs - GPU latency: 0.707593 ms - Host latency: 0.717212 ms (enqueue 0.601904 ms)
[01/02/2024-22:53:54] [I] Average on 10 runs - GPU latency: 0.607129 ms - Host latency: 0.616504 ms (enqueue 0.468066 ms)
[01/02/2024-22:53:54] [I] Average on 10 runs - GPU latency: 0.58728 ms - Host latency: 0.596704 ms (enqueue 0.439868 ms)
[01/02/2024-22:53:54] [I] Average on 10 runs - GPU latency: 0.808179 ms - Host latency: 0.817432 ms (enqueue 0.779199 ms)
[01/02/2024-22:53:54] [I] Average on 10 runs - GPU latency: 0.799414 ms - Host latency: 0.808643 ms (enqueue 0.632446 ms)
[01/02/2024-22:53:54] [I] Average on 10 runs - GPU latency: 0.534106 ms - Host latency: 0.544067 ms (enqueue 0.377661 ms)
[01/02/2024-22:53:54] [I] Average on 10 runs - GPU latency: 0.450342 ms - Host latency: 0.459985 ms (enqueue 0.284814 ms)
[01/02/2024-22:53:54] [I] Average on 10 runs - GPU latency: 0.454004 ms - Host latency: 0.46355 ms (enqueue 0.294702 ms)
[01/02/2024-22:53:54] [I] Average on 10 runs - GPU latency: 0.736304 ms - Host latency: 0.746289 ms (enqueue 0.675781 ms)
[01/02/2024-22:53:54] [I] Average on 10 runs - GPU latency: 0.470264 ms - Host latency: 0.479517 ms (enqueue 0.327954 ms)
[01/02/2024-22:53:54] [I] Average on 10 runs - GPU latency: 0.473755 ms - Host latency: 0.483154 ms (enqueue 0.299805 ms)
[01/02/2024-22:53:54] [I] Average on 10 runs - GPU latency: 0.446997 ms - Host latency: 0.456543 ms (enqueue 0.275977 ms)
[01/02/2024-22:53:54] [I] Average on 10 runs - GPU latency: 0.607129 ms - Host latency: 0.616675 ms (enqueue 0.427026 ms)
[01/02/2024-22:53:54] [I] Average on 10 runs - GPU latency: 0.493872 ms - Host latency: 0.503149 ms (enqueue 0.401831 ms)
[01/02/2024-22:53:54] [I] Average on 10 runs - GPU latency: 0.453662 ms - Host latency: 0.463354 ms (enqueue 0.264941 ms)
[01/02/2024-22:53:54] [I] Average on 10 runs - GPU latency: 0.468286 ms - Host latency: 0.477881 ms (enqueue 1.28791 ms)
[01/02/2024-22:53:54] [I] Average on 10 runs - GPU latency: 0.436523 ms - Host latency: 0.445898 ms (enqueue 0.24165 ms)
[01/02/2024-22:53:54] [I] Average on 10 runs - GPU latency: 1.40835 ms - Host latency: 1.41768 ms (enqueue 1.23269 ms)
[01/02/2024-22:53:54] [I] Average on 10 runs - GPU latency: 1.36802 ms - Host latency: 1.37795 ms (enqueue 1.17998 ms)
[01/02/2024-22:53:54] [I] Average on 10 runs - GPU latency: 1.57009 ms - Host latency: 1.58057 ms (enqueue 0.250391 ms)
[01/02/2024-22:53:54] [I] Average on 10 runs - GPU latency: 0.443604 ms - Host latency: 0.453394 ms (enqueue 0.258643 ms)
[01/02/2024-22:53:54] [I] Average on 10 runs - GPU latency: 1.69746 ms - Host latency: 1.70669 ms (enqueue 1.54502 ms)
[01/02/2024-22:53:54] [I] Average on 10 runs - GPU latency: 1.41387 ms - Host latency: 1.42354 ms (enqueue 1.28147 ms)
[01/02/2024-22:53:54] [I] Average on 10 runs - GPU latency: 1.29917 ms - Host latency: 1.30869 ms (enqueue 1.13411 ms)
[01/02/2024-22:53:54] [I] Average on 10 runs - GPU latency: 0.539258 ms - Host latency: 0.54873 ms (enqueue 1.30203 ms)
[01/02/2024-22:53:54] [I] Average on 10 runs - GPU latency: 1.49004 ms - Host latency: 1.49915 ms (enqueue 0.483228 ms)
[01/02/2024-22:53:54] [I] Average on 10 runs - GPU latency: 1.47234 ms - Host latency: 1.48162 ms (enqueue 0.258398 ms)
[01/02/2024-22:53:54] [I] Average on 10 runs - GPU latency: 0.46499 ms - Host latency: 0.474609 ms (enqueue 0.313403 ms)
[01/02/2024-22:53:54] [I] Average on 10 runs - GPU latency: 1.71584 ms - Host latency: 1.72568 ms (enqueue 1.56514 ms)
[01/02/2024-22:53:54] [I] Average on 10 runs - GPU latency: 1.36602 ms - Host latency: 1.37532 ms (enqueue 1.18174 ms)
[01/02/2024-22:53:54] [I] Average on 10 runs - GPU latency: 1.53826 ms - Host latency: 1.54822 ms (enqueue 1.36045 ms)
[01/02/2024-22:53:54] [I] Average on 10 runs - GPU latency: 1.52773 ms - Host latency: 1.53779 ms (enqueue 1.3936 ms)
[01/02/2024-22:53:54] [I] Average on 10 runs - GPU latency: 0.490991 ms - Host latency: 0.500562 ms (enqueue 1.22053 ms)
[01/02/2024-22:53:54] [I] Average on 10 runs - GPU latency: 1.28342 ms - Host latency: 1.29353 ms (enqueue 0.234253 ms)
[01/02/2024-22:53:54] [I] Average on 10 runs - GPU latency: 0.453711 ms - Host latency: 0.463623 ms (enqueue 0.277344 ms)
[01/02/2024-22:53:54] [I] Average on 10 runs - GPU latency: 1.40886 ms - Host latency: 1.41833 ms (enqueue 1.2144 ms)
[01/02/2024-22:53:54] [I] Average on 10 runs - GPU latency: 0.523462 ms - Host latency: 0.533472 ms (enqueue 1.31335 ms)
[01/02/2024-22:53:54] [I] Average on 10 runs - GPU latency: 1.51184 ms - Host latency: 1.52168 ms (enqueue 1.37917 ms)
[01/02/2024-22:53:54] [I] Average on 10 runs - GPU latency: 0.435986 ms - Host latency: 0.445581 ms (enqueue 0.219434 ms)
[01/02/2024-22:53:54] [I] Average on 10 runs - GPU latency: 0.464868 ms - Host latency: 0.473975 ms (enqueue 0.267676 ms)
[01/02/2024-22:53:54] [I] Average on 10 runs - GPU latency: 1.42219 ms - Host latency: 1.43184 ms (enqueue 1.22656 ms)
[01/02/2024-22:53:54] [I] Average on 10 runs - GPU latency: 0.521289 ms - Host latency: 0.530615 ms (enqueue 0.337134 ms)
[01/02/2024-22:53:54] [I] Average on 10 runs - GPU latency: 1.62185 ms - Host latency: 1.63125 ms (enqueue 1.49404 ms)
[01/02/2024-22:53:54] [I] Average on 10 runs - GPU latency: 0.662109 ms - Host latency: 0.67124 ms (enqueue 0.54812 ms)
[01/02/2024-22:53:54] [I] Average on 10 runs - GPU latency: 1.43091 ms - Host latency: 1.44019 ms (enqueue 1.25635 ms)
[01/02/2024-22:53:54] [I] Average on 10 runs - GPU latency: 0.559204 ms - Host latency: 0.568848 ms (enqueue 0.373779 ms)
[01/02/2024-22:53:54] [I] Average on 10 runs - GPU latency: 1.65779 ms - Host latency: 1.66707 ms (enqueue 1.53757 ms)
[01/02/2024-22:53:54] [I] Average on 10 runs - GPU latency: 0.474731 ms - Host latency: 0.484131 ms (enqueue 0.342798 ms)
[01/02/2024-22:53:54] [I] Average on 10 runs - GPU latency: 0.474438 ms - Host latency: 0.48418 ms (enqueue 0.314136 ms)
[01/02/2024-22:53:54] [I] Average on 10 runs - GPU latency: 1.22866 ms - Host latency: 1.23828 ms (enqueue 1.04839 ms)
[01/02/2024-22:53:54] [I] Average on 10 runs - GPU latency: 0.606445 ms - Host latency: 0.615918 ms (enqueue 0.454346 ms)
[01/02/2024-22:53:54] [I] Average on 10 runs - GPU latency: 0.508618 ms - Host latency: 0.518042 ms (enqueue 0.361328 ms)
[01/02/2024-22:53:54] [I] Average on 10 runs - GPU latency: 1.03914 ms - Host latency: 1.04873 ms (enqueue 0.66709 ms)
[01/02/2024-22:53:54] [I] Average on 10 runs - GPU latency: 0.470264 ms - Host latency: 0.47998 ms (enqueue 0.30835 ms)
[01/02/2024-22:53:54] [I] Average on 10 runs - GPU latency: 1.62861 ms - Host latency: 1.63774 ms (enqueue 0.334375 ms)
[01/02/2024-22:53:54] [I] Average on 10 runs - GPU latency: 1.05752 ms - Host latency: 1.06709 ms (enqueue 0.316943 ms)
[01/02/2024-22:53:54] [I] Average on 10 runs - GPU latency: 0.458569 ms - Host latency: 0.468262 ms (enqueue 0.306909 ms)
[01/02/2024-22:53:54] [I] Average on 10 runs - GPU latency: 0.45105 ms - Host latency: 0.460425 ms (enqueue 0.289087 ms)
[01/02/2024-22:53:54] [I] Average on 10 runs - GPU latency: 0.519214 ms - Host latency: 0.528687 ms (enqueue 1.19014 ms)
[01/02/2024-22:53:54] [I] Average on 10 runs - GPU latency: 0.577759 ms - Host latency: 0.587744 ms (enqueue 0.456665 ms)
[01/02/2024-22:53:54] [I] Average on 10 runs - GPU latency: 0.715649 ms - Host latency: 0.724927 ms (enqueue 0.579883 ms)
[01/02/2024-22:53:54] [I] Average on 10 runs - GPU latency: 0.632666 ms - Host latency: 0.642041 ms (enqueue 0.499023 ms)
[01/02/2024-22:53:54] [I] Average on 10 runs - GPU latency: 0.451343 ms - Host latency: 0.460962 ms (enqueue 0.277979 ms)
[01/02/2024-22:53:54] [I] Average on 10 runs - GPU latency: 0.440796 ms - Host latency: 0.450171 ms (enqueue 0.264624 ms)
[01/02/2024-22:53:54] [I] Average on 10 runs - GPU latency: 0.463062 ms - Host latency: 0.472607 ms (enqueue 0.267139 ms)
[01/02/2024-22:53:54] [I] Average on 10 runs - GPU latency: 0.526733 ms - Host latency: 0.535937 ms (enqueue 0.384961 ms)
[01/02/2024-22:53:54] [I] Average on 10 runs - GPU latency: 0.517432 ms - Host latency: 0.527075 ms (enqueue 0.392529 ms)
[01/02/2024-22:53:54] [I] Average on 10 runs - GPU latency: 0.452515 ms - Host latency: 0.462109 ms (enqueue 0.296313 ms)
[01/02/2024-22:53:54] [I] Average on 10 runs - GPU latency: 0.484326 ms - Host latency: 0.49397 ms (enqueue 0.259839 ms)
[01/02/2024-22:53:54] [I] Average on 10 runs - GPU latency: 0.472144 ms - Host latency: 0.481934 ms (enqueue 0.310425 ms)
[01/02/2024-22:53:54] [I] Average on 10 runs - GPU latency: 0.454883 ms - Host latency: 0.463867 ms (enqueue 0.299268 ms)
[01/02/2024-22:53:54] [I] Average on 10 runs - GPU latency: 0.444775 ms - Host latency: 0.454077 ms (enqueue 0.283179 ms)
[01/02/2024-22:53:54] [I] Average on 10 runs - GPU latency: 0.456152 ms - Host latency: 0.465479 ms (enqueue 0.257178 ms)
[01/02/2024-22:53:54] [I] Average on 10 runs - GPU latency: 0.455005 ms - Host latency: 0.464453 ms (enqueue 0.272192 ms)
[01/02/2024-22:53:54] [I] Average on 10 runs - GPU latency: 0.435937 ms - Host latency: 0.445679 ms (enqueue 0.238623 ms)
[01/02/2024-22:53:54] [I] Average on 10 runs - GPU latency: 0.629199 ms - Host latency: 0.640454 ms (enqueue 0.469849 ms)
[01/02/2024-22:53:54] [I] Average on 10 runs - GPU latency: 0.614624 ms - Host latency: 0.62373 ms (enqueue 0.489453 ms)
[01/02/2024-22:53:54] [I] Average on 10 runs - GPU latency: 0.559155 ms - Host latency: 0.568359 ms (enqueue 0.435815 ms)
[01/02/2024-22:53:54] [I] Average on 10 runs - GPU latency: 0.469946 ms - Host latency: 0.47915 ms (enqueue 0.285376 ms)
[01/02/2024-22:53:54] [I] Average on 10 runs - GPU latency: 0.436475 ms - Host latency: 0.446045 ms (enqueue 0.204346 ms)
[01/02/2024-22:53:54] [I] Average on 10 runs - GPU latency: 0.439819 ms - Host latency: 0.449634 ms (enqueue 0.254297 ms)
[01/02/2024-22:53:54] [I] Average on 10 runs - GPU latency: 0.446558 ms - Host latency: 0.456274 ms (enqueue 0.229004 ms)
[01/02/2024-22:53:54] [I] Average on 10 runs - GPU latency: 0.430054 ms - Host latency: 0.439331 ms (enqueue 0.200757 ms)
[01/02/2024-22:53:54] [I] Average on 10 runs - GPU latency: 0.426978 ms - Host latency: 0.436816 ms (enqueue 0.225684 ms)
[01/02/2024-22:53:54] [I] Average on 10 runs - GPU latency: 0.427197 ms - Host latency: 0.436279 ms (enqueue 0.194922 ms)
[01/02/2024-22:53:54] [I] Average on 10 runs - GPU latency: 0.435767 ms - Host latency: 0.444653 ms (enqueue 0.207666 ms)
[01/02/2024-22:53:54] [I] Average on 10 runs - GPU latency: 0.450073 ms - Host latency: 0.459595 ms (enqueue 0.243994 ms)
[01/02/2024-22:53:54] [I] Average on 10 runs - GPU latency: 0.437744 ms - Host latency: 0.448022 ms (enqueue 0.246851 ms)
[01/02/2024-22:53:54] [I] Average on 10 runs - GPU latency: 0.439233 ms - Host latency: 0.448511 ms (enqueue 0.246265 ms)
[01/02/2024-22:53:54] [I] Average on 10 runs - GPU latency: 0.442578 ms - Host latency: 0.452295 ms (enqueue 0.246143 ms)
[01/02/2024-22:53:54] [I] Average on 10 runs - GPU latency: 0.43689 ms - Host latency: 0.446167 ms (enqueue 0.241455 ms)
[01/02/2024-22:53:54] [I] Average on 10 runs - GPU latency: 0.452954 ms - Host latency: 0.462622 ms (enqueue 0.271313 ms)
[01/02/2024-22:53:54] [I] Average on 10 runs - GPU latency: 0.444629 ms - Host latency: 0.454053 ms (enqueue 0.241162 ms)
[01/02/2024-22:53:54] [I] Average on 10 runs - GPU latency: 0.454468 ms - Host latency: 0.463843 ms (enqueue 0.27666 ms)
[01/02/2024-22:53:54] [I] Average on 10 runs - GPU latency: 0.430078 ms - Host latency: 0.439429 ms (enqueue 0.215723 ms)
[01/02/2024-22:53:54] [I] Average on 10 runs - GPU latency: 0.447778 ms - Host latency: 0.457861 ms (enqueue 0.253076 ms)
[01/02/2024-22:53:54] [I] Average on 10 runs - GPU latency: 0.443677 ms - Host latency: 0.453198 ms (enqueue 0.267212 ms)
[01/02/2024-22:53:54] [I] Average on 10 runs - GPU latency: 0.423291 ms - Host latency: 0.432544 ms (enqueue 0.181055 ms)
[01/02/2024-22:53:54] [I] Average on 10 runs - GPU latency: 0.430908 ms - Host latency: 0.440088 ms (enqueue 0.200879 ms)
[01/02/2024-22:53:54] [I] Average on 10 runs - GPU latency: 0.428223 ms - Host latency: 0.4375 ms (enqueue 0.173438 ms)
[01/02/2024-22:53:54] [I] Average on 10 runs - GPU latency: 0.442163 ms - Host latency: 0.45127 ms (enqueue 0.224243 ms)
[01/02/2024-22:53:54] [I] Average on 10 runs - GPU latency: 0.442554 ms - Host latency: 0.452344 ms (enqueue 0.225024 ms)
[01/02/2024-22:53:54] [I] Average on 10 runs - GPU latency: 0.450195 ms - Host latency: 0.459814 ms (enqueue 0.28125 ms)
[01/02/2024-22:53:54] [I] Average on 10 runs - GPU latency: 0.443311 ms - Host latency: 0.452881 ms (enqueue 0.252271 ms)
[01/02/2024-22:53:54] [I] Average on 10 runs - GPU latency: 0.478491 ms - Host latency: 0.488623 ms (enqueue 0.314111 ms)
[01/02/2024-22:53:54] [I] Average on 10 runs - GPU latency: 0.437744 ms - Host latency: 0.447534 ms (enqueue 0.236938 ms)
[01/02/2024-22:53:54] [I] Average on 10 runs - GPU latency: 0.441089 ms - Host latency: 0.450708 ms (enqueue 0.221021 ms)
[01/02/2024-22:53:54] [I] Average on 10 runs - GPU latency: 0.448364 ms - Host latency: 0.457837 ms (enqueue 0.230298 ms)
[01/02/2024-22:53:54] [I] Average on 10 runs - GPU latency: 0.438135 ms - Host latency: 0.447437 ms (enqueue 0.2354 ms)
[01/02/2024-22:53:54] [I] Average on 10 runs - GPU latency: 0.574463 ms - Host latency: 0.583911 ms (enqueue 0.429224 ms)
[01/02/2024-22:53:54] [I] Average on 10 runs - GPU latency: 0.598853 ms - Host latency: 0.608228 ms (enqueue 0.463135 ms)
[01/02/2024-22:53:54] [I] Average on 10 runs - GPU latency: 0.508179 ms - Host latency: 0.517163 ms (enqueue 0.371338 ms)
[01/02/2024-22:53:54] [I] Average on 10 runs - GPU latency: 0.429565 ms - Host latency: 0.439209 ms (enqueue 0.204077 ms)
[01/02/2024-22:53:54] [I] Average on 10 runs - GPU latency: 0.432153 ms - Host latency: 0.441504 ms (enqueue 0.199658 ms)
[01/02/2024-22:53:54] [I] Average on 10 runs - GPU latency: 0.431909 ms - Host latency: 0.441309 ms (enqueue 0.237427 ms)
[01/02/2024-22:53:54] [I] Average on 10 runs - GPU latency: 0.426123 ms - Host latency: 0.435718 ms (enqueue 0.197632 ms)
[01/02/2024-22:53:54] [I] Average on 10 runs - GPU latency: 0.424121 ms - Host latency: 0.433667 ms (enqueue 0.204736 ms)
[01/02/2024-22:53:54] [I] Average on 10 runs - GPU latency: 0.455225 ms - Host latency: 0.46499 ms (enqueue 0.249878 ms)
[01/02/2024-22:53:54] [I] Average on 10 runs - GPU latency: 0.43252 ms - Host latency: 0.442041 ms (enqueue 0.250439 ms)
[01/02/2024-22:53:54] [I] Average on 10 runs - GPU latency: 0.426099 ms - Host latency: 0.435937 ms (enqueue 0.207666 ms)
[01/02/2024-22:53:54] [I] Average on 10 runs - GPU latency: 0.427905 ms - Host latency: 0.437842 ms (enqueue 0.192871 ms)
[01/02/2024-22:53:54] [I] Average on 10 runs - GPU latency: 0.423389 ms - Host latency: 0.432471 ms (enqueue 0.182227 ms)
[01/02/2024-22:53:54] [I] Average on 10 runs - GPU latency: 0.421191 ms - Host latency: 0.430322 ms (enqueue 0.228271 ms)
[01/02/2024-22:53:54] [I] Average on 10 runs - GPU latency: 0.429395 ms - Host latency: 0.438916 ms (enqueue 0.217627 ms)
[01/02/2024-22:53:54] [I] Average on 10 runs - GPU latency: 0.423462 ms - Host latency: 0.433203 ms (enqueue 0.17168 ms)
[01/02/2024-22:53:54] [I] Average on 10 runs - GPU latency: 0.431616 ms - Host latency: 0.441333 ms (enqueue 0.18562 ms)
[01/02/2024-22:53:54] [I] Average on 10 runs - GPU latency: 0.415552 ms - Host latency: 0.425415 ms (enqueue 0.190405 ms)
[01/02/2024-22:53:54] [I] Average on 10 runs - GPU latency: 0.418433 ms - Host latency: 0.428052 ms (enqueue 0.191382 ms)
[01/02/2024-22:53:54] [I] Average on 10 runs - GPU latency: 0.421899 ms - Host latency: 0.431104 ms (enqueue 0.190259 ms)
[01/02/2024-22:53:54] [I] Average on 10 runs - GPU latency: 0.434863 ms - Host latency: 0.444482 ms (enqueue 0.232007 ms)
[01/02/2024-22:53:54] [I] Average on 10 runs - GPU latency: 0.435059 ms - Host latency: 0.444263 ms (enqueue 0.214697 ms)
[01/02/2024-22:53:54] [I] Average on 10 runs - GPU latency: 0.429077 ms - Host latency: 0.438452 ms (enqueue 0.243018 ms)
[01/02/2024-22:53:54] [I] Average on 10 runs - GPU latency: 0.413672 ms - Host latency: 0.423291 ms (enqueue 0.161841 ms)
[01/02/2024-22:53:54] [I] Average on 10 runs - GPU latency: 0.440137 ms - Host latency: 0.450024 ms (enqueue 0.197437 ms)
[01/02/2024-22:53:54] [I] Average on 10 runs - GPU latency: 0.427612 ms - Host latency: 0.437012 ms (enqueue 0.199976 ms)
[01/02/2024-22:53:54] [I] Average on 10 runs - GPU latency: 0.420093 ms - Host latency: 0.429443 ms (enqueue 0.188574 ms)
[01/02/2024-22:53:54] [I] Average on 10 runs - GPU latency: 0.414819 ms - Host latency: 0.424463 ms (enqueue 0.159814 ms)
[01/02/2024-22:53:54] [I] Average on 10 runs - GPU latency: 0.421167 ms - Host latency: 0.430737 ms (enqueue 0.157886 ms)
[01/02/2024-22:53:54] [I] Average on 10 runs - GPU latency: 0.418188 ms - Host latency: 0.427734 ms (enqueue 0.190894 ms)
[01/02/2024-22:53:54] [I] Average on 10 runs - GPU latency: 0.428735 ms - Host latency: 0.438013 ms (enqueue 0.170752 ms)
[01/02/2024-22:53:54] [I] Average on 10 runs - GPU latency: 0.429663 ms - Host latency: 0.439233 ms (enqueue 0.219604 ms)
[01/02/2024-22:53:54] [I] Average on 10 runs - GPU latency: 0.423926 ms - Host latency: 0.433325 ms (enqueue 0.208496 ms)
[01/02/2024-22:53:54] [I] Average on 10 runs - GPU latency: 0.454126 ms - Host latency: 0.463745 ms (enqueue 0.174194 ms)
[01/02/2024-22:53:54] [I] Average on 10 runs - GPU latency: 0.42854 ms - Host latency: 0.438062 ms (enqueue 0.202417 ms)
[01/02/2024-22:53:54] [I] Average on 10 runs - GPU latency: 0.422095 ms - Host latency: 0.431763 ms (enqueue 0.253052 ms)
[01/02/2024-22:53:54] [I] Average on 10 runs - GPU latency: 0.426147 ms - Host latency: 0.435254 ms (enqueue 0.195312 ms)
[01/02/2024-22:53:54] [I] Average on 10 runs - GPU latency: 0.424854 ms - Host latency: 0.434424 ms (enqueue 0.19104 ms)
[01/02/2024-22:53:54] [I] Average on 10 runs - GPU latency: 0.438159 ms - Host latency: 0.447974 ms (enqueue 0.227905 ms)
[01/02/2024-22:53:54] [I] Average on 10 runs - GPU latency: 0.419653 ms - Host latency: 0.429492 ms (enqueue 0.172754 ms)
[01/02/2024-22:53:54] [I] Average on 10 runs - GPU latency: 0.434912 ms - Host latency: 0.444336 ms (enqueue 0.196948 ms)
[01/02/2024-22:53:54] [I] Average on 10 runs - GPU latency: 0.424438 ms - Host latency: 0.43396 ms (enqueue 0.189307 ms)
[01/02/2024-22:53:54] [I] Average on 10 runs - GPU latency: 0.440161 ms - Host latency: 0.449512 ms (enqueue 0.202539 ms)
[01/02/2024-22:53:54] [I] Average on 10 runs - GPU latency: 0.441284 ms - Host latency: 0.450439 ms (enqueue 0.23833 ms)
[01/02/2024-22:53:54] [I] Average on 10 runs - GPU latency: 0.425464 ms - Host latency: 0.434692 ms (enqueue 0.186646 ms)
[01/02/2024-22:53:54] [I] Average on 10 runs - GPU latency: 0.434131 ms - Host latency: 0.443945 ms (enqueue 0.234839 ms)
[01/02/2024-22:53:54] [I] Average on 10 runs - GPU latency: 0.429077 ms - Host latency: 0.439355 ms (enqueue 0.234033 ms)
[01/02/2024-22:53:54] [I] Average on 10 runs - GPU latency: 0.428345 ms - Host latency: 0.43811 ms (enqueue 0.20647 ms)
[01/02/2024-22:53:54] [I] Average on 10 runs - GPU latency: 0.411694 ms - Host latency: 0.42168 ms (enqueue 0.144189 ms)
[01/02/2024-22:53:54] [I] Average on 10 runs - GPU latency: 0.428711 ms - Host latency: 0.438916 ms (enqueue 0.175439 ms)
[01/02/2024-22:53:54] [I] Average on 10 runs - GPU latency: 0.422241 ms - Host latency: 0.43313 ms (enqueue 0.144775 ms)
[01/02/2024-22:53:54] [I] Average on 10 runs - GPU latency: 0.44043 ms - Host latency: 0.450171 ms (enqueue 0.225195 ms)
[01/02/2024-22:53:54] [I] Average on 10 runs - GPU latency: 0.416479 ms - Host latency: 0.426025 ms (enqueue 0.182373 ms)
[01/02/2024-22:53:54] [I] Average on 10 runs - GPU latency: 0.430737 ms - Host latency: 0.440112 ms (enqueue 0.189136 ms)
[01/02/2024-22:53:54] [I] Average on 10 runs - GPU latency: 0.40979 ms - Host latency: 0.418921 ms (enqueue 0.170044 ms)
[01/02/2024-22:53:54] [I] Average on 10 runs - GPU latency: 0.414087 ms - Host latency: 0.423584 ms (enqueue 0.163672 ms)
[01/02/2024-22:53:54] [I] 
[01/02/2024-22:53:54] [I] === Performance summary ===
[01/02/2024-22:53:54] [I] Throughput: 1891.94 qps
[01/02/2024-22:53:54] [I] Latency: min = 0.371582 ms, max = 11.7974 ms, mean = 0.504647 ms, median = 0.438705 ms, percentile(90%) = 0.584412 ms, percentile(95%) = 0.733398 ms, percentile(99%) = 1.00757 ms
[01/02/2024-22:53:54] [I] Enqueue Time: min = 0.107483 ms, max = 10.824 ms, mean = 0.267361 ms, median = 0.184143 ms, percentile(90%) = 0.39502 ms, percentile(95%) = 0.470459 ms, percentile(99%) = 0.762939 ms
[01/02/2024-22:53:54] [I] H2D Latency: min = 0.00390625 ms, max = 0.018631 ms, mean = 0.00468733 ms, median = 0.00463867 ms, percentile(90%) = 0.00491333 ms, percentile(95%) = 0.00509644 ms, percentile(99%) = 0.00537109 ms
[01/02/2024-22:53:54] [I] GPU Compute Time: min = 0.363281 ms, max = 11.7883 ms, mean = 0.494808 ms, median = 0.430031 ms, percentile(90%) = 0.575684 ms, percentile(95%) = 0.723877 ms, percentile(99%) = 0.997314 ms
[01/02/2024-22:53:54] [I] D2H Latency: min = 0.00305176 ms, max = 0.120361 ms, mean = 0.00515196 ms, median = 0.00463867 ms, percentile(90%) = 0.00720215 ms, percentile(95%) = 0.0078125 ms, percentile(99%) = 0.00854492 ms
[01/02/2024-22:53:54] [I] Total Host Walltime: 3.00116 s
[01/02/2024-22:53:54] [I] Total GPU Compute Time: 2.80952 s
[01/02/2024-22:53:54] [W] * GPU compute time is unstable, with coefficient of variance = 122.216%.
[01/02/2024-22:53:54] [W]   If not already in use, locking GPU clock frequency or adding --useSpinWait may improve the stability.
[01/02/2024-22:53:54] [I] Explanations of the performance metrics are printed in the verbose logs.
[01/02/2024-22:53:54] [I] 
[01/02/2024-22:53:54] [I] Output Tensors:
[01/02/2024-22:53:54] [I] A-V-14-ArgMax: (1)
[01/02/2024-22:53:54] [I] 2
[01/02/2024-22:53:54] [I] A-V-12-Add: (1x10)
[01/02/2024-22:53:54] [I] 2533.41 48.8092 34060.8 -6280.06 -4758.36 -17807.4 -1645.27 -28895.4 5648.33 -7904.41
&&&& PASSED TensorRT.trtexec [TensorRT v8501] # trtexec --loadEngine=./model-02.plan --dumpOutput
