&&&& RUNNING TensorRT.trtexec [TensorRT v8501] # trtexec --loadEngine=./model-02.plan --dumpOutput
[01/02/2024-22:53:42] [I] === Model Options ===
[01/02/2024-22:53:42] [I] Format: *
[01/02/2024-22:53:42] [I] Model: 
[01/02/2024-22:53:42] [I] Output:
[01/02/2024-22:53:42] [I] === Build Options ===
[01/02/2024-22:53:42] [I] Max batch: 1
[01/02/2024-22:53:42] [I] Memory Pools: workspace: default, dlaSRAM: default, dlaLocalDRAM: default, dlaGlobalDRAM: default
[01/02/2024-22:53:42] [I] minTiming: 1
[01/02/2024-22:53:42] [I] avgTiming: 8
[01/02/2024-22:53:42] [I] Precision: FP32
[01/02/2024-22:53:42] [I] LayerPrecisions: 
[01/02/2024-22:53:42] [I] Calibration: 
[01/02/2024-22:53:42] [I] Refit: Disabled
[01/02/2024-22:53:42] [I] Sparsity: Disabled
[01/02/2024-22:53:42] [I] Safe mode: Disabled
[01/02/2024-22:53:42] [I] DirectIO mode: Disabled
[01/02/2024-22:53:42] [I] Restricted mode: Disabled
[01/02/2024-22:53:42] [I] Build only: Disabled
[01/02/2024-22:53:42] [I] Save engine: 
[01/02/2024-22:53:42] [I] Load engine: ./model-02.plan
[01/02/2024-22:53:42] [I] Profiling verbosity: 0
[01/02/2024-22:53:42] [I] Tactic sources: Using default tactic sources
[01/02/2024-22:53:42] [I] timingCacheMode: local
[01/02/2024-22:53:42] [I] timingCacheFile: 
[01/02/2024-22:53:42] [I] Heuristic: Disabled
[01/02/2024-22:53:42] [I] Preview Features: Use default preview flags.
[01/02/2024-22:53:42] [I] Input(s)s format: fp32:CHW
[01/02/2024-22:53:42] [I] Output(s)s format: fp32:CHW
[01/02/2024-22:53:42] [I] Input build shapes: model
[01/02/2024-22:53:42] [I] Input calibration shapes: model
[01/02/2024-22:53:42] [I] === System Options ===
[01/02/2024-22:53:42] [I] Device: 0
[01/02/2024-22:53:42] [I] DLACore: 
[01/02/2024-22:53:42] [I] Plugins:
[01/02/2024-22:53:42] [I] === Inference Options ===
[01/02/2024-22:53:42] [I] Batch: 1
[01/02/2024-22:53:42] [I] Input inference shapes: model
[01/02/2024-22:53:42] [I] Iterations: 10
[01/02/2024-22:53:42] [I] Duration: 3s (+ 200ms warm up)
[01/02/2024-22:53:42] [I] Sleep time: 0ms
[01/02/2024-22:53:42] [I] Idle time: 0ms
[01/02/2024-22:53:42] [I] Streams: 1
[01/02/2024-22:53:42] [I] ExposeDMA: Disabled
[01/02/2024-22:53:42] [I] Data transfers: Enabled
[01/02/2024-22:53:42] [I] Spin-wait: Disabled
[01/02/2024-22:53:42] [I] Multithreading: Disabled
[01/02/2024-22:53:42] [I] CUDA Graph: Disabled
[01/02/2024-22:53:42] [I] Separate profiling: Disabled
[01/02/2024-22:53:42] [I] Time Deserialize: Disabled
[01/02/2024-22:53:42] [I] Time Refit: Disabled
[01/02/2024-22:53:42] [I] NVTX verbosity: 0
[01/02/2024-22:53:42] [I] Persistent Cache Ratio: 0
[01/02/2024-22:53:42] [I] Inputs:
[01/02/2024-22:53:42] [I] === Reporting Options ===
[01/02/2024-22:53:42] [I] Verbose: Disabled
[01/02/2024-22:53:42] [I] Averages: 10 inferences
[01/02/2024-22:53:42] [I] Percentiles: 90,95,99
[01/02/2024-22:53:42] [I] Dump refittable layers:Disabled
[01/02/2024-22:53:42] [I] Dump output: Enabled
[01/02/2024-22:53:42] [I] Profile: Disabled
[01/02/2024-22:53:42] [I] Export timing to JSON file: 
[01/02/2024-22:53:42] [I] Export output to JSON file: 
[01/02/2024-22:53:42] [I] Export profile to JSON file: 
[01/02/2024-22:53:42] [I] 
[01/02/2024-22:53:43] [I] === Device Information ===
[01/02/2024-22:53:43] [I] Selected Device: NVIDIA GeForce MX350
[01/02/2024-22:53:43] [I] Compute Capability: 6.1
[01/02/2024-22:53:43] [I] SMs: 5
[01/02/2024-22:53:43] [I] Compute Clock Rate: 1.468 GHz
[01/02/2024-22:53:43] [I] Device Global Memory: 2047 MiB
[01/02/2024-22:53:43] [I] Shared Memory per SM: 96 KiB
[01/02/2024-22:53:43] [I] Memory Bus Width: 64 bits (ECC disabled)
[01/02/2024-22:53:43] [I] Memory Clock Rate: 3.504 GHz
[01/02/2024-22:53:43] [I] 
[01/02/2024-22:53:43] [I] TensorRT version: 8.5.1
[01/02/2024-22:53:43] [I] Engine loaded in 0.0203874 sec.
[01/02/2024-22:53:44] [I] [TRT] Loaded engine size: 12 MiB
[01/02/2024-22:53:45] [I] [TRT] [MemUsageChange] Init cuDNN: CPU +272, GPU +112, now: CPU 360, GPU 531 (MiB)
[01/02/2024-22:53:45] [I] [TRT] [MemUsageChange] TensorRT-managed allocation in engine deserialization: CPU +0, GPU +12, now: CPU 0, GPU 12 (MiB)
[01/02/2024-22:53:45] [I] Engine deserialized in 2.01911 sec.
[01/02/2024-22:53:45] [I] [TRT] [MemUsageChange] Init cuDNN: CPU +0, GPU +8, now: CPU 360, GPU 531 (MiB)
[01/02/2024-22:53:45] [I] [TRT] [MemUsageChange] TensorRT-managed allocation in IExecutionContext creation: CPU +0, GPU +2, now: CPU 0, GPU 14 (MiB)
[01/02/2024-22:53:45] [I] Setting persistentCacheLimit to 0 bytes.
[01/02/2024-22:53:45] [W] Shape missing for input with dynamic shape: tensorXAutomatically setting shape to: 1x1x28x28
[01/02/2024-22:53:45] [I] Using random values for input tensorX
[01/02/2024-22:53:45] [I] Created input binding for tensorX with dimensions 1x1x28x28
[01/02/2024-22:53:45] [I] Using random values for output A-V-12-Add
[01/02/2024-22:53:45] [I] Created output binding for A-V-12-Add with dimensions 1x10
[01/02/2024-22:53:45] [I] Using random values for output A-V-14-ArgMax
[01/02/2024-22:53:45] [I] Created output binding for A-V-14-ArgMax with dimensions 1
[01/02/2024-22:53:45] [I] Starting inference
[01/02/2024-22:53:48] [I] Warmup completed 293 queries over 200 ms
[01/02/2024-22:53:48] [I] Timing trace has 6897 queries over 3.00102 s
[01/02/2024-22:53:48] [I] 
[01/02/2024-22:53:48] [I] === Trace details ===
[01/02/2024-22:53:48] [I] Trace averages of 10 runs:
[01/02/2024-22:53:48] [I] Average on 10 runs - GPU latency: 0.433858 ms - Host latency: 0.444089 ms (enqueue 0.161945 ms)
[01/02/2024-22:53:48] [I] Average on 10 runs - GPU latency: 0.450356 ms - Host latency: 0.460736 ms (enqueue 0.148122 ms)
[01/02/2024-22:53:48] [I] Average on 10 runs - GPU latency: 0.42034 ms - Host latency: 0.430354 ms (enqueue 0.135727 ms)
[01/02/2024-22:53:48] [I] Average on 10 runs - GPU latency: 0.43448 ms - Host latency: 0.444324 ms (enqueue 0.129227 ms)
[01/02/2024-22:53:48] [I] Average on 10 runs - GPU latency: 0.426494 ms - Host latency: 0.43674 ms (enqueue 0.123489 ms)
[01/02/2024-22:53:48] [I] Average on 10 runs - GPU latency: 0.419737 ms - Host latency: 0.430077 ms (enqueue 0.119681 ms)
[01/02/2024-22:53:48] [I] Average on 10 runs - GPU latency: 0.427722 ms - Host latency: 0.437787 ms (enqueue 0.12382 ms)
[01/02/2024-22:53:48] [I] Average on 10 runs - GPU latency: 0.419838 ms - Host latency: 0.429738 ms (enqueue 0.124219 ms)
[01/02/2024-22:53:48] [I] Average on 10 runs - GPU latency: 0.429054 ms - Host latency: 0.439366 ms (enqueue 0.117079 ms)
[01/02/2024-22:53:48] [I] Average on 10 runs - GPU latency: 0.421683 ms - Host latency: 0.431563 ms (enqueue 0.12421 ms)
[01/02/2024-22:53:48] [I] Average on 10 runs - GPU latency: 0.425983 ms - Host latency: 0.436209 ms (enqueue 0.120876 ms)
[01/02/2024-22:53:48] [I] Average on 10 runs - GPU latency: 0.425661 ms - Host latency: 0.436136 ms (enqueue 0.119843 ms)
[01/02/2024-22:53:48] [I] Average on 10 runs - GPU latency: 0.424757 ms - Host latency: 0.434691 ms (enqueue 0.114935 ms)
[01/02/2024-22:53:48] [I] Average on 10 runs - GPU latency: 0.449319 ms - Host latency: 0.459354 ms (enqueue 0.156769 ms)
[01/02/2024-22:53:48] [I] Average on 10 runs - GPU latency: 0.456296 ms - Host latency: 0.4664 ms (enqueue 0.143842 ms)
[01/02/2024-22:53:48] [I] Average on 10 runs - GPU latency: 0.447079 ms - Host latency: 0.457013 ms (enqueue 0.142252 ms)
[01/02/2024-22:53:48] [I] Average on 10 runs - GPU latency: 0.444608 ms - Host latency: 0.455322 ms (enqueue 0.147748 ms)
[01/02/2024-22:53:48] [I] Average on 10 runs - GPU latency: 0.45148 ms - Host latency: 0.461829 ms (enqueue 0.147571 ms)
[01/02/2024-22:53:48] [I] Average on 10 runs - GPU latency: 0.454251 ms - Host latency: 0.464145 ms (enqueue 0.143692 ms)
[01/02/2024-22:53:48] [I] Average on 10 runs - GPU latency: 0.455466 ms - Host latency: 0.465869 ms (enqueue 0.148538 ms)
[01/02/2024-22:53:48] [I] Average on 10 runs - GPU latency: 0.461826 ms - Host latency: 0.472107 ms (enqueue 0.142285 ms)
[01/02/2024-22:53:48] [I] Average on 10 runs - GPU latency: 0.450659 ms - Host latency: 0.460675 ms (enqueue 0.15444 ms)
[01/02/2024-22:53:48] [I] Average on 10 runs - GPU latency: 0.456805 ms - Host latency: 0.467154 ms (enqueue 0.150021 ms)
[01/02/2024-22:53:48] [I] Average on 10 runs - GPU latency: 0.431207 ms - Host latency: 0.440726 ms (enqueue 0.171985 ms)
[01/02/2024-22:53:48] [I] Average on 10 runs - GPU latency: 0.423828 ms - Host latency: 0.433112 ms (enqueue 0.135461 ms)
[01/02/2024-22:53:48] [I] Average on 10 runs - GPU latency: 0.447168 ms - Host latency: 0.45752 ms (enqueue 0.143726 ms)
[01/02/2024-22:53:48] [I] Average on 10 runs - GPU latency: 0.4436 ms - Host latency: 0.453827 ms (enqueue 0.156247 ms)
[01/02/2024-22:53:48] [I] Average on 10 runs - GPU latency: 0.435391 ms - Host latency: 0.445346 ms (enqueue 0.127966 ms)
[01/02/2024-22:53:48] [I] Average on 10 runs - GPU latency: 0.433963 ms - Host latency: 0.444022 ms (enqueue 0.134299 ms)
[01/02/2024-22:53:48] [I] Average on 10 runs - GPU latency: 0.448099 ms - Host latency: 0.458383 ms (enqueue 0.125064 ms)
[01/02/2024-22:53:48] [I] Average on 10 runs - GPU latency: 0.48197 ms - Host latency: 0.493423 ms (enqueue 0.127179 ms)
[01/02/2024-22:53:48] [I] Average on 10 runs - GPU latency: 0.431616 ms - Host latency: 0.441367 ms (enqueue 0.124551 ms)
[01/02/2024-22:53:48] [I] Average on 10 runs - GPU latency: 0.424124 ms - Host latency: 0.434143 ms (enqueue 0.124799 ms)
[01/02/2024-22:53:48] [I] Average on 10 runs - GPU latency: 0.433759 ms - Host latency: 0.443805 ms (enqueue 0.130109 ms)
[01/02/2024-22:53:48] [I] Average on 10 runs - GPU latency: 0.434375 ms - Host latency: 0.444876 ms (enqueue 0.121829 ms)
[01/02/2024-22:53:48] [I] Average on 10 runs - GPU latency: 0.436114 ms - Host latency: 0.446268 ms (enqueue 0.124503 ms)
[01/02/2024-22:53:48] [I] Average on 10 runs - GPU latency: 0.437659 ms - Host latency: 0.447455 ms (enqueue 0.123465 ms)
[01/02/2024-22:53:48] [I] Average on 10 runs - GPU latency: 0.439398 ms - Host latency: 0.449036 ms (enqueue 0.127225 ms)
[01/02/2024-22:53:48] [I] Average on 10 runs - GPU latency: 0.446976 ms - Host latency: 0.457761 ms (enqueue 0.120993 ms)
[01/02/2024-22:53:48] [I] Average on 10 runs - GPU latency: 0.445343 ms - Host latency: 0.45556 ms (enqueue 0.121594 ms)
[01/02/2024-22:53:48] [I] Average on 10 runs - GPU latency: 0.428851 ms - Host latency: 0.439182 ms (enqueue 0.12305 ms)
[01/02/2024-22:53:48] [I] Average on 10 runs - GPU latency: 0.45097 ms - Host latency: 0.461276 ms (enqueue 0.126425 ms)
[01/02/2024-22:53:48] [I] Average on 10 runs - GPU latency: 0.44155 ms - Host latency: 0.451172 ms (enqueue 0.130762 ms)
[01/02/2024-22:53:48] [I] Average on 10 runs - GPU latency: 0.451062 ms - Host latency: 0.46181 ms (enqueue 0.123422 ms)
[01/02/2024-22:53:48] [I] Average on 10 runs - GPU latency: 0.460687 ms - Host latency: 0.470862 ms (enqueue 0.138739 ms)
[01/02/2024-22:53:48] [I] Average on 10 runs - GPU latency: 0.446664 ms - Host latency: 0.456741 ms (enqueue 0.12963 ms)
[01/02/2024-22:53:48] [I] Average on 10 runs - GPU latency: 0.443695 ms - Host latency: 0.454016 ms (enqueue 0.148532 ms)
[01/02/2024-22:53:48] [I] Average on 10 runs - GPU latency: 0.464886 ms - Host latency: 0.475159 ms (enqueue 0.16893 ms)
[01/02/2024-22:53:48] [I] Average on 10 runs - GPU latency: 0.452408 ms - Host latency: 0.46265 ms (enqueue 0.152762 ms)
[01/02/2024-22:53:48] [I] Average on 10 runs - GPU latency: 0.470218 ms - Host latency: 0.480484 ms (enqueue 0.150827 ms)
[01/02/2024-22:53:48] [I] Average on 10 runs - GPU latency: 0.449026 ms - Host latency: 0.458792 ms (enqueue 0.157861 ms)
[01/02/2024-22:53:48] [I] Average on 10 runs - GPU latency: 0.452396 ms - Host latency: 0.462494 ms (enqueue 0.156036 ms)
[01/02/2024-22:53:48] [I] Average on 10 runs - GPU latency: 0.45813 ms - Host latency: 0.468423 ms (enqueue 0.165732 ms)
[01/02/2024-22:53:48] [I] Average on 10 runs - GPU latency: 0.450146 ms - Host latency: 0.460455 ms (enqueue 0.158679 ms)
[01/02/2024-22:53:48] [I] Average on 10 runs - GPU latency: 0.461423 ms - Host latency: 0.471704 ms (enqueue 0.165155 ms)
[01/02/2024-22:53:48] [I] Average on 10 runs - GPU latency: 0.457211 ms - Host latency: 0.467926 ms (enqueue 0.155939 ms)
[01/02/2024-22:53:48] [I] Average on 10 runs - GPU latency: 0.457718 ms - Host latency: 0.468164 ms (enqueue 0.158649 ms)
[01/02/2024-22:53:48] [I] Average on 10 runs - GPU latency: 0.444312 ms - Host latency: 0.454031 ms (enqueue 0.160754 ms)
[01/02/2024-22:53:48] [I] Average on 10 runs - GPU latency: 0.453836 ms - Host latency: 0.463925 ms (enqueue 0.157422 ms)
[01/02/2024-22:53:48] [I] Average on 10 runs - GPU latency: 0.477795 ms - Host latency: 0.488461 ms (enqueue 0.155026 ms)
[01/02/2024-22:53:48] [I] Average on 10 runs - GPU latency: 0.465201 ms - Host latency: 0.476044 ms (enqueue 0.166904 ms)
[01/02/2024-22:53:48] [I] Average on 10 runs - GPU latency: 0.45004 ms - Host latency: 0.460422 ms (enqueue 0.157468 ms)
[01/02/2024-22:53:48] [I] Average on 10 runs - GPU latency: 0.448721 ms - Host latency: 0.459372 ms (enqueue 0.164447 ms)
[01/02/2024-22:53:48] [I] Average on 10 runs - GPU latency: 0.453632 ms - Host latency: 0.463815 ms (enqueue 0.156866 ms)
[01/02/2024-22:53:48] [I] Average on 10 runs - GPU latency: 0.473795 ms - Host latency: 0.483636 ms (enqueue 0.169418 ms)
[01/02/2024-22:53:48] [I] Average on 10 runs - GPU latency: 0.459152 ms - Host latency: 0.469897 ms (enqueue 0.155814 ms)
[01/02/2024-22:53:48] [I] Average on 10 runs - GPU latency: 0.42804 ms - Host latency: 0.438406 ms (enqueue 0.139902 ms)
[01/02/2024-22:53:48] [I] Average on 10 runs - GPU latency: 0.467758 ms - Host latency: 0.479517 ms (enqueue 0.190247 ms)
[01/02/2024-22:53:48] [I] Average on 10 runs - GPU latency: 0.459131 ms - Host latency: 0.468924 ms (enqueue 0.170618 ms)
[01/02/2024-22:53:48] [I] Average on 10 runs - GPU latency: 0.442151 ms - Host latency: 0.452734 ms (enqueue 0.167255 ms)
[01/02/2024-22:53:48] [I] Average on 10 runs - GPU latency: 0.455804 ms - Host latency: 0.466205 ms (enqueue 0.177197 ms)
[01/02/2024-22:53:48] [I] Average on 10 runs - GPU latency: 0.45752 ms - Host latency: 0.468372 ms (enqueue 0.169672 ms)
[01/02/2024-22:53:48] [I] Average on 10 runs - GPU latency: 0.459973 ms - Host latency: 0.470599 ms (enqueue 0.178717 ms)
[01/02/2024-22:53:48] [I] Average on 10 runs - GPU latency: 0.477094 ms - Host latency: 0.487445 ms (enqueue 0.158868 ms)
[01/02/2024-22:53:48] [I] Average on 10 runs - GPU latency: 0.457739 ms - Host latency: 0.46806 ms (enqueue 0.160333 ms)
[01/02/2024-22:53:48] [I] Average on 10 runs - GPU latency: 0.466022 ms - Host latency: 0.476013 ms (enqueue 0.161047 ms)
[01/02/2024-22:53:48] [I] Average on 10 runs - GPU latency: 0.476361 ms - Host latency: 0.486774 ms (enqueue 0.164087 ms)
[01/02/2024-22:53:48] [I] Average on 10 runs - GPU latency: 0.458435 ms - Host latency: 0.468616 ms (enqueue 0.161371 ms)
[01/02/2024-22:53:48] [I] Average on 10 runs - GPU latency: 0.455273 ms - Host latency: 0.465558 ms (enqueue 0.158557 ms)
[01/02/2024-22:53:48] [I] Average on 10 runs - GPU latency: 0.466638 ms - Host latency: 0.476782 ms (enqueue 0.163354 ms)
[01/02/2024-22:53:48] [I] Average on 10 runs - GPU latency: 0.45578 ms - Host latency: 0.465894 ms (enqueue 0.156549 ms)
[01/02/2024-22:53:48] [I] Average on 10 runs - GPU latency: 0.499615 ms - Host latency: 0.510059 ms (enqueue 0.216748 ms)
[01/02/2024-22:53:48] [I] Average on 10 runs - GPU latency: 0.476154 ms - Host latency: 0.486761 ms (enqueue 0.190527 ms)
[01/02/2024-22:53:48] [I] Average on 10 runs - GPU latency: 0.458344 ms - Host latency: 0.469098 ms (enqueue 0.167627 ms)
[01/02/2024-22:53:48] [I] Average on 10 runs - GPU latency: 0.449738 ms - Host latency: 0.45954 ms (enqueue 0.175574 ms)
[01/02/2024-22:53:48] [I] Average on 10 runs - GPU latency: 0.469897 ms - Host latency: 0.479999 ms (enqueue 0.163336 ms)
[01/02/2024-22:53:48] [I] Average on 10 runs - GPU latency: 0.471136 ms - Host latency: 0.48158 ms (enqueue 0.162616 ms)
[01/02/2024-22:53:48] [I] Average on 10 runs - GPU latency: 0.455591 ms - Host latency: 0.466144 ms (enqueue 0.160468 ms)
[01/02/2024-22:53:48] [I] Average on 10 runs - GPU latency: 0.45722 ms - Host latency: 0.467719 ms (enqueue 0.16275 ms)
[01/02/2024-22:53:48] [I] Average on 10 runs - GPU latency: 0.451892 ms - Host latency: 0.46217 ms (enqueue 0.16192 ms)
[01/02/2024-22:53:48] [I] Average on 10 runs - GPU latency: 0.473712 ms - Host latency: 0.484131 ms (enqueue 0.162451 ms)
[01/02/2024-22:53:48] [I] Average on 10 runs - GPU latency: 0.47074 ms - Host latency: 0.480634 ms (enqueue 0.160785 ms)
[01/02/2024-22:53:48] [I] Average on 10 runs - GPU latency: 0.469098 ms - Host latency: 0.479279 ms (enqueue 0.162799 ms)
[01/02/2024-22:53:48] [I] Average on 10 runs - GPU latency: 0.461414 ms - Host latency: 0.471954 ms (enqueue 0.161334 ms)
[01/02/2024-22:53:48] [I] Average on 10 runs - GPU latency: 0.46521 ms - Host latency: 0.475891 ms (enqueue 0.166266 ms)
[01/02/2024-22:53:48] [I] Average on 10 runs - GPU latency: 0.426904 ms - Host latency: 0.436963 ms (enqueue 0.135925 ms)
[01/02/2024-22:53:48] [I] Average on 10 runs - GPU latency: 0.418396 ms - Host latency: 0.428845 ms (enqueue 0.128308 ms)
[01/02/2024-22:53:48] [I] Average on 10 runs - GPU latency: 0.404785 ms - Host latency: 0.414844 ms (enqueue 0.122192 ms)
[01/02/2024-22:53:48] [I] Average on 10 runs - GPU latency: 0.414416 ms - Host latency: 0.424438 ms (enqueue 0.122107 ms)
[01/02/2024-22:53:48] [I] Average on 10 runs - GPU latency: 0.409998 ms - Host latency: 0.420026 ms (enqueue 0.120197 ms)
[01/02/2024-22:53:48] [I] Average on 10 runs - GPU latency: 0.406323 ms - Host latency: 0.416742 ms (enqueue 0.123486 ms)
[01/02/2024-22:53:48] [I] Average on 10 runs - GPU latency: 0.411438 ms - Host latency: 0.422095 ms (enqueue 0.126337 ms)
[01/02/2024-22:53:48] [I] Average on 10 runs - GPU latency: 0.397821 ms - Host latency: 0.407996 ms (enqueue 0.119989 ms)
[01/02/2024-22:53:48] [I] Average on 10 runs - GPU latency: 0.405304 ms - Host latency: 0.415631 ms (enqueue 0.120136 ms)
[01/02/2024-22:53:48] [I] Average on 10 runs - GPU latency: 0.40235 ms - Host latency: 0.412677 ms (enqueue 0.126593 ms)
[01/02/2024-22:53:48] [I] Average on 10 runs - GPU latency: 0.40274 ms - Host latency: 0.412994 ms (enqueue 0.125153 ms)
[01/02/2024-22:53:48] [I] Average on 10 runs - GPU latency: 0.398743 ms - Host latency: 0.408508 ms (enqueue 0.123315 ms)
[01/02/2024-22:53:48] [I] Average on 10 runs - GPU latency: 0.540686 ms - Host latency: 0.550677 ms (enqueue 0.126971 ms)
[01/02/2024-22:53:48] [I] Average on 10 runs - GPU latency: 0.414203 ms - Host latency: 0.424316 ms (enqueue 0.282111 ms)
[01/02/2024-22:53:48] [I] Average on 10 runs - GPU latency: 0.407648 ms - Host latency: 0.416986 ms (enqueue 0.130481 ms)
[01/02/2024-22:53:48] [I] Average on 10 runs - GPU latency: 0.412451 ms - Host latency: 0.42309 ms (enqueue 0.133838 ms)
[01/02/2024-22:53:48] [I] Average on 10 runs - GPU latency: 0.430804 ms - Host latency: 0.440759 ms (enqueue 0.151648 ms)
[01/02/2024-22:53:48] [I] Average on 10 runs - GPU latency: 0.417084 ms - Host latency: 0.426727 ms (enqueue 0.134882 ms)
[01/02/2024-22:53:48] [I] Average on 10 runs - GPU latency: 0.431079 ms - Host latency: 0.440552 ms (enqueue 0.135364 ms)
[01/02/2024-22:53:48] [I] Average on 10 runs - GPU latency: 0.411749 ms - Host latency: 0.42287 ms (enqueue 0.132019 ms)
[01/02/2024-22:53:48] [I] Average on 10 runs - GPU latency: 0.428101 ms - Host latency: 0.439301 ms (enqueue 0.135889 ms)
[01/02/2024-22:53:48] [I] Average on 10 runs - GPU latency: 0.411664 ms - Host latency: 0.421844 ms (enqueue 0.140161 ms)
[01/02/2024-22:53:48] [I] Average on 10 runs - GPU latency: 0.407953 ms - Host latency: 0.417584 ms (enqueue 0.128314 ms)
[01/02/2024-22:53:48] [I] Average on 10 runs - GPU latency: 0.417487 ms - Host latency: 0.42796 ms (enqueue 0.130304 ms)
[01/02/2024-22:53:48] [I] Average on 10 runs - GPU latency: 0.415125 ms - Host latency: 0.425385 ms (enqueue 0.148242 ms)
[01/02/2024-22:53:48] [I] Average on 10 runs - GPU latency: 0.426508 ms - Host latency: 0.436743 ms (enqueue 0.127692 ms)
[01/02/2024-22:53:48] [I] Average on 10 runs - GPU latency: 0.414923 ms - Host latency: 0.424634 ms (enqueue 0.134448 ms)
[01/02/2024-22:53:48] [I] Average on 10 runs - GPU latency: 0.420129 ms - Host latency: 0.430182 ms (enqueue 0.130573 ms)
[01/02/2024-22:53:48] [I] Average on 10 runs - GPU latency: 0.41236 ms - Host latency: 0.422809 ms (enqueue 0.143671 ms)
[01/02/2024-22:53:48] [I] Average on 10 runs - GPU latency: 0.433978 ms - Host latency: 0.443524 ms (enqueue 0.151654 ms)
[01/02/2024-22:53:48] [I] Average on 10 runs - GPU latency: 0.454047 ms - Host latency: 0.464246 ms (enqueue 0.148114 ms)
[01/02/2024-22:53:48] [I] Average on 10 runs - GPU latency: 0.450354 ms - Host latency: 0.460474 ms (enqueue 0.145679 ms)
[01/02/2024-22:53:48] [I] Average on 10 runs - GPU latency: 0.45517 ms - Host latency: 0.465558 ms (enqueue 0.150671 ms)
[01/02/2024-22:53:48] [I] Average on 10 runs - GPU latency: 0.458539 ms - Host latency: 0.468256 ms (enqueue 0.149854 ms)
[01/02/2024-22:53:48] [I] Average on 10 runs - GPU latency: 0.449628 ms - Host latency: 0.459772 ms (enqueue 0.150146 ms)
[01/02/2024-22:53:48] [I] Average on 10 runs - GPU latency: 0.45578 ms - Host latency: 0.465796 ms (enqueue 0.155444 ms)
[01/02/2024-22:53:48] [I] Average on 10 runs - GPU latency: 0.452411 ms - Host latency: 0.462286 ms (enqueue 0.155237 ms)
[01/02/2024-22:53:48] [I] Average on 10 runs - GPU latency: 0.451385 ms - Host latency: 0.461554 ms (enqueue 0.149249 ms)
[01/02/2024-22:53:48] [I] Average on 10 runs - GPU latency: 0.4521 ms - Host latency: 0.462531 ms (enqueue 0.150964 ms)
[01/02/2024-22:53:48] [I] Average on 10 runs - GPU latency: 0.454034 ms - Host latency: 0.464288 ms (enqueue 0.152588 ms)
[01/02/2024-22:53:48] [I] Average on 10 runs - GPU latency: 0.450879 ms - Host latency: 0.461542 ms (enqueue 0.151276 ms)
[01/02/2024-22:53:48] [I] Average on 10 runs - GPU latency: 0.453522 ms - Host latency: 0.46391 ms (enqueue 0.153345 ms)
[01/02/2024-22:53:48] [I] Average on 10 runs - GPU latency: 0.452588 ms - Host latency: 0.462891 ms (enqueue 0.150427 ms)
[01/02/2024-22:53:48] [I] Average on 10 runs - GPU latency: 0.453009 ms - Host latency: 0.463635 ms (enqueue 0.147223 ms)
[01/02/2024-22:53:48] [I] Average on 10 runs - GPU latency: 0.440717 ms - Host latency: 0.450946 ms (enqueue 0.156458 ms)
[01/02/2024-22:53:48] [I] Average on 10 runs - GPU latency: 0.455566 ms - Host latency: 0.466315 ms (enqueue 0.145807 ms)
[01/02/2024-22:53:48] [I] Average on 10 runs - GPU latency: 0.457526 ms - Host latency: 0.467999 ms (enqueue 0.143817 ms)
[01/02/2024-22:53:48] [I] Average on 10 runs - GPU latency: 0.448206 ms - Host latency: 0.458539 ms (enqueue 0.147699 ms)
[01/02/2024-22:53:48] [I] Average on 10 runs - GPU latency: 0.452808 ms - Host latency: 0.462762 ms (enqueue 0.157397 ms)
[01/02/2024-22:53:48] [I] Average on 10 runs - GPU latency: 0.450763 ms - Host latency: 0.460815 ms (enqueue 0.151495 ms)
[01/02/2024-22:53:48] [I] Average on 10 runs - GPU latency: 0.451068 ms - Host latency: 0.461066 ms (enqueue 0.148462 ms)
[01/02/2024-22:53:48] [I] Average on 10 runs - GPU latency: 0.454956 ms - Host latency: 0.464911 ms (enqueue 0.150848 ms)
[01/02/2024-22:53:48] [I] Average on 10 runs - GPU latency: 0.460175 ms - Host latency: 0.469977 ms (enqueue 0.187976 ms)
[01/02/2024-22:53:48] [I] Average on 10 runs - GPU latency: 0.486499 ms - Host latency: 0.496936 ms (enqueue 0.333685 ms)
[01/02/2024-22:53:48] [I] Average on 10 runs - GPU latency: 0.456903 ms - Host latency: 0.467792 ms (enqueue 0.242987 ms)
[01/02/2024-22:53:48] [I] Average on 10 runs - GPU latency: 0.426794 ms - Host latency: 0.436981 ms (enqueue 0.129407 ms)
[01/02/2024-22:53:48] [I] Average on 10 runs - GPU latency: 0.442975 ms - Host latency: 0.453626 ms (enqueue 0.143433 ms)
[01/02/2024-22:53:48] [I] Average on 10 runs - GPU latency: 0.446277 ms - Host latency: 0.456189 ms (enqueue 0.143549 ms)
[01/02/2024-22:53:48] [I] Average on 10 runs - GPU latency: 0.445441 ms - Host latency: 0.455707 ms (enqueue 0.188007 ms)
[01/02/2024-22:53:48] [I] Average on 10 runs - GPU latency: 0.437762 ms - Host latency: 0.448083 ms (enqueue 0.174402 ms)
[01/02/2024-22:53:48] [I] Average on 10 runs - GPU latency: 0.463153 ms - Host latency: 0.47348 ms (enqueue 0.179419 ms)
[01/02/2024-22:53:48] [I] Average on 10 runs - GPU latency: 0.462231 ms - Host latency: 0.472723 ms (enqueue 0.180463 ms)
[01/02/2024-22:53:48] [I] Average on 10 runs - GPU latency: 0.467139 ms - Host latency: 0.477588 ms (enqueue 0.173328 ms)
[01/02/2024-22:53:48] [I] Average on 10 runs - GPU latency: 0.435095 ms - Host latency: 0.445605 ms (enqueue 0.156738 ms)
[01/02/2024-22:53:48] [I] Average on 10 runs - GPU latency: 0.439294 ms - Host latency: 0.449231 ms (enqueue 0.156177 ms)
[01/02/2024-22:53:48] [I] Average on 10 runs - GPU latency: 0.442786 ms - Host latency: 0.453082 ms (enqueue 0.154218 ms)
[01/02/2024-22:53:48] [I] Average on 10 runs - GPU latency: 0.436346 ms - Host latency: 0.446558 ms (enqueue 0.150537 ms)
[01/02/2024-22:53:48] [I] Average on 10 runs - GPU latency: 0.445233 ms - Host latency: 0.455096 ms (enqueue 0.158868 ms)
[01/02/2024-22:53:48] [I] Average on 10 runs - GPU latency: 0.443805 ms - Host latency: 0.45365 ms (enqueue 0.148901 ms)
[01/02/2024-22:53:48] [I] Average on 10 runs - GPU latency: 0.45556 ms - Host latency: 0.465857 ms (enqueue 0.164215 ms)
[01/02/2024-22:53:48] [I] Average on 10 runs - GPU latency: 0.470837 ms - Host latency: 0.480811 ms (enqueue 0.149188 ms)
[01/02/2024-22:53:48] [I] Average on 10 runs - GPU latency: 0.455487 ms - Host latency: 0.465826 ms (enqueue 0.151642 ms)
[01/02/2024-22:53:48] [I] Average on 10 runs - GPU latency: 0.457007 ms - Host latency: 0.467474 ms (enqueue 0.151227 ms)
[01/02/2024-22:53:48] [I] Average on 10 runs - GPU latency: 0.458441 ms - Host latency: 0.468243 ms (enqueue 0.159589 ms)
[01/02/2024-22:53:48] [I] Average on 10 runs - GPU latency: 0.453119 ms - Host latency: 0.463684 ms (enqueue 0.148059 ms)
[01/02/2024-22:53:48] [I] Average on 10 runs - GPU latency: 0.458044 ms - Host latency: 0.468396 ms (enqueue 0.191895 ms)
[01/02/2024-22:53:48] [I] Average on 10 runs - GPU latency: 0.461316 ms - Host latency: 0.471613 ms (enqueue 0.189215 ms)
[01/02/2024-22:53:48] [I] Average on 10 runs - GPU latency: 0.462323 ms - Host latency: 0.472571 ms (enqueue 0.192438 ms)
[01/02/2024-22:53:48] [I] Average on 10 runs - GPU latency: 0.469806 ms - Host latency: 0.480328 ms (enqueue 0.193323 ms)
[01/02/2024-22:53:48] [I] Average on 10 runs - GPU latency: 0.463049 ms - Host latency: 0.47298 ms (enqueue 0.186005 ms)
[01/02/2024-22:53:48] [I] Average on 10 runs - GPU latency: 0.461633 ms - Host latency: 0.471539 ms (enqueue 0.185455 ms)
[01/02/2024-22:53:48] [I] Average on 10 runs - GPU latency: 0.463959 ms - Host latency: 0.474518 ms (enqueue 0.186725 ms)
[01/02/2024-22:53:48] [I] Average on 10 runs - GPU latency: 0.459979 ms - Host latency: 0.470966 ms (enqueue 0.188409 ms)
[01/02/2024-22:53:48] [I] Average on 10 runs - GPU latency: 0.463953 ms - Host latency: 0.474078 ms (enqueue 0.194617 ms)
[01/02/2024-22:53:48] [I] Average on 10 runs - GPU latency: 0.463666 ms - Host latency: 0.473682 ms (enqueue 0.193896 ms)
[01/02/2024-22:53:48] [I] Average on 10 runs - GPU latency: 0.468274 ms - Host latency: 0.478595 ms (enqueue 0.203711 ms)
[01/02/2024-22:53:48] [I] Average on 10 runs - GPU latency: 0.464691 ms - Host latency: 0.47478 ms (enqueue 0.205139 ms)
[01/02/2024-22:53:48] [I] Average on 10 runs - GPU latency: 0.460059 ms - Host latency: 0.470337 ms (enqueue 0.173645 ms)
[01/02/2024-22:53:48] [I] Average on 10 runs - GPU latency: 0.455566 ms - Host latency: 0.46532 ms (enqueue 0.163953 ms)
[01/02/2024-22:53:48] [I] Average on 10 runs - GPU latency: 0.455981 ms - Host latency: 0.46759 ms (enqueue 0.154321 ms)
[01/02/2024-22:53:48] [I] Average on 10 runs - GPU latency: 0.453516 ms - Host latency: 0.463525 ms (enqueue 0.145435 ms)
[01/02/2024-22:53:48] [I] Average on 10 runs - GPU latency: 0.457837 ms - Host latency: 0.468201 ms (enqueue 0.142786 ms)
[01/02/2024-22:53:48] [I] Average on 10 runs - GPU latency: 0.448486 ms - Host latency: 0.458325 ms (enqueue 0.145471 ms)
[01/02/2024-22:53:48] [I] Average on 10 runs - GPU latency: 0.457031 ms - Host latency: 0.467139 ms (enqueue 0.145239 ms)
[01/02/2024-22:53:48] [I] Average on 10 runs - GPU latency: 0.449438 ms - Host latency: 0.460071 ms (enqueue 0.148584 ms)
[01/02/2024-22:53:48] [I] Average on 10 runs - GPU latency: 0.448071 ms - Host latency: 0.458398 ms (enqueue 0.147375 ms)
[01/02/2024-22:53:48] [I] Average on 10 runs - GPU latency: 0.45188 ms - Host latency: 0.46239 ms (enqueue 0.145581 ms)
[01/02/2024-22:53:48] [I] Average on 10 runs - GPU latency: 0.4552 ms - Host latency: 0.465173 ms (enqueue 0.1453 ms)
[01/02/2024-22:53:48] [I] Average on 10 runs - GPU latency: 0.451599 ms - Host latency: 0.461914 ms (enqueue 0.149622 ms)
[01/02/2024-22:53:48] [I] Average on 10 runs - GPU latency: 0.432739 ms - Host latency: 0.442175 ms (enqueue 0.167346 ms)
[01/02/2024-22:53:48] [I] Average on 10 runs - GPU latency: 0.410522 ms - Host latency: 0.419702 ms (enqueue 0.129065 ms)
[01/02/2024-22:53:48] [I] Average on 10 runs - GPU latency: 0.422571 ms - Host latency: 0.43418 ms (enqueue 0.130505 ms)
[01/02/2024-22:53:48] [I] Average on 10 runs - GPU latency: 0.421167 ms - Host latency: 0.432349 ms (enqueue 0.134668 ms)
[01/02/2024-22:53:48] [I] Average on 10 runs - GPU latency: 0.448499 ms - Host latency: 0.460327 ms (enqueue 0.148572 ms)
[01/02/2024-22:53:48] [I] Average on 10 runs - GPU latency: 0.421411 ms - Host latency: 0.432544 ms (enqueue 0.186841 ms)
[01/02/2024-22:53:48] [I] Average on 10 runs - GPU latency: 0.413916 ms - Host latency: 0.424683 ms (enqueue 0.137122 ms)
[01/02/2024-22:53:48] [I] Average on 10 runs - GPU latency: 0.405994 ms - Host latency: 0.416138 ms (enqueue 0.140747 ms)
[01/02/2024-22:53:48] [I] Average on 10 runs - GPU latency: 0.409387 ms - Host latency: 0.419995 ms (enqueue 0.134656 ms)
[01/02/2024-22:53:48] [I] Average on 10 runs - GPU latency: 0.409277 ms - Host latency: 0.419995 ms (enqueue 0.134521 ms)
[01/02/2024-22:53:48] [I] Average on 10 runs - GPU latency: 0.403662 ms - Host latency: 0.414099 ms (enqueue 0.125513 ms)
[01/02/2024-22:53:48] [I] Average on 10 runs - GPU latency: 0.40968 ms - Host latency: 0.419641 ms (enqueue 0.132239 ms)
[01/02/2024-22:53:48] [I] Average on 10 runs - GPU latency: 0.400488 ms - Host latency: 0.410242 ms (enqueue 0.125317 ms)
[01/02/2024-22:53:48] [I] Average on 10 runs - GPU latency: 0.39823 ms - Host latency: 0.40835 ms (enqueue 0.121936 ms)
[01/02/2024-22:53:48] [I] Average on 10 runs - GPU latency: 0.407251 ms - Host latency: 0.417529 ms (enqueue 0.122302 ms)
[01/02/2024-22:53:48] [I] Average on 10 runs - GPU latency: 0.403271 ms - Host latency: 0.413428 ms (enqueue 0.126343 ms)
[01/02/2024-22:53:48] [I] Average on 10 runs - GPU latency: 0.402515 ms - Host latency: 0.41283 ms (enqueue 0.126086 ms)
[01/02/2024-22:53:48] [I] Average on 10 runs - GPU latency: 0.400281 ms - Host latency: 0.411755 ms (enqueue 0.126758 ms)
[01/02/2024-22:53:48] [I] Average on 10 runs - GPU latency: 0.404773 ms - Host latency: 0.415344 ms (enqueue 0.120886 ms)
[01/02/2024-22:53:48] [I] Average on 10 runs - GPU latency: 0.401294 ms - Host latency: 0.411719 ms (enqueue 0.121887 ms)
[01/02/2024-22:53:48] [I] Average on 10 runs - GPU latency: 0.406543 ms - Host latency: 0.416614 ms (enqueue 0.11803 ms)
[01/02/2024-22:53:48] [I] Average on 10 runs - GPU latency: 0.398035 ms - Host latency: 0.408435 ms (enqueue 0.118298 ms)
[01/02/2024-22:53:48] [I] Average on 10 runs - GPU latency: 0.402014 ms - Host latency: 0.412097 ms (enqueue 0.121472 ms)
[01/02/2024-22:53:48] [I] Average on 10 runs - GPU latency: 0.398975 ms - Host latency: 0.408862 ms (enqueue 0.115576 ms)
[01/02/2024-22:53:48] [I] Average on 10 runs - GPU latency: 0.401721 ms - Host latency: 0.411768 ms (enqueue 0.121948 ms)
[01/02/2024-22:53:48] [I] Average on 10 runs - GPU latency: 0.405713 ms - Host latency: 0.415808 ms (enqueue 0.1229 ms)
[01/02/2024-22:53:48] [I] Average on 10 runs - GPU latency: 0.401794 ms - Host latency: 0.411707 ms (enqueue 0.122217 ms)
[01/02/2024-22:53:48] [I] Average on 10 runs - GPU latency: 0.401196 ms - Host latency: 0.411584 ms (enqueue 0.121716 ms)
[01/02/2024-22:53:48] [I] Average on 10 runs - GPU latency: 0.402441 ms - Host latency: 0.412476 ms (enqueue 0.127356 ms)
[01/02/2024-22:53:48] [I] Average on 10 runs - GPU latency: 0.396509 ms - Host latency: 0.406506 ms (enqueue 0.118469 ms)
[01/02/2024-22:53:48] [I] Average on 10 runs - GPU latency: 0.395654 ms - Host latency: 0.405505 ms (enqueue 0.119861 ms)
[01/02/2024-22:53:48] [I] Average on 10 runs - GPU latency: 0.398706 ms - Host latency: 0.409082 ms (enqueue 0.1229 ms)
[01/02/2024-22:53:48] [I] Average on 10 runs - GPU latency: 0.399866 ms - Host latency: 0.410254 ms (enqueue 0.120251 ms)
[01/02/2024-22:53:48] [I] Average on 10 runs - GPU latency: 0.405591 ms - Host latency: 0.415906 ms (enqueue 0.12644 ms)
[01/02/2024-22:53:48] [I] Average on 10 runs - GPU latency: 0.399182 ms - Host latency: 0.409509 ms (enqueue 0.117041 ms)
[01/02/2024-22:53:48] [I] Average on 10 runs - GPU latency: 0.405566 ms - Host latency: 0.415491 ms (enqueue 0.119421 ms)
[01/02/2024-22:53:48] [I] Average on 10 runs - GPU latency: 0.405078 ms - Host latency: 0.414734 ms (enqueue 0.121558 ms)
[01/02/2024-22:53:48] [I] Average on 10 runs - GPU latency: 0.39845 ms - Host latency: 0.408521 ms (enqueue 0.122266 ms)
[01/02/2024-22:53:48] [I] Average on 10 runs - GPU latency: 0.403564 ms - Host latency: 0.413989 ms (enqueue 0.120715 ms)
[01/02/2024-22:53:48] [I] Average on 10 runs - GPU latency: 0.40437 ms - Host latency: 0.414404 ms (enqueue 0.11759 ms)
[01/02/2024-22:53:48] [I] Average on 10 runs - GPU latency: 0.411755 ms - Host latency: 0.422192 ms (enqueue 0.122766 ms)
[01/02/2024-22:53:48] [I] Average on 10 runs - GPU latency: 0.397424 ms - Host latency: 0.407727 ms (enqueue 0.117676 ms)
[01/02/2024-22:53:48] [I] Average on 10 runs - GPU latency: 0.396875 ms - Host latency: 0.406689 ms (enqueue 0.126428 ms)
[01/02/2024-22:53:48] [I] Average on 10 runs - GPU latency: 0.398218 ms - Host latency: 0.408142 ms (enqueue 0.121436 ms)
[01/02/2024-22:53:48] [I] Average on 10 runs - GPU latency: 0.401379 ms - Host latency: 0.411658 ms (enqueue 0.122644 ms)
[01/02/2024-22:53:48] [I] Average on 10 runs - GPU latency: 0.516699 ms - Host latency: 0.52644 ms (enqueue 0.275024 ms)
[01/02/2024-22:53:48] [I] Average on 10 runs - GPU latency: 0.40011 ms - Host latency: 0.409851 ms (enqueue 0.124084 ms)
[01/02/2024-22:53:48] [I] Average on 10 runs - GPU latency: 0.401184 ms - Host latency: 0.410583 ms (enqueue 0.122656 ms)
[01/02/2024-22:53:48] [I] Average on 10 runs - GPU latency: 0.395081 ms - Host latency: 0.404822 ms (enqueue 0.116943 ms)
[01/02/2024-22:53:48] [I] Average on 10 runs - GPU latency: 0.403467 ms - Host latency: 0.413464 ms (enqueue 0.120435 ms)
[01/02/2024-22:53:48] [I] Average on 10 runs - GPU latency: 0.396277 ms - Host latency: 0.406433 ms (enqueue 0.116577 ms)
[01/02/2024-22:53:48] [I] Average on 10 runs - GPU latency: 0.396277 ms - Host latency: 0.406567 ms (enqueue 0.117065 ms)
[01/02/2024-22:53:48] [I] Average on 10 runs - GPU latency: 0.400391 ms - Host latency: 0.409973 ms (enqueue 0.113538 ms)
[01/02/2024-22:53:48] [I] Average on 10 runs - GPU latency: 0.412939 ms - Host latency: 0.423352 ms (enqueue 0.166882 ms)
[01/02/2024-22:53:48] [I] Average on 10 runs - GPU latency: 0.404382 ms - Host latency: 0.413989 ms (enqueue 0.123254 ms)
[01/02/2024-22:53:48] [I] Average on 10 runs - GPU latency: 0.404053 ms - Host latency: 0.413477 ms (enqueue 0.141528 ms)
[01/02/2024-22:53:48] [I] Average on 10 runs - GPU latency: 0.402563 ms - Host latency: 0.412073 ms (enqueue 0.127417 ms)
[01/02/2024-22:53:48] [I] Average on 10 runs - GPU latency: 0.405737 ms - Host latency: 0.415234 ms (enqueue 0.122607 ms)
[01/02/2024-22:53:48] [I] Average on 10 runs - GPU latency: 0.399121 ms - Host latency: 0.409436 ms (enqueue 0.129248 ms)
[01/02/2024-22:53:48] [I] Average on 10 runs - GPU latency: 0.397693 ms - Host latency: 0.408081 ms (enqueue 0.122644 ms)
[01/02/2024-22:53:48] [I] Average on 10 runs - GPU latency: 0.399426 ms - Host latency: 0.40957 ms (enqueue 0.125269 ms)
[01/02/2024-22:53:48] [I] Average on 10 runs - GPU latency: 0.401453 ms - Host latency: 0.412048 ms (enqueue 0.124744 ms)
[01/02/2024-22:53:48] [I] Average on 10 runs - GPU latency: 0.402954 ms - Host latency: 0.412927 ms (enqueue 0.118799 ms)
[01/02/2024-22:53:48] [I] Average on 10 runs - GPU latency: 0.406409 ms - Host latency: 0.416577 ms (enqueue 0.124487 ms)
[01/02/2024-22:53:48] [I] Average on 10 runs - GPU latency: 0.401892 ms - Host latency: 0.411304 ms (enqueue 0.127356 ms)
[01/02/2024-22:53:48] [I] Average on 10 runs - GPU latency: 0.409412 ms - Host latency: 0.419153 ms (enqueue 0.127393 ms)
[01/02/2024-22:53:48] [I] Average on 10 runs - GPU latency: 0.408166 ms - Host latency: 0.418738 ms (enqueue 0.121924 ms)
[01/02/2024-22:53:48] [I] Average on 10 runs - GPU latency: 0.400269 ms - Host latency: 0.410327 ms (enqueue 0.119702 ms)
[01/02/2024-22:53:48] [I] Average on 10 runs - GPU latency: 0.398853 ms - Host latency: 0.409021 ms (enqueue 0.120886 ms)
[01/02/2024-22:53:48] [I] Average on 10 runs - GPU latency: 0.437964 ms - Host latency: 0.448181 ms (enqueue 0.152783 ms)
[01/02/2024-22:53:48] [I] Average on 10 runs - GPU latency: 0.430786 ms - Host latency: 0.441248 ms (enqueue 0.158716 ms)
[01/02/2024-22:53:48] [I] Average on 10 runs - GPU latency: 0.437842 ms - Host latency: 0.448083 ms (enqueue 0.148279 ms)
[01/02/2024-22:53:48] [I] Average on 10 runs - GPU latency: 0.447168 ms - Host latency: 0.457153 ms (enqueue 0.189636 ms)
[01/02/2024-22:53:48] [I] Average on 10 runs - GPU latency: 0.425769 ms - Host latency: 0.435608 ms (enqueue 0.16925 ms)
[01/02/2024-22:53:48] [I] Average on 10 runs - GPU latency: 0.426904 ms - Host latency: 0.436475 ms (enqueue 0.158252 ms)
[01/02/2024-22:53:48] [I] Average on 10 runs - GPU latency: 0.433569 ms - Host latency: 0.443274 ms (enqueue 0.158044 ms)
[01/02/2024-22:53:48] [I] Average on 10 runs - GPU latency: 0.43429 ms - Host latency: 0.44436 ms (enqueue 0.161987 ms)
[01/02/2024-22:53:48] [I] Average on 10 runs - GPU latency: 0.440222 ms - Host latency: 0.450378 ms (enqueue 0.154651 ms)
[01/02/2024-22:53:48] [I] Average on 10 runs - GPU latency: 0.452612 ms - Host latency: 0.462195 ms (enqueue 0.154272 ms)
[01/02/2024-22:53:48] [I] Average on 10 runs - GPU latency: 0.491321 ms - Host latency: 0.501648 ms (enqueue 0.353394 ms)
[01/02/2024-22:53:48] [I] Average on 10 runs - GPU latency: 0.483533 ms - Host latency: 0.494067 ms (enqueue 0.34895 ms)
[01/02/2024-22:53:48] [I] Average on 10 runs - GPU latency: 0.480347 ms - Host latency: 0.490137 ms (enqueue 0.335132 ms)
[01/02/2024-22:53:48] [I] Average on 10 runs - GPU latency: 0.482617 ms - Host latency: 0.492932 ms (enqueue 0.347876 ms)
[01/02/2024-22:53:48] [I] Average on 10 runs - GPU latency: 0.475977 ms - Host latency: 0.48645 ms (enqueue 0.326599 ms)
[01/02/2024-22:53:48] [I] Average on 10 runs - GPU latency: 0.422693 ms - Host latency: 0.432898 ms (enqueue 0.128821 ms)
[01/02/2024-22:53:48] [I] Average on 10 runs - GPU latency: 0.401196 ms - Host latency: 0.41145 ms (enqueue 0.126526 ms)
[01/02/2024-22:53:48] [I] Average on 10 runs - GPU latency: 0.408557 ms - Host latency: 0.418799 ms (enqueue 0.126147 ms)
[01/02/2024-22:53:48] [I] Average on 10 runs - GPU latency: 0.4047 ms - Host latency: 0.415234 ms (enqueue 0.121582 ms)
[01/02/2024-22:53:48] [I] Average on 10 runs - GPU latency: 0.40918 ms - Host latency: 0.41958 ms (enqueue 0.134155 ms)
[01/02/2024-22:53:48] [I] Average on 10 runs - GPU latency: 0.407031 ms - Host latency: 0.416638 ms (enqueue 0.144629 ms)
[01/02/2024-22:53:48] [I] Average on 10 runs - GPU latency: 0.401001 ms - Host latency: 0.410291 ms (enqueue 0.128674 ms)
[01/02/2024-22:53:48] [I] Average on 10 runs - GPU latency: 0.404443 ms - Host latency: 0.414233 ms (enqueue 0.125098 ms)
[01/02/2024-22:53:48] [I] Average on 10 runs - GPU latency: 0.399487 ms - Host latency: 0.40968 ms (enqueue 0.125928 ms)
[01/02/2024-22:53:48] [I] Average on 10 runs - GPU latency: 0.416565 ms - Host latency: 0.427051 ms (enqueue 0.146619 ms)
[01/02/2024-22:53:48] [I] Average on 10 runs - GPU latency: 0.406616 ms - Host latency: 0.416528 ms (enqueue 0.137878 ms)
[01/02/2024-22:53:48] [I] Average on 10 runs - GPU latency: 0.407666 ms - Host latency: 0.417407 ms (enqueue 0.128711 ms)
[01/02/2024-22:53:48] [I] Average on 10 runs - GPU latency: 0.401099 ms - Host latency: 0.411133 ms (enqueue 0.125574 ms)
[01/02/2024-22:53:48] [I] Average on 10 runs - GPU latency: 0.405798 ms - Host latency: 0.41637 ms (enqueue 0.126428 ms)
[01/02/2024-22:53:48] [I] Average on 10 runs - GPU latency: 0.401318 ms - Host latency: 0.411438 ms (enqueue 0.125623 ms)
[01/02/2024-22:53:48] [I] Average on 10 runs - GPU latency: 0.40874 ms - Host latency: 0.419287 ms (enqueue 0.128955 ms)
[01/02/2024-22:53:48] [I] Average on 10 runs - GPU latency: 0.412183 ms - Host latency: 0.422217 ms (enqueue 0.162036 ms)
[01/02/2024-22:53:48] [I] Average on 10 runs - GPU latency: 0.407324 ms - Host latency: 0.417041 ms (enqueue 0.124524 ms)
[01/02/2024-22:53:48] [I] Average on 10 runs - GPU latency: 0.404871 ms - Host latency: 0.414734 ms (enqueue 0.128625 ms)
[01/02/2024-22:53:48] [I] Average on 10 runs - GPU latency: 0.404077 ms - Host latency: 0.413635 ms (enqueue 0.129932 ms)
[01/02/2024-22:53:48] [I] Average on 10 runs - GPU latency: 0.399963 ms - Host latency: 0.409668 ms (enqueue 0.121887 ms)
[01/02/2024-22:53:48] [I] Average on 10 runs - GPU latency: 0.402441 ms - Host latency: 0.411584 ms (enqueue 0.12655 ms)
[01/02/2024-22:53:48] [I] Average on 10 runs - GPU latency: 0.407666 ms - Host latency: 0.417749 ms (enqueue 0.125354 ms)
[01/02/2024-22:53:48] [I] Average on 10 runs - GPU latency: 0.410925 ms - Host latency: 0.421387 ms (enqueue 0.145801 ms)
[01/02/2024-22:53:48] [I] Average on 10 runs - GPU latency: 0.421191 ms - Host latency: 0.43147 ms (enqueue 0.139343 ms)
[01/02/2024-22:53:48] [I] Average on 10 runs - GPU latency: 0.416589 ms - Host latency: 0.426636 ms (enqueue 0.149622 ms)
[01/02/2024-22:53:48] [I] Average on 10 runs - GPU latency: 0.413367 ms - Host latency: 0.423425 ms (enqueue 0.130408 ms)
[01/02/2024-22:53:48] [I] Average on 10 runs - GPU latency: 0.418542 ms - Host latency: 0.428662 ms (enqueue 0.139197 ms)
[01/02/2024-22:53:48] [I] Average on 10 runs - GPU latency: 0.423328 ms - Host latency: 0.432971 ms (enqueue 0.136951 ms)
[01/02/2024-22:53:48] [I] Average on 10 runs - GPU latency: 0.420679 ms - Host latency: 0.430811 ms (enqueue 0.133765 ms)
[01/02/2024-22:53:48] [I] Average on 10 runs - GPU latency: 0.416431 ms - Host latency: 0.427356 ms (enqueue 0.150598 ms)
[01/02/2024-22:53:48] [I] Average on 10 runs - GPU latency: 0.414722 ms - Host latency: 0.42655 ms (enqueue 0.132507 ms)
[01/02/2024-22:53:48] [I] Average on 10 runs - GPU latency: 0.418591 ms - Host latency: 0.428198 ms (enqueue 0.138904 ms)
[01/02/2024-22:53:48] [I] Average on 10 runs - GPU latency: 0.453809 ms - Host latency: 0.464343 ms (enqueue 0.164978 ms)
[01/02/2024-22:53:48] [I] Average on 10 runs - GPU latency: 0.449768 ms - Host latency: 0.460071 ms (enqueue 0.157959 ms)
[01/02/2024-22:53:48] [I] Average on 10 runs - GPU latency: 0.451477 ms - Host latency: 0.46189 ms (enqueue 0.160327 ms)
[01/02/2024-22:53:48] [I] Average on 10 runs - GPU latency: 0.451904 ms - Host latency: 0.462085 ms (enqueue 0.154956 ms)
[01/02/2024-22:53:48] [I] Average on 10 runs - GPU latency: 0.454382 ms - Host latency: 0.464319 ms (enqueue 0.155969 ms)
[01/02/2024-22:53:48] [I] Average on 10 runs - GPU latency: 0.456287 ms - Host latency: 0.466394 ms (enqueue 0.15199 ms)
[01/02/2024-22:53:48] [I] Average on 10 runs - GPU latency: 0.449634 ms - Host latency: 0.459692 ms (enqueue 0.155371 ms)
[01/02/2024-22:53:48] [I] Average on 10 runs - GPU latency: 0.449731 ms - Host latency: 0.459961 ms (enqueue 0.151477 ms)
[01/02/2024-22:53:48] [I] Average on 10 runs - GPU latency: 0.449915 ms - Host latency: 0.460095 ms (enqueue 0.157495 ms)
[01/02/2024-22:53:48] [I] Average on 10 runs - GPU latency: 0.449731 ms - Host latency: 0.460059 ms (enqueue 0.154639 ms)
[01/02/2024-22:53:48] [I] Average on 10 runs - GPU latency: 0.452332 ms - Host latency: 0.462036 ms (enqueue 0.155676 ms)
[01/02/2024-22:53:48] [I] Average on 10 runs - GPU latency: 0.448083 ms - Host latency: 0.458142 ms (enqueue 0.154541 ms)
[01/02/2024-22:53:48] [I] Average on 10 runs - GPU latency: 0.452112 ms - Host latency: 0.462305 ms (enqueue 0.162061 ms)
[01/02/2024-22:53:48] [I] Average on 10 runs - GPU latency: 0.453857 ms - Host latency: 0.464001 ms (enqueue 0.154956 ms)
[01/02/2024-22:53:48] [I] Average on 10 runs - GPU latency: 0.444836 ms - Host latency: 0.455493 ms (enqueue 0.151733 ms)
[01/02/2024-22:53:48] [I] Average on 10 runs - GPU latency: 0.452405 ms - Host latency: 0.46239 ms (enqueue 0.161035 ms)
[01/02/2024-22:53:48] [I] Average on 10 runs - GPU latency: 0.446643 ms - Host latency: 0.45719 ms (enqueue 0.132019 ms)
[01/02/2024-22:53:48] [I] Average on 10 runs - GPU latency: 0.430872 ms - Host latency: 0.440979 ms (enqueue 0.140503 ms)
[01/02/2024-22:53:48] [I] Average on 10 runs - GPU latency: 0.453699 ms - Host latency: 0.463782 ms (enqueue 0.145081 ms)
[01/02/2024-22:53:48] [I] Average on 10 runs - GPU latency: 0.464282 ms - Host latency: 0.474768 ms (enqueue 0.156445 ms)
[01/02/2024-22:53:48] [I] Average on 10 runs - GPU latency: 0.457532 ms - Host latency: 0.467383 ms (enqueue 0.166272 ms)
[01/02/2024-22:53:48] [I] Average on 10 runs - GPU latency: 0.453149 ms - Host latency: 0.46405 ms (enqueue 0.160059 ms)
[01/02/2024-22:53:48] [I] Average on 10 runs - GPU latency: 0.445508 ms - Host latency: 0.45603 ms (enqueue 0.16167 ms)
[01/02/2024-22:53:48] [I] Average on 10 runs - GPU latency: 0.451978 ms - Host latency: 0.462573 ms (enqueue 0.159009 ms)
[01/02/2024-22:53:48] [I] Average on 10 runs - GPU latency: 0.454041 ms - Host latency: 0.464331 ms (enqueue 0.161475 ms)
[01/02/2024-22:53:48] [I] Average on 10 runs - GPU latency: 0.444519 ms - Host latency: 0.454187 ms (enqueue 0.157654 ms)
[01/02/2024-22:53:48] [I] Average on 10 runs - GPU latency: 0.46438 ms - Host latency: 0.474878 ms (enqueue 0.167432 ms)
[01/02/2024-22:53:48] [I] Average on 10 runs - GPU latency: 0.467957 ms - Host latency: 0.47865 ms (enqueue 0.160193 ms)
[01/02/2024-22:53:48] [I] Average on 10 runs - GPU latency: 0.463074 ms - Host latency: 0.473474 ms (enqueue 0.174268 ms)
[01/02/2024-22:53:48] [I] Average on 10 runs - GPU latency: 0.452563 ms - Host latency: 0.462622 ms (enqueue 0.191028 ms)
[01/02/2024-22:53:48] [I] Average on 10 runs - GPU latency: 0.462024 ms - Host latency: 0.472644 ms (enqueue 0.159241 ms)
[01/02/2024-22:53:48] [I] Average on 10 runs - GPU latency: 0.45885 ms - Host latency: 0.468958 ms (enqueue 0.160693 ms)
[01/02/2024-22:53:48] [I] Average on 10 runs - GPU latency: 0.464868 ms - Host latency: 0.474817 ms (enqueue 0.161755 ms)
[01/02/2024-22:53:48] [I] Average on 10 runs - GPU latency: 0.451074 ms - Host latency: 0.461426 ms (enqueue 0.155762 ms)
[01/02/2024-22:53:48] [I] Average on 10 runs - GPU latency: 0.451086 ms - Host latency: 0.461743 ms (enqueue 0.129993 ms)
[01/02/2024-22:53:48] [I] Average on 10 runs - GPU latency: 0.444604 ms - Host latency: 0.462659 ms (enqueue 0.130566 ms)
[01/02/2024-22:53:48] [I] Average on 10 runs - GPU latency: 0.439404 ms - Host latency: 0.449951 ms (enqueue 0.120081 ms)
[01/02/2024-22:53:48] [I] Average on 10 runs - GPU latency: 0.438171 ms - Host latency: 0.448242 ms (enqueue 0.117896 ms)
[01/02/2024-22:53:48] [I] Average on 10 runs - GPU latency: 0.432849 ms - Host latency: 0.442993 ms (enqueue 0.117603 ms)
[01/02/2024-22:53:48] [I] Average on 10 runs - GPU latency: 0.41521 ms - Host latency: 0.42533 ms (enqueue 0.117761 ms)
[01/02/2024-22:53:48] [I] Average on 10 runs - GPU latency: 0.43656 ms - Host latency: 0.446899 ms (enqueue 0.124695 ms)
[01/02/2024-22:53:48] [I] Average on 10 runs - GPU latency: 0.43385 ms - Host latency: 0.44386 ms (enqueue 0.11897 ms)
[01/02/2024-22:53:48] [I] Average on 10 runs - GPU latency: 0.440735 ms - Host latency: 0.451306 ms (enqueue 0.123889 ms)
[01/02/2024-22:53:48] [I] Average on 10 runs - GPU latency: 0.426599 ms - Host latency: 0.436902 ms (enqueue 0.132959 ms)
[01/02/2024-22:53:48] [I] Average on 10 runs - GPU latency: 0.430298 ms - Host latency: 0.440564 ms (enqueue 0.12168 ms)
[01/02/2024-22:53:48] [I] Average on 10 runs - GPU latency: 0.44093 ms - Host latency: 0.451025 ms (enqueue 0.126208 ms)
[01/02/2024-22:53:48] [I] Average on 10 runs - GPU latency: 0.452112 ms - Host latency: 0.462354 ms (enqueue 0.126453 ms)
[01/02/2024-22:53:48] [I] Average on 10 runs - GPU latency: 0.454956 ms - Host latency: 0.465833 ms (enqueue 0.126001 ms)
[01/02/2024-22:53:48] [I] Average on 10 runs - GPU latency: 0.440503 ms - Host latency: 0.450452 ms (enqueue 0.123962 ms)
[01/02/2024-22:53:48] [I] Average on 10 runs - GPU latency: 0.434973 ms - Host latency: 0.445532 ms (enqueue 0.127698 ms)
[01/02/2024-22:53:48] [I] Average on 10 runs - GPU latency: 0.437561 ms - Host latency: 0.448071 ms (enqueue 0.128381 ms)
[01/02/2024-22:53:48] [I] Average on 10 runs - GPU latency: 0.449011 ms - Host latency: 0.460938 ms (enqueue 0.125806 ms)
[01/02/2024-22:53:48] [I] Average on 10 runs - GPU latency: 0.430615 ms - Host latency: 0.440625 ms (enqueue 0.12561 ms)
[01/02/2024-22:53:48] [I] Average on 10 runs - GPU latency: 0.433447 ms - Host latency: 0.443542 ms (enqueue 0.118274 ms)
[01/02/2024-22:53:48] [I] Average on 10 runs - GPU latency: 0.415222 ms - Host latency: 0.425403 ms (enqueue 0.121387 ms)
[01/02/2024-22:53:48] [I] Average on 10 runs - GPU latency: 0.442371 ms - Host latency: 0.452283 ms (enqueue 0.119434 ms)
[01/02/2024-22:53:48] [I] Average on 10 runs - GPU latency: 0.439917 ms - Host latency: 0.450525 ms (enqueue 0.125647 ms)
[01/02/2024-22:53:48] [I] Average on 10 runs - GPU latency: 0.424243 ms - Host latency: 0.434045 ms (enqueue 0.125452 ms)
[01/02/2024-22:53:48] [I] Average on 10 runs - GPU latency: 0.443713 ms - Host latency: 0.453906 ms (enqueue 0.11676 ms)
[01/02/2024-22:53:48] [I] Average on 10 runs - GPU latency: 0.547339 ms - Host latency: 0.557715 ms (enqueue 0.275598 ms)
[01/02/2024-22:53:48] [I] Average on 10 runs - GPU latency: 0.442664 ms - Host latency: 0.453027 ms (enqueue 0.125269 ms)
[01/02/2024-22:53:48] [I] Average on 10 runs - GPU latency: 0.430396 ms - Host latency: 0.440369 ms (enqueue 0.120837 ms)
[01/02/2024-22:53:48] [I] Average on 10 runs - GPU latency: 0.417078 ms - Host latency: 0.4354 ms (enqueue 0.118225 ms)
[01/02/2024-22:53:48] [I] Average on 10 runs - GPU latency: 0.443701 ms - Host latency: 0.453687 ms (enqueue 0.129297 ms)
[01/02/2024-22:53:48] [I] Average on 10 runs - GPU latency: 0.41676 ms - Host latency: 0.427124 ms (enqueue 0.122327 ms)
[01/02/2024-22:53:48] [I] Average on 10 runs - GPU latency: 0.436829 ms - Host latency: 0.446667 ms (enqueue 0.128711 ms)
[01/02/2024-22:53:48] [I] Average on 10 runs - GPU latency: 0.426392 ms - Host latency: 0.436951 ms (enqueue 0.124304 ms)
[01/02/2024-22:53:48] [I] Average on 10 runs - GPU latency: 0.438586 ms - Host latency: 0.448938 ms (enqueue 0.125037 ms)
[01/02/2024-22:53:48] [I] Average on 10 runs - GPU latency: 0.424573 ms - Host latency: 0.434509 ms (enqueue 0.125513 ms)
[01/02/2024-22:53:48] [I] Average on 10 runs - GPU latency: 0.437134 ms - Host latency: 0.447571 ms (enqueue 0.118542 ms)
[01/02/2024-22:53:48] [I] Average on 10 runs - GPU latency: 0.440649 ms - Host latency: 0.450366 ms (enqueue 0.120874 ms)
[01/02/2024-22:53:48] [I] Average on 10 runs - GPU latency: 0.44071 ms - Host latency: 0.450842 ms (enqueue 0.118042 ms)
[01/02/2024-22:53:48] [I] Average on 10 runs - GPU latency: 0.440417 ms - Host latency: 0.450977 ms (enqueue 0.133447 ms)
[01/02/2024-22:53:48] [I] Average on 10 runs - GPU latency: 0.433423 ms - Host latency: 0.443005 ms (enqueue 0.161963 ms)
[01/02/2024-22:53:48] [I] Average on 10 runs - GPU latency: 0.449622 ms - Host latency: 0.459229 ms (enqueue 0.148181 ms)
[01/02/2024-22:53:48] [I] Average on 10 runs - GPU latency: 0.456799 ms - Host latency: 0.46676 ms (enqueue 0.139758 ms)
[01/02/2024-22:53:48] [I] Average on 10 runs - GPU latency: 0.471448 ms - Host latency: 0.482483 ms (enqueue 0.217859 ms)
[01/02/2024-22:53:48] [I] Average on 10 runs - GPU latency: 0.461316 ms - Host latency: 0.471045 ms (enqueue 0.20968 ms)
[01/02/2024-22:53:48] [I] Average on 10 runs - GPU latency: 0.420154 ms - Host latency: 0.431165 ms (enqueue 0.16001 ms)
[01/02/2024-22:53:48] [I] Average on 10 runs - GPU latency: 0.408545 ms - Host latency: 0.418164 ms (enqueue 0.143176 ms)
[01/02/2024-22:53:48] [I] Average on 10 runs - GPU latency: 0.404687 ms - Host latency: 0.414038 ms (enqueue 0.139551 ms)
[01/02/2024-22:53:48] [I] Average on 10 runs - GPU latency: 0.407129 ms - Host latency: 0.416797 ms (enqueue 0.145544 ms)
[01/02/2024-22:53:48] [I] Average on 10 runs - GPU latency: 0.405908 ms - Host latency: 0.415906 ms (enqueue 0.136462 ms)
[01/02/2024-22:53:48] [I] Average on 10 runs - GPU latency: 0.41283 ms - Host latency: 0.42334 ms (enqueue 0.139075 ms)
[01/02/2024-22:53:48] [I] Average on 10 runs - GPU latency: 0.427124 ms - Host latency: 0.437622 ms (enqueue 0.132056 ms)
[01/02/2024-22:53:48] [I] Average on 10 runs - GPU latency: 0.40918 ms - Host latency: 0.419397 ms (enqueue 0.128662 ms)
[01/02/2024-22:53:48] [I] Average on 10 runs - GPU latency: 0.414612 ms - Host latency: 0.425232 ms (enqueue 0.128552 ms)
[01/02/2024-22:53:48] [I] Average on 10 runs - GPU latency: 0.402222 ms - Host latency: 0.412268 ms (enqueue 0.122644 ms)
[01/02/2024-22:53:48] [I] Average on 10 runs - GPU latency: 0.514246 ms - Host latency: 0.524768 ms (enqueue 0.336853 ms)
[01/02/2024-22:53:48] [I] Average on 10 runs - GPU latency: 0.514038 ms - Host latency: 0.524097 ms (enqueue 0.378625 ms)
[01/02/2024-22:53:48] [I] Average on 10 runs - GPU latency: 0.500134 ms - Host latency: 0.510474 ms (enqueue 0.363635 ms)
[01/02/2024-22:53:48] [I] Average on 10 runs - GPU latency: 0.505444 ms - Host latency: 0.515552 ms (enqueue 0.357642 ms)
[01/02/2024-22:53:48] [I] Average on 10 runs - GPU latency: 0.462756 ms - Host latency: 0.473071 ms (enqueue 0.279114 ms)
[01/02/2024-22:53:48] [I] Average on 10 runs - GPU latency: 0.413184 ms - Host latency: 0.423669 ms (enqueue 0.128113 ms)
[01/02/2024-22:53:48] [I] Average on 10 runs - GPU latency: 0.421729 ms - Host latency: 0.432153 ms (enqueue 0.120691 ms)
[01/02/2024-22:53:48] [I] Average on 10 runs - GPU latency: 0.406494 ms - Host latency: 0.416687 ms (enqueue 0.126563 ms)
[01/02/2024-22:53:48] [I] Average on 10 runs - GPU latency: 0.459253 ms - Host latency: 0.469202 ms (enqueue 0.220935 ms)
[01/02/2024-22:53:48] [I] Average on 10 runs - GPU latency: 0.481897 ms - Host latency: 0.491809 ms (enqueue 0.340015 ms)
[01/02/2024-22:53:48] [I] Average on 10 runs - GPU latency: 0.478748 ms - Host latency: 0.488794 ms (enqueue 0.345544 ms)
[01/02/2024-22:53:48] [I] Average on 10 runs - GPU latency: 0.432507 ms - Host latency: 0.443176 ms (enqueue 0.152087 ms)
[01/02/2024-22:53:48] [I] Average on 10 runs - GPU latency: 0.408166 ms - Host latency: 0.41842 ms (enqueue 0.12511 ms)
[01/02/2024-22:53:48] [I] Average on 10 runs - GPU latency: 0.405603 ms - Host latency: 0.415759 ms (enqueue 0.122607 ms)
[01/02/2024-22:53:48] [I] Average on 10 runs - GPU latency: 0.399036 ms - Host latency: 0.408887 ms (enqueue 0.123303 ms)
[01/02/2024-22:53:48] [I] Average on 10 runs - GPU latency: 0.404761 ms - Host latency: 0.414673 ms (enqueue 0.122083 ms)
[01/02/2024-22:53:48] [I] Average on 10 runs - GPU latency: 0.403064 ms - Host latency: 0.413123 ms (enqueue 0.11958 ms)
[01/02/2024-22:53:48] [I] Average on 10 runs - GPU latency: 0.423047 ms - Host latency: 0.432886 ms (enqueue 0.124463 ms)
[01/02/2024-22:53:48] [I] Average on 10 runs - GPU latency: 0.402856 ms - Host latency: 0.412915 ms (enqueue 0.129541 ms)
[01/02/2024-22:53:48] [I] Average on 10 runs - GPU latency: 0.402515 ms - Host latency: 0.412549 ms (enqueue 0.118848 ms)
[01/02/2024-22:53:48] [I] Average on 10 runs - GPU latency: 0.396875 ms - Host latency: 0.406689 ms (enqueue 0.12583 ms)
[01/02/2024-22:53:48] [I] Average on 10 runs - GPU latency: 0.398315 ms - Host latency: 0.408057 ms (enqueue 0.127539 ms)
[01/02/2024-22:53:48] [I] Average on 10 runs - GPU latency: 0.406104 ms - Host latency: 0.416284 ms (enqueue 0.128564 ms)
[01/02/2024-22:53:48] [I] Average on 10 runs - GPU latency: 0.404492 ms - Host latency: 0.414917 ms (enqueue 0.122949 ms)
[01/02/2024-22:53:48] [I] Average on 10 runs - GPU latency: 0.402783 ms - Host latency: 0.413159 ms (enqueue 0.121387 ms)
[01/02/2024-22:53:48] [I] Average on 10 runs - GPU latency: 0.418335 ms - Host latency: 0.428149 ms (enqueue 0.131738 ms)
[01/02/2024-22:53:48] [I] Average on 10 runs - GPU latency: 0.427588 ms - Host latency: 0.437231 ms (enqueue 0.125146 ms)
[01/02/2024-22:53:48] [I] Average on 10 runs - GPU latency: 0.426685 ms - Host latency: 0.437354 ms (enqueue 0.156885 ms)
[01/02/2024-22:53:48] [I] Average on 10 runs - GPU latency: 0.434937 ms - Host latency: 0.445117 ms (enqueue 0.12688 ms)
[01/02/2024-22:53:48] [I] Average on 10 runs - GPU latency: 0.419604 ms - Host latency: 0.430103 ms (enqueue 0.131348 ms)
[01/02/2024-22:53:48] [I] Average on 10 runs - GPU latency: 0.410645 ms - Host latency: 0.420776 ms (enqueue 0.141992 ms)
[01/02/2024-22:53:48] [I] Average on 10 runs - GPU latency: 0.419214 ms - Host latency: 0.429077 ms (enqueue 0.155469 ms)
[01/02/2024-22:53:48] [I] Average on 10 runs - GPU latency: 0.404419 ms - Host latency: 0.413623 ms (enqueue 0.127344 ms)
[01/02/2024-22:53:48] [I] Average on 10 runs - GPU latency: 0.398755 ms - Host latency: 0.408203 ms (enqueue 0.140649 ms)
[01/02/2024-22:53:48] [I] Average on 10 runs - GPU latency: 0.408081 ms - Host latency: 0.418164 ms (enqueue 0.125659 ms)
[01/02/2024-22:53:48] [I] Average on 10 runs - GPU latency: 0.410791 ms - Host latency: 0.421094 ms (enqueue 0.130103 ms)
[01/02/2024-22:53:48] [I] Average on 10 runs - GPU latency: 0.403979 ms - Host latency: 0.41416 ms (enqueue 0.126929 ms)
[01/02/2024-22:53:48] [I] Average on 10 runs - GPU latency: 0.413379 ms - Host latency: 0.42373 ms (enqueue 0.12749 ms)
[01/02/2024-22:53:48] [I] Average on 10 runs - GPU latency: 0.400635 ms - Host latency: 0.410767 ms (enqueue 0.129053 ms)
[01/02/2024-22:53:48] [I] Average on 10 runs - GPU latency: 0.407397 ms - Host latency: 0.417603 ms (enqueue 0.124756 ms)
[01/02/2024-22:53:48] [I] Average on 10 runs - GPU latency: 0.400464 ms - Host latency: 0.410303 ms (enqueue 0.128247 ms)
[01/02/2024-22:53:48] [I] Average on 10 runs - GPU latency: 0.40625 ms - Host latency: 0.416382 ms (enqueue 0.125659 ms)
[01/02/2024-22:53:48] [I] Average on 10 runs - GPU latency: 0.400806 ms - Host latency: 0.410669 ms (enqueue 0.124365 ms)
[01/02/2024-22:53:48] [I] Average on 10 runs - GPU latency: 0.414136 ms - Host latency: 0.424243 ms (enqueue 0.136963 ms)
[01/02/2024-22:53:48] [I] Average on 10 runs - GPU latency: 0.485742 ms - Host latency: 0.495459 ms (enqueue 0.358496 ms)
[01/02/2024-22:53:48] [I] Average on 10 runs - GPU latency: 0.480811 ms - Host latency: 0.490991 ms (enqueue 0.34375 ms)
[01/02/2024-22:53:48] [I] Average on 10 runs - GPU latency: 0.493628 ms - Host latency: 0.503394 ms (enqueue 0.355591 ms)
[01/02/2024-22:53:48] [I] Average on 10 runs - GPU latency: 0.490308 ms - Host latency: 0.499854 ms (enqueue 0.344067 ms)
[01/02/2024-22:53:48] [I] Average on 10 runs - GPU latency: 0.501758 ms - Host latency: 0.512134 ms (enqueue 0.376953 ms)
[01/02/2024-22:53:48] [I] Average on 10 runs - GPU latency: 0.509082 ms - Host latency: 0.519409 ms (enqueue 0.368848 ms)
[01/02/2024-22:53:48] [I] Average on 10 runs - GPU latency: 0.502979 ms - Host latency: 0.51333 ms (enqueue 0.352954 ms)
[01/02/2024-22:53:48] [I] Average on 10 runs - GPU latency: 0.484473 ms - Host latency: 0.494751 ms (enqueue 0.320898 ms)
[01/02/2024-22:53:48] [I] Average on 10 runs - GPU latency: 0.409741 ms - Host latency: 0.419922 ms (enqueue 0.138818 ms)
[01/02/2024-22:53:48] [I] Average on 10 runs - GPU latency: 0.421338 ms - Host latency: 0.431592 ms (enqueue 0.126367 ms)
[01/02/2024-22:53:48] [I] Average on 10 runs - GPU latency: 0.400244 ms - Host latency: 0.410352 ms (enqueue 0.125537 ms)
[01/02/2024-22:53:48] [I] Average on 10 runs - GPU latency: 0.405713 ms - Host latency: 0.416162 ms (enqueue 0.12981 ms)
[01/02/2024-22:53:48] [I] Average on 10 runs - GPU latency: 0.406348 ms - Host latency: 0.416235 ms (enqueue 0.133911 ms)
[01/02/2024-22:53:48] [I] Average on 10 runs - GPU latency: 0.40603 ms - Host latency: 0.41665 ms (enqueue 0.12959 ms)
[01/02/2024-22:53:48] [I] Average on 10 runs - GPU latency: 0.396777 ms - Host latency: 0.407031 ms (enqueue 0.122046 ms)
[01/02/2024-22:53:48] [I] Average on 10 runs - GPU latency: 0.409473 ms - Host latency: 0.420288 ms (enqueue 0.145166 ms)
[01/02/2024-22:53:48] [I] Average on 10 runs - GPU latency: 0.421338 ms - Host latency: 0.431689 ms (enqueue 0.140234 ms)
[01/02/2024-22:53:48] [I] Average on 10 runs - GPU latency: 0.405005 ms - Host latency: 0.415015 ms (enqueue 0.137671 ms)
[01/02/2024-22:53:48] [I] Average on 10 runs - GPU latency: 0.411523 ms - Host latency: 0.421509 ms (enqueue 0.133301 ms)
[01/02/2024-22:53:48] [I] Average on 10 runs - GPU latency: 0.409155 ms - Host latency: 0.419043 ms (enqueue 0.130054 ms)
[01/02/2024-22:53:48] [I] Average on 10 runs - GPU latency: 0.411768 ms - Host latency: 0.422144 ms (enqueue 0.142969 ms)
[01/02/2024-22:53:48] [I] Average on 10 runs - GPU latency: 0.416309 ms - Host latency: 0.426465 ms (enqueue 0.131104 ms)
[01/02/2024-22:53:48] [I] Average on 10 runs - GPU latency: 0.397241 ms - Host latency: 0.40708 ms (enqueue 0.128662 ms)
[01/02/2024-22:53:48] [I] Average on 10 runs - GPU latency: 0.403052 ms - Host latency: 0.413135 ms (enqueue 0.119336 ms)
[01/02/2024-22:53:48] [I] Average on 10 runs - GPU latency: 0.402075 ms - Host latency: 0.412207 ms (enqueue 0.121021 ms)
[01/02/2024-22:53:48] [I] Average on 10 runs - GPU latency: 0.406128 ms - Host latency: 0.416577 ms (enqueue 0.121191 ms)
[01/02/2024-22:53:48] [I] Average on 10 runs - GPU latency: 0.402856 ms - Host latency: 0.412451 ms (enqueue 0.12019 ms)
[01/02/2024-22:53:48] [I] Average on 10 runs - GPU latency: 0.399146 ms - Host latency: 0.409033 ms (enqueue 0.118481 ms)
[01/02/2024-22:53:48] [I] Average on 10 runs - GPU latency: 0.40144 ms - Host latency: 0.411816 ms (enqueue 0.121338 ms)
[01/02/2024-22:53:48] [I] Average on 10 runs - GPU latency: 0.442603 ms - Host latency: 0.452295 ms (enqueue 0.129297 ms)
[01/02/2024-22:53:48] [I] Average on 10 runs - GPU latency: 0.411597 ms - Host latency: 0.421655 ms (enqueue 0.134082 ms)
[01/02/2024-22:53:48] [I] Average on 10 runs - GPU latency: 0.398486 ms - Host latency: 0.408643 ms (enqueue 0.119263 ms)
[01/02/2024-22:53:48] [I] Average on 10 runs - GPU latency: 0.406982 ms - Host latency: 0.417285 ms (enqueue 0.119775 ms)
[01/02/2024-22:53:48] [I] Average on 10 runs - GPU latency: 0.415698 ms - Host latency: 0.4271 ms (enqueue 0.157178 ms)
[01/02/2024-22:53:48] [I] Average on 10 runs - GPU latency: 0.411157 ms - Host latency: 0.421265 ms (enqueue 0.137817 ms)
[01/02/2024-22:53:48] [I] Average on 10 runs - GPU latency: 0.411768 ms - Host latency: 0.421948 ms (enqueue 0.149023 ms)
[01/02/2024-22:53:48] [I] Average on 10 runs - GPU latency: 0.403711 ms - Host latency: 0.413623 ms (enqueue 0.12356 ms)
[01/02/2024-22:53:48] [I] Average on 10 runs - GPU latency: 0.412769 ms - Host latency: 0.422754 ms (enqueue 0.13125 ms)
[01/02/2024-22:53:48] [I] Average on 10 runs - GPU latency: 0.403979 ms - Host latency: 0.413745 ms (enqueue 0.126563 ms)
[01/02/2024-22:53:48] [I] Average on 10 runs - GPU latency: 0.404248 ms - Host latency: 0.414355 ms (enqueue 0.126221 ms)
[01/02/2024-22:53:48] [I] Average on 10 runs - GPU latency: 0.407202 ms - Host latency: 0.417749 ms (enqueue 0.127002 ms)
[01/02/2024-22:53:48] [I] Average on 10 runs - GPU latency: 0.4021 ms - Host latency: 0.41228 ms (enqueue 0.13269 ms)
[01/02/2024-22:53:48] [I] Average on 10 runs - GPU latency: 0.403418 ms - Host latency: 0.413208 ms (enqueue 0.126831 ms)
[01/02/2024-22:53:48] [I] Average on 10 runs - GPU latency: 0.405713 ms - Host latency: 0.415991 ms (enqueue 0.125073 ms)
[01/02/2024-22:53:48] [I] Average on 10 runs - GPU latency: 0.395972 ms - Host latency: 0.405933 ms (enqueue 0.131885 ms)
[01/02/2024-22:53:48] [I] Average on 10 runs - GPU latency: 0.409644 ms - Host latency: 0.419629 ms (enqueue 0.127808 ms)
[01/02/2024-22:53:48] [I] Average on 10 runs - GPU latency: 0.403198 ms - Host latency: 0.41355 ms (enqueue 0.131177 ms)
[01/02/2024-22:53:48] [I] Average on 10 runs - GPU latency: 0.404175 ms - Host latency: 0.414331 ms (enqueue 0.119092 ms)
[01/02/2024-22:53:48] [I] Average on 10 runs - GPU latency: 0.396509 ms - Host latency: 0.406445 ms (enqueue 0.13606 ms)
[01/02/2024-22:53:48] [I] Average on 10 runs - GPU latency: 0.399902 ms - Host latency: 0.409692 ms (enqueue 0.118848 ms)
[01/02/2024-22:53:48] [I] Average on 10 runs - GPU latency: 0.402979 ms - Host latency: 0.413892 ms (enqueue 0.123853 ms)
[01/02/2024-22:53:48] [I] Average on 10 runs - GPU latency: 0.403369 ms - Host latency: 0.413379 ms (enqueue 0.125073 ms)
[01/02/2024-22:53:48] [I] Average on 10 runs - GPU latency: 0.402856 ms - Host latency: 0.412744 ms (enqueue 0.123413 ms)
[01/02/2024-22:53:48] [I] Average on 10 runs - GPU latency: 0.400488 ms - Host latency: 0.410669 ms (enqueue 0.119629 ms)
[01/02/2024-22:53:48] [I] Average on 10 runs - GPU latency: 0.399121 ms - Host latency: 0.40896 ms (enqueue 0.12063 ms)
[01/02/2024-22:53:48] [I] Average on 10 runs - GPU latency: 0.39458 ms - Host latency: 0.404639 ms (enqueue 0.122144 ms)
[01/02/2024-22:53:48] [I] Average on 10 runs - GPU latency: 0.400024 ms - Host latency: 0.410547 ms (enqueue 0.120703 ms)
[01/02/2024-22:53:48] [I] Average on 10 runs - GPU latency: 0.39873 ms - Host latency: 0.408594 ms (enqueue 0.121289 ms)
[01/02/2024-22:53:48] [I] Average on 10 runs - GPU latency: 0.396484 ms - Host latency: 0.406543 ms (enqueue 0.120776 ms)
[01/02/2024-22:53:48] [I] Average on 10 runs - GPU latency: 0.408667 ms - Host latency: 0.418359 ms (enqueue 0.146143 ms)
[01/02/2024-22:53:48] [I] Average on 10 runs - GPU latency: 0.402515 ms - Host latency: 0.412549 ms (enqueue 0.129517 ms)
[01/02/2024-22:53:48] [I] Average on 10 runs - GPU latency: 0.400781 ms - Host latency: 0.411157 ms (enqueue 0.133301 ms)
[01/02/2024-22:53:48] [I] Average on 10 runs - GPU latency: 0.402686 ms - Host latency: 0.413208 ms (enqueue 0.126807 ms)
[01/02/2024-22:53:48] [I] Average on 10 runs - GPU latency: 0.396069 ms - Host latency: 0.406079 ms (enqueue 0.121533 ms)
[01/02/2024-22:53:48] [I] Average on 10 runs - GPU latency: 0.400732 ms - Host latency: 0.410669 ms (enqueue 0.120117 ms)
[01/02/2024-22:53:48] [I] Average on 10 runs - GPU latency: 0.399121 ms - Host latency: 0.410083 ms (enqueue 0.123169 ms)
[01/02/2024-22:53:48] [I] Average on 10 runs - GPU latency: 0.41958 ms - Host latency: 0.42959 ms (enqueue 0.167554 ms)
[01/02/2024-22:53:48] [I] Average on 10 runs - GPU latency: 0.416577 ms - Host latency: 0.426831 ms (enqueue 0.138794 ms)
[01/02/2024-22:53:48] [I] Average on 10 runs - GPU latency: 0.416406 ms - Host latency: 0.425928 ms (enqueue 0.132568 ms)
[01/02/2024-22:53:48] [I] Average on 10 runs - GPU latency: 0.409106 ms - Host latency: 0.418945 ms (enqueue 0.151367 ms)
[01/02/2024-22:53:48] [I] Average on 10 runs - GPU latency: 0.42085 ms - Host latency: 0.430957 ms (enqueue 0.130786 ms)
[01/02/2024-22:53:48] [I] Average on 10 runs - GPU latency: 0.422656 ms - Host latency: 0.433276 ms (enqueue 0.129102 ms)
[01/02/2024-22:53:48] [I] Average on 10 runs - GPU latency: 0.417139 ms - Host latency: 0.427466 ms (enqueue 0.125854 ms)
[01/02/2024-22:53:48] [I] Average on 10 runs - GPU latency: 0.438574 ms - Host latency: 0.448926 ms (enqueue 0.137231 ms)
[01/02/2024-22:53:48] [I] Average on 10 runs - GPU latency: 0.433179 ms - Host latency: 0.445117 ms (enqueue 0.131152 ms)
[01/02/2024-22:53:48] [I] Average on 10 runs - GPU latency: 0.429663 ms - Host latency: 0.439966 ms (enqueue 0.127344 ms)
[01/02/2024-22:53:48] [I] Average on 10 runs - GPU latency: 0.410547 ms - Host latency: 0.421704 ms (enqueue 0.139307 ms)
[01/02/2024-22:53:48] [I] Average on 10 runs - GPU latency: 0.398901 ms - Host latency: 0.408936 ms (enqueue 0.121094 ms)
[01/02/2024-22:53:48] [I] Average on 10 runs - GPU latency: 0.398242 ms - Host latency: 0.408398 ms (enqueue 0.134668 ms)
[01/02/2024-22:53:48] [I] Average on 10 runs - GPU latency: 0.39668 ms - Host latency: 0.406958 ms (enqueue 0.124438 ms)
[01/02/2024-22:53:48] [I] Average on 10 runs - GPU latency: 0.396875 ms - Host latency: 0.406714 ms (enqueue 0.123071 ms)
[01/02/2024-22:53:48] [I] Average on 10 runs - GPU latency: 0.408203 ms - Host latency: 0.418433 ms (enqueue 0.163257 ms)
[01/02/2024-22:53:48] [I] Average on 10 runs - GPU latency: 0.398657 ms - Host latency: 0.409253 ms (enqueue 0.127612 ms)
[01/02/2024-22:53:48] [I] Average on 10 runs - GPU latency: 0.40227 ms - Host latency: 0.412476 ms (enqueue 0.138867 ms)
[01/02/2024-22:53:48] [I] Average on 10 runs - GPU latency: 0.394263 ms - Host latency: 0.404077 ms (enqueue 0.130103 ms)
[01/02/2024-22:53:48] [I] Average on 10 runs - GPU latency: 0.396484 ms - Host latency: 0.406714 ms (enqueue 0.123389 ms)
[01/02/2024-22:53:48] [I] Average on 10 runs - GPU latency: 0.399512 ms - Host latency: 0.409521 ms (enqueue 0.124121 ms)
[01/02/2024-22:53:48] [I] Average on 10 runs - GPU latency: 0.403809 ms - Host latency: 0.413477 ms (enqueue 0.120166 ms)
[01/02/2024-22:53:48] [I] Average on 10 runs - GPU latency: 0.404956 ms - Host latency: 0.415161 ms (enqueue 0.13645 ms)
[01/02/2024-22:53:48] [I] Average on 10 runs - GPU latency: 0.401587 ms - Host latency: 0.412036 ms (enqueue 0.125684 ms)
[01/02/2024-22:53:48] [I] Average on 10 runs - GPU latency: 0.404663 ms - Host latency: 0.414551 ms (enqueue 0.123779 ms)
[01/02/2024-22:53:48] [I] Average on 10 runs - GPU latency: 0.397021 ms - Host latency: 0.407349 ms (enqueue 0.120703 ms)
[01/02/2024-22:53:48] [I] Average on 10 runs - GPU latency: 0.403662 ms - Host latency: 0.413232 ms (enqueue 0.126807 ms)
[01/02/2024-22:53:48] [I] Average on 10 runs - GPU latency: 0.40647 ms - Host latency: 0.416992 ms (enqueue 0.123145 ms)
[01/02/2024-22:53:48] [I] Average on 10 runs - GPU latency: 0.407227 ms - Host latency: 0.417822 ms (enqueue 0.121509 ms)
[01/02/2024-22:53:48] [I] Average on 10 runs - GPU latency: 0.40166 ms - Host latency: 0.412012 ms (enqueue 0.121265 ms)
[01/02/2024-22:53:48] [I] Average on 10 runs - GPU latency: 0.39436 ms - Host latency: 0.404443 ms (enqueue 0.119287 ms)
[01/02/2024-22:53:48] [I] Average on 10 runs - GPU latency: 0.43396 ms - Host latency: 0.444409 ms (enqueue 0.143042 ms)
[01/02/2024-22:53:48] [I] Average on 10 runs - GPU latency: 0.432129 ms - Host latency: 0.441919 ms (enqueue 0.161987 ms)
[01/02/2024-22:53:48] [I] Average on 10 runs - GPU latency: 0.433594 ms - Host latency: 0.444385 ms (enqueue 0.151367 ms)
[01/02/2024-22:53:48] [I] Average on 10 runs - GPU latency: 0.431299 ms - Host latency: 0.441187 ms (enqueue 0.155688 ms)
[01/02/2024-22:53:48] [I] Average on 10 runs - GPU latency: 0.439697 ms - Host latency: 0.449976 ms (enqueue 0.14541 ms)
[01/02/2024-22:53:48] [I] Average on 10 runs - GPU latency: 0.447925 ms - Host latency: 0.457544 ms (enqueue 0.14436 ms)
[01/02/2024-22:53:48] [I] Average on 10 runs - GPU latency: 0.431226 ms - Host latency: 0.440942 ms (enqueue 0.120264 ms)
[01/02/2024-22:53:48] [I] Average on 10 runs - GPU latency: 0.442236 ms - Host latency: 0.452368 ms (enqueue 0.121997 ms)
[01/02/2024-22:53:48] [I] Average on 10 runs - GPU latency: 0.426294 ms - Host latency: 0.437354 ms (enqueue 0.12666 ms)
[01/02/2024-22:53:48] [I] Average on 10 runs - GPU latency: 0.412891 ms - Host latency: 0.422827 ms (enqueue 0.130298 ms)
[01/02/2024-22:53:48] [I] Average on 10 runs - GPU latency: 0.430078 ms - Host latency: 0.440112 ms (enqueue 0.125635 ms)
[01/02/2024-22:53:48] [I] Average on 10 runs - GPU latency: 0.417212 ms - Host latency: 0.427466 ms (enqueue 0.123608 ms)
[01/02/2024-22:53:48] [I] Average on 10 runs - GPU latency: 0.411719 ms - Host latency: 0.421899 ms (enqueue 0.11936 ms)
[01/02/2024-22:53:48] [I] Average on 10 runs - GPU latency: 0.396973 ms - Host latency: 0.407031 ms (enqueue 0.124341 ms)
[01/02/2024-22:53:48] [I] Average on 10 runs - GPU latency: 0.398071 ms - Host latency: 0.408154 ms (enqueue 0.125537 ms)
[01/02/2024-22:53:48] [I] Average on 10 runs - GPU latency: 0.399341 ms - Host latency: 0.40896 ms (enqueue 0.122803 ms)
[01/02/2024-22:53:48] [I] Average on 10 runs - GPU latency: 0.411646 ms - Host latency: 0.422217 ms (enqueue 0.122852 ms)
[01/02/2024-22:53:48] [I] Average on 10 runs - GPU latency: 0.403589 ms - Host latency: 0.413696 ms (enqueue 0.12002 ms)
[01/02/2024-22:53:48] [I] Average on 10 runs - GPU latency: 0.397998 ms - Host latency: 0.407715 ms (enqueue 0.123096 ms)
[01/02/2024-22:53:48] [I] Average on 10 runs - GPU latency: 0.397925 ms - Host latency: 0.40769 ms (enqueue 0.120972 ms)
[01/02/2024-22:53:48] [I] Average on 10 runs - GPU latency: 0.396143 ms - Host latency: 0.406201 ms (enqueue 0.12168 ms)
[01/02/2024-22:53:48] [I] Average on 10 runs - GPU latency: 0.397095 ms - Host latency: 0.406934 ms (enqueue 0.122241 ms)
[01/02/2024-22:53:48] [I] Average on 10 runs - GPU latency: 0.403711 ms - Host latency: 0.413574 ms (enqueue 0.133667 ms)
[01/02/2024-22:53:48] [I] Average on 10 runs - GPU latency: 0.399561 ms - Host latency: 0.40957 ms (enqueue 0.121167 ms)
[01/02/2024-22:53:48] [I] Average on 10 runs - GPU latency: 0.40625 ms - Host latency: 0.416357 ms (enqueue 0.128638 ms)
[01/02/2024-22:53:48] [I] Average on 10 runs - GPU latency: 0.42124 ms - Host latency: 0.430811 ms (enqueue 0.12085 ms)
[01/02/2024-22:53:48] [I] Average on 10 runs - GPU latency: 0.412036 ms - Host latency: 0.42207 ms (enqueue 0.118506 ms)
[01/02/2024-22:53:48] [I] Average on 10 runs - GPU latency: 0.429102 ms - Host latency: 0.439233 ms (enqueue 0.125317 ms)
[01/02/2024-22:53:48] [I] Average on 10 runs - GPU latency: 0.424683 ms - Host latency: 0.435596 ms (enqueue 0.126587 ms)
[01/02/2024-22:53:48] [I] Average on 10 runs - GPU latency: 0.395679 ms - Host latency: 0.405762 ms (enqueue 0.119849 ms)
[01/02/2024-22:53:48] [I] Average on 10 runs - GPU latency: 0.39585 ms - Host latency: 0.405664 ms (enqueue 0.124243 ms)
[01/02/2024-22:53:48] [I] Average on 10 runs - GPU latency: 0.398804 ms - Host latency: 0.409644 ms (enqueue 0.124609 ms)
[01/02/2024-22:53:48] [I] Average on 10 runs - GPU latency: 0.408594 ms - Host latency: 0.418457 ms (enqueue 0.138794 ms)
[01/02/2024-22:53:48] [I] Average on 10 runs - GPU latency: 0.400708 ms - Host latency: 0.410205 ms (enqueue 0.127905 ms)
[01/02/2024-22:53:48] [I] Average on 10 runs - GPU latency: 0.430127 ms - Host latency: 0.4396 ms (enqueue 0.161011 ms)
[01/02/2024-22:53:48] [I] Average on 10 runs - GPU latency: 0.422607 ms - Host latency: 0.432715 ms (enqueue 0.200269 ms)
[01/02/2024-22:53:48] [I] Average on 10 runs - GPU latency: 0.43811 ms - Host latency: 0.448486 ms (enqueue 0.140552 ms)
[01/02/2024-22:53:48] [I] Average on 10 runs - GPU latency: 0.430981 ms - Host latency: 0.441455 ms (enqueue 0.132422 ms)
[01/02/2024-22:53:48] [I] Average on 10 runs - GPU latency: 0.434766 ms - Host latency: 0.446118 ms (enqueue 0.144434 ms)
[01/02/2024-22:53:48] [I] Average on 10 runs - GPU latency: 0.440259 ms - Host latency: 0.450659 ms (enqueue 0.136475 ms)
[01/02/2024-22:53:48] [I] Average on 10 runs - GPU latency: 0.426562 ms - Host latency: 0.437256 ms (enqueue 0.138818 ms)
[01/02/2024-22:53:48] [I] Average on 10 runs - GPU latency: 0.441455 ms - Host latency: 0.45144 ms (enqueue 0.154907 ms)
[01/02/2024-22:53:48] [I] Average on 10 runs - GPU latency: 0.42251 ms - Host latency: 0.432349 ms (enqueue 0.138062 ms)
[01/02/2024-22:53:48] [I] Average on 10 runs - GPU latency: 0.415698 ms - Host latency: 0.426147 ms (enqueue 0.128271 ms)
[01/02/2024-22:53:48] [I] Average on 10 runs - GPU latency: 0.410571 ms - Host latency: 0.420435 ms (enqueue 0.133203 ms)
[01/02/2024-22:53:48] [I] Average on 10 runs - GPU latency: 0.395508 ms - Host latency: 0.405396 ms (enqueue 0.123047 ms)
[01/02/2024-22:53:48] [I] Average on 10 runs - GPU latency: 0.406738 ms - Host latency: 0.417212 ms (enqueue 0.127783 ms)
[01/02/2024-22:53:48] [I] Average on 10 runs - GPU latency: 0.43811 ms - Host latency: 0.448926 ms (enqueue 0.123047 ms)
[01/02/2024-22:53:48] [I] Average on 10 runs - GPU latency: 0.42168 ms - Host latency: 0.432837 ms (enqueue 0.131226 ms)
[01/02/2024-22:53:48] [I] Average on 10 runs - GPU latency: 0.432251 ms - Host latency: 0.443604 ms (enqueue 0.127148 ms)
[01/02/2024-22:53:48] [I] Average on 10 runs - GPU latency: 0.443018 ms - Host latency: 0.454297 ms (enqueue 0.124927 ms)
[01/02/2024-22:53:48] [I] Average on 10 runs - GPU latency: 0.404028 ms - Host latency: 0.413843 ms (enqueue 0.138672 ms)
[01/02/2024-22:53:48] [I] Average on 10 runs - GPU latency: 0.398608 ms - Host latency: 0.409155 ms (enqueue 0.121094 ms)
[01/02/2024-22:53:48] [I] Average on 10 runs - GPU latency: 0.399951 ms - Host latency: 0.410205 ms (enqueue 0.125073 ms)
[01/02/2024-22:53:48] [I] Average on 10 runs - GPU latency: 0.395654 ms - Host latency: 0.406055 ms (enqueue 0.118066 ms)
[01/02/2024-22:53:48] [I] Average on 10 runs - GPU latency: 0.415552 ms - Host latency: 0.425635 ms (enqueue 0.132861 ms)
[01/02/2024-22:53:48] [I] Average on 10 runs - GPU latency: 0.401196 ms - Host latency: 0.411304 ms (enqueue 0.132495 ms)
[01/02/2024-22:53:48] [I] Average on 10 runs - GPU latency: 0.408545 ms - Host latency: 0.418481 ms (enqueue 0.123389 ms)
[01/02/2024-22:53:48] [I] Average on 10 runs - GPU latency: 0.402197 ms - Host latency: 0.412842 ms (enqueue 0.121826 ms)
[01/02/2024-22:53:48] [I] Average on 10 runs - GPU latency: 0.396533 ms - Host latency: 0.406128 ms (enqueue 0.120166 ms)
[01/02/2024-22:53:48] [I] Average on 10 runs - GPU latency: 0.400586 ms - Host latency: 0.410669 ms (enqueue 0.130005 ms)
[01/02/2024-22:53:48] [I] Average on 10 runs - GPU latency: 0.402173 ms - Host latency: 0.412573 ms (enqueue 0.120972 ms)
[01/02/2024-22:53:48] [I] Average on 10 runs - GPU latency: 0.399658 ms - Host latency: 0.409912 ms (enqueue 0.12666 ms)
[01/02/2024-22:53:48] [I] Average on 10 runs - GPU latency: 0.407617 ms - Host latency: 0.417041 ms (enqueue 0.12915 ms)
[01/02/2024-22:53:48] [I] Average on 10 runs - GPU latency: 0.393408 ms - Host latency: 0.403442 ms (enqueue 0.120288 ms)
[01/02/2024-22:53:48] [I] Average on 10 runs - GPU latency: 0.40105 ms - Host latency: 0.411011 ms (enqueue 0.125684 ms)
[01/02/2024-22:53:48] [I] Average on 10 runs - GPU latency: 0.397168 ms - Host latency: 0.407349 ms (enqueue 0.122461 ms)
[01/02/2024-22:53:48] [I] Average on 10 runs - GPU latency: 0.414453 ms - Host latency: 0.424463 ms (enqueue 0.133105 ms)
[01/02/2024-22:53:48] [I] Average on 10 runs - GPU latency: 0.403369 ms - Host latency: 0.414771 ms (enqueue 0.125952 ms)
[01/02/2024-22:53:48] [I] Average on 10 runs - GPU latency: 0.402734 ms - Host latency: 0.412915 ms (enqueue 0.124414 ms)
[01/02/2024-22:53:48] [I] Average on 10 runs - GPU latency: 0.39873 ms - Host latency: 0.408887 ms (enqueue 0.11897 ms)
[01/02/2024-22:53:48] [I] Average on 10 runs - GPU latency: 0.398584 ms - Host latency: 0.409058 ms (enqueue 0.118604 ms)
[01/02/2024-22:53:48] [I] Average on 10 runs - GPU latency: 0.396045 ms - Host latency: 0.406104 ms (enqueue 0.120312 ms)
[01/02/2024-22:53:48] [I] Average on 10 runs - GPU latency: 0.404785 ms - Host latency: 0.414868 ms (enqueue 0.12395 ms)
[01/02/2024-22:53:48] [I] Average on 10 runs - GPU latency: 0.409668 ms - Host latency: 0.420142 ms (enqueue 0.156519 ms)
[01/02/2024-22:53:48] [I] Average on 10 runs - GPU latency: 0.407935 ms - Host latency: 0.418457 ms (enqueue 0.13186 ms)
[01/02/2024-22:53:48] [I] Average on 10 runs - GPU latency: 0.411719 ms - Host latency: 0.421509 ms (enqueue 0.138135 ms)
[01/02/2024-22:53:48] [I] Average on 10 runs - GPU latency: 0.408472 ms - Host latency: 0.419189 ms (enqueue 0.134399 ms)
[01/02/2024-22:53:48] [I] Average on 10 runs - GPU latency: 0.411841 ms - Host latency: 0.421753 ms (enqueue 0.134741 ms)
[01/02/2024-22:53:48] [I] Average on 10 runs - GPU latency: 0.421899 ms - Host latency: 0.431396 ms (enqueue 0.133032 ms)
[01/02/2024-22:53:48] [I] Average on 10 runs - GPU latency: 0.419629 ms - Host latency: 0.429346 ms (enqueue 0.173413 ms)
[01/02/2024-22:53:48] [I] Average on 10 runs - GPU latency: 0.424097 ms - Host latency: 0.43335 ms (enqueue 0.165527 ms)
[01/02/2024-22:53:48] [I] Average on 10 runs - GPU latency: 0.422998 ms - Host latency: 0.432837 ms (enqueue 0.167603 ms)
[01/02/2024-22:53:48] [I] Average on 10 runs - GPU latency: 0.410596 ms - Host latency: 0.420801 ms (enqueue 0.167578 ms)
[01/02/2024-22:53:48] [I] Average on 10 runs - GPU latency: 0.409741 ms - Host latency: 0.419922 ms (enqueue 0.149731 ms)
[01/02/2024-22:53:48] [I] Average on 10 runs - GPU latency: 0.418091 ms - Host latency: 0.427832 ms (enqueue 0.124219 ms)
[01/02/2024-22:53:48] [I] Average on 10 runs - GPU latency: 0.414893 ms - Host latency: 0.425439 ms (enqueue 0.125757 ms)
[01/02/2024-22:53:48] [I] Average on 10 runs - GPU latency: 0.442871 ms - Host latency: 0.453247 ms (enqueue 0.124438 ms)
[01/02/2024-22:53:48] [I] Average on 10 runs - GPU latency: 0.438745 ms - Host latency: 0.449512 ms (enqueue 0.126904 ms)
[01/02/2024-22:53:48] [I] Average on 10 runs - GPU latency: 0.413306 ms - Host latency: 0.423291 ms (enqueue 0.151538 ms)
[01/02/2024-22:53:48] [I] Average on 10 runs - GPU latency: 0.408301 ms - Host latency: 0.418335 ms (enqueue 0.125757 ms)
[01/02/2024-22:53:48] [I] Average on 10 runs - GPU latency: 0.400879 ms - Host latency: 0.410547 ms (enqueue 0.133325 ms)
[01/02/2024-22:53:48] [I] Average on 10 runs - GPU latency: 0.405493 ms - Host latency: 0.415796 ms (enqueue 0.136279 ms)
[01/02/2024-22:53:48] [I] Average on 10 runs - GPU latency: 0.546558 ms - Host latency: 0.556274 ms (enqueue 0.279858 ms)
[01/02/2024-22:53:48] [I] Average on 10 runs - GPU latency: 0.422754 ms - Host latency: 0.43313 ms (enqueue 0.12395 ms)
[01/02/2024-22:53:48] [I] Average on 10 runs - GPU latency: 0.420483 ms - Host latency: 0.430762 ms (enqueue 0.14563 ms)
[01/02/2024-22:53:48] [I] Average on 10 runs - GPU latency: 0.423413 ms - Host latency: 0.43335 ms (enqueue 0.127417 ms)
[01/02/2024-22:53:48] [I] Average on 10 runs - GPU latency: 0.407886 ms - Host latency: 0.418433 ms (enqueue 0.126782 ms)
[01/02/2024-22:53:48] [I] Average on 10 runs - GPU latency: 0.408179 ms - Host latency: 0.418213 ms (enqueue 0.128662 ms)
[01/02/2024-22:53:48] [I] Average on 10 runs - GPU latency: 0.401514 ms - Host latency: 0.411816 ms (enqueue 0.129712 ms)
[01/02/2024-22:53:48] [I] Average on 10 runs - GPU latency: 0.404321 ms - Host latency: 0.414868 ms (enqueue 0.125879 ms)
[01/02/2024-22:53:48] [I] Average on 10 runs - GPU latency: 0.397314 ms - Host latency: 0.407422 ms (enqueue 0.127905 ms)
[01/02/2024-22:53:48] [I] Average on 10 runs - GPU latency: 0.408398 ms - Host latency: 0.418237 ms (enqueue 0.139404 ms)
[01/02/2024-22:53:48] [I] Average on 10 runs - GPU latency: 0.397559 ms - Host latency: 0.408276 ms (enqueue 0.123389 ms)
[01/02/2024-22:53:48] [I] Average on 10 runs - GPU latency: 0.39458 ms - Host latency: 0.404346 ms (enqueue 0.122119 ms)
[01/02/2024-22:53:48] [I] Average on 10 runs - GPU latency: 0.402441 ms - Host latency: 0.412549 ms (enqueue 0.126758 ms)
[01/02/2024-22:53:48] [I] Average on 10 runs - GPU latency: 0.403247 ms - Host latency: 0.413501 ms (enqueue 0.122559 ms)
[01/02/2024-22:53:48] [I] Average on 10 runs - GPU latency: 0.420435 ms - Host latency: 0.430298 ms (enqueue 0.129907 ms)
[01/02/2024-22:53:48] [I] Average on 10 runs - GPU latency: 0.393677 ms - Host latency: 0.403296 ms (enqueue 0.125391 ms)
[01/02/2024-22:53:48] [I] Average on 10 runs - GPU latency: 0.397827 ms - Host latency: 0.408521 ms (enqueue 0.12478 ms)
[01/02/2024-22:53:48] [I] Average on 10 runs - GPU latency: 0.396533 ms - Host latency: 0.406372 ms (enqueue 0.119849 ms)
[01/02/2024-22:53:48] [I] Average on 10 runs - GPU latency: 0.392212 ms - Host latency: 0.402051 ms (enqueue 0.123413 ms)
[01/02/2024-22:53:48] [I] Average on 10 runs - GPU latency: 0.39834 ms - Host latency: 0.408569 ms (enqueue 0.122461 ms)
[01/02/2024-22:53:48] [I] Average on 10 runs - GPU latency: 0.396899 ms - Host latency: 0.407129 ms (enqueue 0.116431 ms)
[01/02/2024-22:53:48] [I] Average on 10 runs - GPU latency: 0.395386 ms - Host latency: 0.405225 ms (enqueue 0.120801 ms)
[01/02/2024-22:53:48] [I] Average on 10 runs - GPU latency: 0.39917 ms - Host latency: 0.409399 ms (enqueue 0.125049 ms)
[01/02/2024-22:53:48] [I] Average on 10 runs - GPU latency: 0.399536 ms - Host latency: 0.409961 ms (enqueue 0.12146 ms)
[01/02/2024-22:53:48] [I] Average on 10 runs - GPU latency: 0.400952 ms - Host latency: 0.410889 ms (enqueue 0.122583 ms)
[01/02/2024-22:53:48] [I] Average on 10 runs - GPU latency: 0.400977 ms - Host latency: 0.411035 ms (enqueue 0.120752 ms)
[01/02/2024-22:53:48] [I] Average on 10 runs - GPU latency: 0.40227 ms - Host latency: 0.412402 ms (enqueue 0.123438 ms)
[01/02/2024-22:53:48] [I] Average on 10 runs - GPU latency: 0.400684 ms - Host latency: 0.411279 ms (enqueue 0.123364 ms)
[01/02/2024-22:53:48] [I] Average on 10 runs - GPU latency: 0.40166 ms - Host latency: 0.411743 ms (enqueue 0.125488 ms)
[01/02/2024-22:53:48] [I] Average on 10 runs - GPU latency: 0.425391 ms - Host latency: 0.435254 ms (enqueue 0.131519 ms)
[01/02/2024-22:53:48] [I] Average on 10 runs - GPU latency: 0.426123 ms - Host latency: 0.436499 ms (enqueue 0.127222 ms)
[01/02/2024-22:53:48] [I] Average on 10 runs - GPU latency: 0.425415 ms - Host latency: 0.435327 ms (enqueue 0.124341 ms)
[01/02/2024-22:53:48] [I] Average on 10 runs - GPU latency: 0.406592 ms - Host latency: 0.416724 ms (enqueue 0.138794 ms)
[01/02/2024-22:53:48] [I] Average on 10 runs - GPU latency: 0.419263 ms - Host latency: 0.429956 ms (enqueue 0.140186 ms)
[01/02/2024-22:53:48] [I] Average on 10 runs - GPU latency: 0.427734 ms - Host latency: 0.438281 ms (enqueue 0.154102 ms)
[01/02/2024-22:53:48] [I] Average on 10 runs - GPU latency: 0.407642 ms - Host latency: 0.419214 ms (enqueue 0.136719 ms)
[01/02/2024-22:53:48] [I] Average on 10 runs - GPU latency: 0.409424 ms - Host latency: 0.419116 ms (enqueue 0.137402 ms)
[01/02/2024-22:53:48] [I] Average on 10 runs - GPU latency: 0.43562 ms - Host latency: 0.445581 ms (enqueue 0.152319 ms)
[01/02/2024-22:53:48] [I] Average on 10 runs - GPU latency: 0.428613 ms - Host latency: 0.439111 ms (enqueue 0.134717 ms)
[01/02/2024-22:53:48] [I] Average on 10 runs - GPU latency: 0.420093 ms - Host latency: 0.430469 ms (enqueue 0.125806 ms)
[01/02/2024-22:53:48] [I] Average on 10 runs - GPU latency: 0.423096 ms - Host latency: 0.433374 ms (enqueue 0.126318 ms)
[01/02/2024-22:53:48] [I] Average on 10 runs - GPU latency: 0.430737 ms - Host latency: 0.441064 ms (enqueue 0.128711 ms)
[01/02/2024-22:53:48] [I] Average on 10 runs - GPU latency: 0.427197 ms - Host latency: 0.437231 ms (enqueue 0.127051 ms)
[01/02/2024-22:53:48] [I] Average on 10 runs - GPU latency: 0.415332 ms - Host latency: 0.425366 ms (enqueue 0.128125 ms)
[01/02/2024-22:53:48] [I] Average on 10 runs - GPU latency: 0.43269 ms - Host latency: 0.442896 ms (enqueue 0.123682 ms)
[01/02/2024-22:53:48] [I] Average on 10 runs - GPU latency: 0.436597 ms - Host latency: 0.446973 ms (enqueue 0.131836 ms)
[01/02/2024-22:53:48] [I] Average on 10 runs - GPU latency: 0.401123 ms - Host latency: 0.412085 ms (enqueue 0.129077 ms)
[01/02/2024-22:53:48] [I] Average on 10 runs - GPU latency: 0.412671 ms - Host latency: 0.42251 ms (enqueue 0.129517 ms)
[01/02/2024-22:53:48] [I] Average on 10 runs - GPU latency: 0.404199 ms - Host latency: 0.414038 ms (enqueue 0.126025 ms)
[01/02/2024-22:53:48] [I] Average on 10 runs - GPU latency: 0.39834 ms - Host latency: 0.408203 ms (enqueue 0.120801 ms)
[01/02/2024-22:53:48] [I] Average on 10 runs - GPU latency: 0.40979 ms - Host latency: 0.419971 ms (enqueue 0.12771 ms)
[01/02/2024-22:53:48] [I] Average on 10 runs - GPU latency: 0.400635 ms - Host latency: 0.410596 ms (enqueue 0.129614 ms)
[01/02/2024-22:53:48] [I] Average on 10 runs - GPU latency: 0.400488 ms - Host latency: 0.410181 ms (enqueue 0.13479 ms)
[01/02/2024-22:53:48] [I] Average on 10 runs - GPU latency: 0.400464 ms - Host latency: 0.410352 ms (enqueue 0.121094 ms)
[01/02/2024-22:53:48] [I] Average on 10 runs - GPU latency: 0.412842 ms - Host latency: 0.42312 ms (enqueue 0.132104 ms)
[01/02/2024-22:53:48] [I] Average on 10 runs - GPU latency: 0.40769 ms - Host latency: 0.417773 ms (enqueue 0.13064 ms)
[01/02/2024-22:53:48] [I] 
[01/02/2024-22:53:48] [I] === Performance summary ===
[01/02/2024-22:53:48] [I] Throughput: 2298.22 qps
[01/02/2024-22:53:48] [I] Latency: min = 0.371704 ms, max = 1.87628 ms, mean = 0.437285 ms, median = 0.413818 ms, percentile(90%) = 0.548279 ms, percentile(95%) = 0.5672 ms, percentile(99%) = 0.637451 ms
[01/02/2024-22:53:48] [I] Enqueue Time: min = 0.103699 ms, max = 1.63 ms, mean = 0.145271 ms, median = 0.129761 ms, percentile(90%) = 0.180176 ms, percentile(95%) = 0.210999 ms, percentile(99%) = 0.378418 ms
[01/02/2024-22:53:48] [I] H2D Latency: min = 0.00390625 ms, max = 0.079834 ms, mean = 0.00483596 ms, median = 0.00482178 ms, percentile(90%) = 0.00512695 ms, percentile(95%) = 0.00512695 ms, percentile(99%) = 0.00537109 ms
[01/02/2024-22:53:48] [I] GPU Compute Time: min = 0.362427 ms, max = 1.86676 ms, mean = 0.427072 ms, median = 0.404541 ms, percentile(90%) = 0.538635 ms, percentile(95%) = 0.558105 ms, percentile(99%) = 0.628662 ms
[01/02/2024-22:53:48] [I] D2H Latency: min = 0.00317383 ms, max = 0.0854492 ms, mean = 0.00537859 ms, median = 0.00463867 ms, percentile(90%) = 0.00758362 ms, percentile(95%) = 0.00830078 ms, percentile(99%) = 0.00878906 ms
[01/02/2024-22:53:48] [I] Total Host Walltime: 3.00102 s
[01/02/2024-22:53:48] [I] Total GPU Compute Time: 2.94552 s
[01/02/2024-22:53:48] [W] * GPU compute time is unstable, with coefficient of variance = 18.2111%.
[01/02/2024-22:53:48] [W]   If not already in use, locking GPU clock frequency or adding --useSpinWait may improve the stability.
[01/02/2024-22:53:48] [I] Explanations of the performance metrics are printed in the verbose logs.
[01/02/2024-22:53:48] [I] 
[01/02/2024-22:53:48] [I] Output Tensors:
[01/02/2024-22:53:48] [I] A-V-14-ArgMax: (1)
[01/02/2024-22:53:48] [I] 2
[01/02/2024-22:53:48] [I] A-V-12-Add: (1x10)
[01/02/2024-22:53:48] [I] 2533.41 48.8092 34060.8 -6280.06 -4758.36 -17807.4 -1645.27 -28895.4 5648.33 -7904.41
&&&& PASSED TensorRT.trtexec [TensorRT v8501] # trtexec --loadEngine=./model-02.plan --dumpOutput
