[I] RUNNING | Command: /home/fengsc/anaconda3/envs/py37/bin/polygraphy run modelA.onnx --onnxrt --trt --save-engine=model-04.plan --onnx-outputs mark all --trt-outputs mark all --trt-min-shapes tensorX:[1,1,28,28] --trt-opt-shapes tensorX:[4,1,28,28] --trt-max-shapes tensorX:[16,1,28,28] --input-shapes tensorX:[4,1,28,28] --atol 1e-3 --rtol 1e-3 --verbose
[V] Loaded Module: polygraphy | Version: 0.49.0 | Path: ['/home/fengsc/anaconda3/envs/py37/lib/python3.7/site-packages/polygraphy']
[V] Loaded extension modules: []
[I] Will generate inference input data according to provided TensorMetadata: {tensorX [shape=(4, 1, 28, 28)]}
[I] onnxrt-runner-N0-01/03/24-11:25:25  | Activating and starting inference
[I] Loading model: /home/fengsc/CUDASTUDY/trt-samples-for-hackathon-cn/cookbook/07-Tool/Polygraphy-CLI/RunExample/modelA.onnx
[V] Loaded Module: onnx | Version: 1.14.1 | Path: ['/home/fengsc/anaconda3/envs/py37/lib/python3.7/site-packages/onnx']
[V] Marking all ONNX tensors as outputs
[V] Loaded Module: onnxruntime | Version: 1.13.1 | Path: ['/home/fengsc/anaconda3/envs/py37/lib/python3.7/site-packages/onnxruntime']
[I] Creating ONNX-Runtime Inference Session with providers: ['CPUExecutionProvider']
[V] Loading inputs from data loader
[V] Generating data using numpy seed: 1
[V] Loaded Module: numpy | Version: 1.21.6 | Path: ['/home/fengsc/anaconda3/envs/py37/lib/python3.7/site-packages/numpy']
[V] Input tensor: tensorX | Generating input data in range: [0.0, 1.0]
[V] Loaded Module: torch | Version: 1.13.0 | Path: ['/home/fengsc/anaconda3/envs/py37/lib/python3.7/site-packages/torch']
[I] onnxrt-runner-N0-01/03/24-11:25:25 
    ---- Inference Input(s) ----
    {tensorX [dtype=float32, shape=(4, 1, 28, 28)]}
[V] onnxrt-runner-N0-01/03/24-11:25:25  | Input metadata is: {tensorX [dtype=float32, shape=('B', 1, 28, 28)]}
[I] onnxrt-runner-N0-01/03/24-11:25:25 
    ---- Inference Output(s) ----
    {A-V-0-Conv [dtype=float32, shape=(4, 32, 28, 28)],
     A-V-1-Relu [dtype=float32, shape=(4, 32, 28, 28)],
     A-V-2-MaxPool [dtype=float32, shape=(4, 32, 14, 14)],
     A-V-3-Conv [dtype=float32, shape=(4, 64, 14, 14)],
     A-V-4-Relu [dtype=float32, shape=(4, 64, 14, 14)],
     A-V-5-MaxPool [dtype=float32, shape=(4, 64, 7, 7)],
     A-V-6-Transpose [dtype=float32, shape=(4, 7, 7, 64)],
     A-V-7-Reshape [dtype=float32, shape=(4, 3136)],
     A-V-8-MatMul [dtype=float32, shape=(4, 1024)],
     A-V-9-Add [dtype=float32, shape=(4, 1024)],
     A-V-10-Relu [dtype=float32, shape=(4, 1024)],
     A-V-11-MatMul [dtype=float32, shape=(4, 10)],
     A-V-12-Add [dtype=float32, shape=(4, 10)],
     A-V-13-Softmax [dtype=float32, shape=(4, 10)],
     A-V-14-ArgMax [dtype=int64, shape=(4,)]}
[I] onnxrt-runner-N0-01/03/24-11:25:25  | Completed 1 iteration(s) in 36.31 ms | Average inference time: 36.31 ms.
[I] trt-runner-N0-01/03/24-11:25:25     | Activating and starting inference
[V] Loaded Module: tensorrt | Version: 8.5.1.7 | Path: ['/home/fengsc/anaconda3/envs/py37/lib/python3.7/site-packages/tensorrt']
[V] [MemUsageChange] Init CUDA: CPU +204, GPU +0, now: CPU 293, GPU 481 (MiB)
[V] [MemUsageChange] Init builder kernel library: CPU +121, GPU +22, now: CPU 469, GPU 503 (MiB)
[W] CUDA lazy loading is not enabled. Enabling it can significantly reduce device memory usage. See `CUDA_MODULE_LOADING` in https://docs.nvidia.com/cuda/cuda-c-programming-guide/index.html#env-vars
[V] ----------------------------------------------------------------
[V] Input filename:   /home/fengsc/CUDASTUDY/trt-samples-for-hackathon-cn/cookbook/07-Tool/Polygraphy-CLI/RunExample/modelA.onnx
[V] ONNX IR version:  0.0.8
[V] Opset version:    11
[V] Producer name:    
[V] Producer version: 
[V] Domain:           
[V] Model version:    0
[V] Doc string:       
[V] ----------------------------------------------------------------
[W] onnx2trt_utils.cpp:377: Your ONNX model has been generated with INT64 weights, while TensorRT does not natively support INT64. Attempting to cast down to INT32.
[W] Tensor DataType is determined at build time for tensors not marked as input or output.
[V] Executing postprocessing step [ModifyNetworkOutputs]
[V] Marking 24 tensors as outputs
[V] Setting TensorRT Optimization Profiles
[V] Input tensor: tensorX (dtype=DataType.FLOAT, shape=(-1, 1, 28, 28)) | Setting input tensor shapes to: (min=[1, 1, 28, 28], opt=[4, 1, 28, 28], max=[16, 1, 28, 28])
[I] Configuring with profiles:[
        Profile 0:
            {tensorX [min=[1, 1, 28, 28], opt=[4, 1, 28, 28], max=[16, 1, 28, 28]]}
    ]
[I] Building engine with configuration:
    Flags                  | []
    Engine Capability      | EngineCapability.DEFAULT
    Memory Pools           | [WORKSPACE: 2047.88 MiB]
    Tactic Sources         | [CUBLAS, CUBLAS_LT, CUDNN, EDGE_MASK_CONVOLUTIONS, JIT_CONVOLUTIONS]
    Profiling Verbosity    | ProfilingVerbosity.DETAILED
[V] [MemUsageChange] Init cuBLAS/cuBLASLt: CPU +255, GPU +106, now: CPU 749, GPU 609 (MiB)
[V] [MemUsageChange] Init cuDNN: CPU +114, GPU +46, now: CPU 863, GPU 655 (MiB)
[W] TensorRT was linked against cuDNN 8.6.0 but loaded cuDNN 8.5.0
[V] Global timing cache in use. Profiling results in this builder pass will be stored.
[V] Total Activation Memory: 2148558848
[V] Detected 1 inputs and 24 output network tensors.
[V] Total Host Persistent Memory: 6832
[V] Total Device Persistent Memory: 6656
[V] Total Scratch Memory: 512
[V] [MemUsageStats] Peak memory usage of TRT CPU/GPU memory allocators: CPU 24 MiB, GPU 438 MiB
[V] [BlockAssignment] Started assigning block shifts. This will take 7 steps to complete.
[V] [BlockAssignment] Algorithm ShiftNTopDown took 0.0802ms to assign 2 blocks to 7 nodes requiring 1204224 bytes.
[V] Total Activation Memory: 1204224
[V] [MemUsageChange] Init cuBLAS/cuBLASLt: CPU +0, GPU +8, now: CPU 1118, GPU 775 (MiB)
[V] [MemUsageChange] Init cuDNN: CPU +0, GPU +10, now: CPU 1118, GPU 785 (MiB)
[V] [MemUsageChange] TensorRT-managed allocation in building engine: CPU +12, GPU +13, now: CPU 12, GPU 13 (MiB)
[I] Finished engine building in 23.642 seconds
[V] Loaded engine size: 12 MiB
[V] [MemUsageChange] Init cuBLAS/cuBLASLt: CPU +0, GPU +10, now: CPU 1118, GPU 761 (MiB)
[V] [MemUsageChange] Init cuDNN: CPU +0, GPU +8, now: CPU 1118, GPU 769 (MiB)
[V] [MemUsageChange] TensorRT-managed allocation in engine deserialization: CPU +0, GPU +12, now: CPU 0, GPU 12 (MiB)
[V] [MemUsageChange] Init cuBLAS/cuBLASLt: CPU +0, GPU +8, now: CPU 1105, GPU 761 (MiB)
[V] [MemUsageChange] Init cuDNN: CPU +0, GPU +8, now: CPU 1105, GPU 769 (MiB)
[V] [MemUsageChange] TensorRT-managed allocation in IExecutionContext creation: CPU +0, GPU +1, now: CPU 0, GPU 13 (MiB)
[V] Found candidate CUDA libraries: ['/usr/local/cuda/lib64/libcudart.so.11.7.60', '/usr/local/cuda/lib64/libcudart.so.11.0', '/usr/local/cuda/lib64/libcudart.so']
[I] trt-runner-N0-01/03/24-11:25:25    
    ---- Inference Input(s) ----
    {tensorX [dtype=float32, shape=(4, 1, 28, 28)]}
[V] trt-runner-N0-01/03/24-11:25:25     | Input metadata is: {tensorX [dtype=float32, shape=(-1, 1, 28, 28)]}
[I] trt-runner-N0-01/03/24-11:25:25    
    ---- Inference Output(s) ----
    {A-V-0-Conv [dtype=float32, shape=(4, 32, 28, 28)],
     A-V-1-Relu [dtype=float32, shape=(4, 32, 28, 28)],
     A-V-2-MaxPool [dtype=float32, shape=(4, 32, 14, 14)],
     A-V-3-Conv [dtype=float32, shape=(4, 64, 14, 14)],
     A-V-4-Relu [dtype=float32, shape=(4, 64, 14, 14)],
     A-V-5-MaxPool [dtype=float32, shape=(4, 64, 7, 7)],
     A-V-6-Transpose [dtype=float32, shape=(4, 7, 7, 64)],
     A-V-7-Reshape [dtype=float32, shape=(4, 3136)],
     A-V-8-MatMul [dtype=float32, shape=(4, 1024)],
     (Unnamed Layer* 11) [Shuffle]_output [dtype=float32, shape=(1, 1024)],
     A-V-9-Add [dtype=float32, shape=(4, 1024)],
     A-V-10-Relu [dtype=float32, shape=(4, 1024)],
     A-V-11-MatMul [dtype=float32, shape=(4, 10)],
     (Unnamed Layer* 17) [Shuffle]_output [dtype=float32, shape=(1, 10)],
     A-V-12-Add [dtype=float32, shape=(4, 10)],
     (Unnamed Layer* 21) [Gather]_output [dtype=int32, shape=(1,)],
     (Unnamed Layer* 23) [Concatenation]_output [dtype=int32, shape=(2,)],
     (Unnamed Layer* 24) [Shuffle]_output [dtype=float32, shape=(4, 10)],
     (Unnamed Layer* 25) [Softmax]_output [dtype=float32, shape=(4, 10)],
     A-V-13-Softmax [dtype=float32, shape=(4, 10)],
     (Unnamed Layer* 28) [TopK]_output_1 [dtype=float32, shape=(4, 1)],
     (Unnamed Layer* 28) [TopK]_output_2 [dtype=int32, shape=(4, 1)],
     (Unnamed Layer* 31) [Gather]_output [dtype=int32, shape=(1,)],
     A-V-14-ArgMax [dtype=int32, shape=(4,)]}
[I] trt-runner-N0-01/03/24-11:25:25     | Completed 1 iteration(s) in 33.18 ms | Average inference time: 33.18 ms.
[V] Successfully ran: ['onnxrt-runner-N0-01/03/24-11:25:25', 'trt-runner-N0-01/03/24-11:25:25']
[I] Accuracy Comparison | onnxrt-runner-N0-01/03/24-11:25:25 vs. trt-runner-N0-01/03/24-11:25:25
[I]     Comparing Output: 'A-V-0-Conv' (dtype=float32, shape=(4, 32, 28, 28)) with 'A-V-0-Conv' (dtype=float32, shape=(4, 32, 28, 28))
[I]         Tolerance: [abs=0.001, rel=0.001] | Checking elemwise error
[I]         onnxrt-runner-N0-01/03/24-11:25:25: A-V-0-Conv | Stats: mean=-0.020923, std-dev=1.5557, var=2.4203, median=-0.0052482, min=-5.9878 at (1, 11, 10, 18), max=6.6539 at (0, 10, 2, 22), avg-magnitude=1.2089
[V]             ---- Histogram ----
                Bin Range        |  Num Elems | Visualization
                (-5.99 , -4.72 ) |         83 | 
                (-4.72 , -3.46 ) |       1612 | #
                (-3.46 , -2.2  ) |       6792 | ########
                (-2.2  , -0.931) |      17697 | ####################
                (-0.931, 0.333 ) |      33797 | ########################################
                (0.333 , 1.6   ) |      26501 | ###############################
                (1.6   , 2.86  ) |      10362 | ############
                (2.86  , 4.13  ) |       2874 | ###
                (4.13  , 5.39  ) |        596 | 
                (5.39  , 6.65  ) |         38 | 
[I]         trt-runner-N0-01/03/24-11:25:25: A-V-0-Conv | Stats: mean=-0.020923, std-dev=1.5557, var=2.4203, median=-0.0052482, min=-5.9878 at (1, 11, 10, 18), max=6.6539 at (0, 10, 2, 22), avg-magnitude=1.2089
[V]             ---- Histogram ----
                Bin Range        |  Num Elems | Visualization
                (-5.99 , -4.72 ) |         83 | 
                (-4.72 , -3.46 ) |       1612 | #
                (-3.46 , -2.2  ) |       6792 | ########
                (-2.2  , -0.931) |      17697 | ####################
                (-0.931, 0.333 ) |      33797 | ########################################
                (0.333 , 1.6   ) |      26501 | ###############################
                (1.6   , 2.86  ) |      10362 | ############
                (2.86  , 4.13  ) |       2874 | ###
                (4.13  , 5.39  ) |        596 | 
                (5.39  , 6.65  ) |         38 | 
[I]         Error Metrics: A-V-0-Conv
[I]             Minimum Required Tolerance: elemwise error | [abs=0] OR [rel=0] (requirements may be lower if both abs/rel tolerances are set)
[I]             Absolute Difference | Stats: mean=0, std-dev=0, var=0, median=0, min=0 at (0, 0, 0, 0), max=0 at (0, 0, 0, 0), avg-magnitude=0
[V]                 ---- Histogram ----
                    Bin Range    |  Num Elems | Visualization
                    (-0.5, -0.4) |          0 | 
                    (-0.4, -0.3) |          0 | 
                    (-0.3, -0.2) |          0 | 
                    (-0.2, -0.1) |          0 | 
                    (-0.1, 0   ) |          0 | 
                    (0   , 0.1 ) |     100352 | ########################################
                    (0.1 , 0.2 ) |          0 | 
                    (0.2 , 0.3 ) |          0 | 
                    (0.3 , 0.4 ) |          0 | 
                    (0.4 , 0.5 ) |          0 | 
[I]             Relative Difference | Stats: mean=0, std-dev=0, var=0, median=0, min=0 at (0, 0, 0, 0), max=0 at (0, 0, 0, 0), avg-magnitude=0
[V]                 ---- Histogram ----
                    Bin Range    |  Num Elems | Visualization
                    (-0.5, -0.4) |          0 | 
                    (-0.4, -0.3) |          0 | 
                    (-0.3, -0.2) |          0 | 
                    (-0.2, -0.1) |          0 | 
                    (-0.1, 0   ) |          0 | 
                    (0   , 0.1 ) |     100352 | ########################################
                    (0.1 , 0.2 ) |          0 | 
                    (0.2 , 0.3 ) |          0 | 
                    (0.3 , 0.4 ) |          0 | 
                    (0.4 , 0.5 ) |          0 | 
[I]         PASSED | Output: 'A-V-0-Conv' | Difference is within tolerance (rel=0.001, abs=0.001)
[I]     Comparing Output: 'A-V-1-Relu' (dtype=float32, shape=(4, 32, 28, 28)) with 'A-V-1-Relu' (dtype=float32, shape=(4, 32, 28, 28))
[I]         Tolerance: [abs=0.001, rel=0.001] | Checking elemwise error
[W]         trt-runner-N0-01/03/24-11:25:25     | Output: A-V-1-Relu: Some values are 0. Will add a small epsilon quantity to these when computing relative difference. Note that this may cause some relative differences to be extremely high. 
[I]         onnxrt-runner-N0-01/03/24-11:25:25: A-V-1-Relu | Stats: mean=0.59399, std-dev=0.90985, var=0.82783, median=0, min=0 at (0, 0, 0, 0), max=6.6539 at (0, 10, 2, 22), avg-magnitude=0.59399
[V]             ---- Histogram ----
                Bin Range      |  Num Elems | Visualization
                (0    , 0.665) |      68793 | ########################################
                (0.665, 1.33 ) |      13713 | #######
                (1.33 , 2    ) |       8568 | ####
                (2    , 2.66 ) |       4841 | ##
                (2.66 , 3.33 ) |       2464 | #
                (3.33 , 3.99 ) |       1185 | 
                (3.99 , 4.66 ) |        546 | 
                (4.66 , 5.32 ) |        197 | 
                (5.32 , 5.99 ) |         40 | 
                (5.99 , 6.65 ) |          5 | 
[I]         trt-runner-N0-01/03/24-11:25:25: A-V-1-Relu | Stats: mean=0.59399, std-dev=0.90985, var=0.82783, median=2.2204e-16, min=2.2204e-16 at (0, 0, 0, 0), max=6.6539 at (0, 10, 2, 22), avg-magnitude=0.59399
[V]             ---- Histogram ----
                Bin Range      |  Num Elems | Visualization
                (0    , 0.665) |      68793 | ########################################
                (0.665, 1.33 ) |      13713 | #######
                (1.33 , 2    ) |       8568 | ####
                (2    , 2.66 ) |       4841 | ##
                (2.66 , 3.33 ) |       2464 | #
                (3.33 , 3.99 ) |       1185 | 
                (3.99 , 4.66 ) |        546 | 
                (4.66 , 5.32 ) |        197 | 
                (5.32 , 5.99 ) |         40 | 
                (5.99 , 6.65 ) |          5 | 
[I]         Error Metrics: A-V-1-Relu
[I]             Minimum Required Tolerance: elemwise error | [abs=0] OR [rel=0] (requirements may be lower if both abs/rel tolerances are set)
[I]             Absolute Difference | Stats: mean=0, std-dev=0, var=0, median=0, min=0 at (0, 0, 0, 0), max=0 at (0, 0, 0, 0), avg-magnitude=0
[V]                 ---- Histogram ----
                    Bin Range    |  Num Elems | Visualization
                    (-0.5, -0.4) |          0 | 
                    (-0.4, -0.3) |          0 | 
                    (-0.3, -0.2) |          0 | 
                    (-0.2, -0.1) |          0 | 
                    (-0.1, 0   ) |          0 | 
                    (0   , 0.1 ) |     100352 | ########################################
                    (0.1 , 0.2 ) |          0 | 
                    (0.2 , 0.3 ) |          0 | 
                    (0.3 , 0.4 ) |          0 | 
                    (0.4 , 0.5 ) |          0 | 
[I]             Relative Difference | Stats: mean=0, std-dev=0, var=0, median=0, min=0 at (0, 0, 0, 0), max=0 at (0, 0, 0, 0), avg-magnitude=0
[V]                 ---- Histogram ----
                    Bin Range    |  Num Elems | Visualization
                    (-0.5, -0.4) |          0 | 
                    (-0.4, -0.3) |          0 | 
                    (-0.3, -0.2) |          0 | 
                    (-0.2, -0.1) |          0 | 
                    (-0.1, 0   ) |          0 | 
                    (0   , 0.1 ) |     100352 | ########################################
                    (0.1 , 0.2 ) |          0 | 
                    (0.2 , 0.3 ) |          0 | 
                    (0.3 , 0.4 ) |          0 | 
                    (0.4 , 0.5 ) |          0 | 
[I]         PASSED | Output: 'A-V-1-Relu' | Difference is within tolerance (rel=0.001, abs=0.001)
[I]     Comparing Output: 'A-V-2-MaxPool' (dtype=float32, shape=(4, 32, 14, 14)) with 'A-V-2-MaxPool' (dtype=float32, shape=(4, 32, 14, 14))
[I]         Tolerance: [abs=0.001, rel=0.001] | Checking elemwise error
[W]         trt-runner-N0-01/03/24-11:25:25     | Output: A-V-2-MaxPool: Some values are 0. Will add a small epsilon quantity to these when computing relative difference. Note that this may cause some relative differences to be extremely high. 
[I]         onnxrt-runner-N0-01/03/24-11:25:25: A-V-2-MaxPool | Stats: mean=1.0782, std-dev=1.0859, var=1.1791, median=0.83998, min=0 at (0, 0, 0, 4), max=6.6539 at (0, 10, 1, 11), avg-magnitude=1.0782
[V]             ---- Histogram ----
                Bin Range      |  Num Elems | Visualization
                (0    , 0.665) |      10959 | ########################################
                (0.665, 1.33 ) |       5649 | ####################
                (1.33 , 2    ) |       3800 | #############
                (2    , 2.66 ) |       2333 | ########
                (2.66 , 3.33 ) |       1269 | ####
                (3.33 , 3.99 ) |        565 | ##
                (3.99 , 4.66 ) |        315 | #
                (4.66 , 5.32 ) |        155 | 
                (5.32 , 5.99 ) |         38 | 
                (5.99 , 6.65 ) |          5 | 
[I]         trt-runner-N0-01/03/24-11:25:25: A-V-2-MaxPool | Stats: mean=1.0782, std-dev=1.0859, var=1.1791, median=0.83998, min=2.2204e-16 at (0, 0, 0, 4), max=6.6539 at (0, 10, 1, 11), avg-magnitude=1.0782
[V]             ---- Histogram ----
                Bin Range      |  Num Elems | Visualization
                (0    , 0.665) |      10959 | ########################################
                (0.665, 1.33 ) |       5649 | ####################
                (1.33 , 2    ) |       3800 | #############
                (2    , 2.66 ) |       2333 | ########
                (2.66 , 3.33 ) |       1269 | ####
                (3.33 , 3.99 ) |        565 | ##
                (3.99 , 4.66 ) |        315 | #
                (4.66 , 5.32 ) |        155 | 
                (5.32 , 5.99 ) |         38 | 
                (5.99 , 6.65 ) |          5 | 
[I]         Error Metrics: A-V-2-MaxPool
[I]             Minimum Required Tolerance: elemwise error | [abs=0] OR [rel=0] (requirements may be lower if both abs/rel tolerances are set)
[I]             Absolute Difference | Stats: mean=0, std-dev=0, var=0, median=0, min=0 at (0, 0, 0, 0), max=0 at (0, 0, 0, 0), avg-magnitude=0
[V]                 ---- Histogram ----
                    Bin Range    |  Num Elems | Visualization
                    (-0.5, -0.4) |          0 | 
                    (-0.4, -0.3) |          0 | 
                    (-0.3, -0.2) |          0 | 
                    (-0.2, -0.1) |          0 | 
                    (-0.1, 0   ) |          0 | 
                    (0   , 0.1 ) |      25088 | ########################################
                    (0.1 , 0.2 ) |          0 | 
                    (0.2 , 0.3 ) |          0 | 
                    (0.3 , 0.4 ) |          0 | 
                    (0.4 , 0.5 ) |          0 | 
[I]             Relative Difference | Stats: mean=0, std-dev=0, var=0, median=0, min=0 at (0, 0, 0, 0), max=0 at (0, 0, 0, 0), avg-magnitude=0
[V]                 ---- Histogram ----
                    Bin Range    |  Num Elems | Visualization
                    (-0.5, -0.4) |          0 | 
                    (-0.4, -0.3) |          0 | 
                    (-0.3, -0.2) |          0 | 
                    (-0.2, -0.1) |          0 | 
                    (-0.1, 0   ) |          0 | 
                    (0   , 0.1 ) |      25088 | ########################################
                    (0.1 , 0.2 ) |          0 | 
                    (0.2 , 0.3 ) |          0 | 
                    (0.3 , 0.4 ) |          0 | 
                    (0.4 , 0.5 ) |          0 | 
[I]         PASSED | Output: 'A-V-2-MaxPool' | Difference is within tolerance (rel=0.001, abs=0.001)
[I]     Comparing Output: 'A-V-3-Conv' (dtype=float32, shape=(4, 64, 14, 14)) with 'A-V-3-Conv' (dtype=float32, shape=(4, 64, 14, 14))
[I]         Tolerance: [abs=0.001, rel=0.001] | Checking elemwise error
[I]         onnxrt-runner-N0-01/03/24-11:25:25: A-V-3-Conv | Stats: mean=-0.39705, std-dev=22.31, var=497.74, median=-0.43207, min=-108.68 at (1, 33, 9, 2), max=78.38 at (3, 48, 10, 8), avg-magnitude=17.246
[V]             ---- Histogram ----
                Bin Range      |  Num Elems | Visualization
                (-109 , -90  ) |         56 | 
                (-90  , -71.3) |        314 | 
                (-71.3, -52.6) |        360 | 
                (-52.6, -33.9) |       2333 | #####
                (-33.9, -15.1) |       8602 | ###################
                (-15.1, 3.56 ) |      17306 | ########################################
                (3.56 , 22.3 ) |      13781 | ###############################
                (22.3 , 41   ) |       5877 | #############
                (41   , 59.7 ) |       1431 | ###
                (59.7 , 78.4 ) |        116 | 
[I]         trt-runner-N0-01/03/24-11:25:25: A-V-3-Conv | Stats: mean=-0.39705, std-dev=22.31, var=497.74, median=-0.43207, min=-108.68 at (1, 33, 9, 2), max=78.38 at (3, 48, 10, 8), avg-magnitude=17.246
[V]             ---- Histogram ----
                Bin Range      |  Num Elems | Visualization
                (-109 , -90  ) |         56 | 
                (-90  , -71.3) |        314 | 
                (-71.3, -52.6) |        360 | 
                (-52.6, -33.9) |       2333 | #####
                (-33.9, -15.1) |       8602 | ###################
                (-15.1, 3.56 ) |      17306 | ########################################
                (3.56 , 22.3 ) |      13781 | ###############################
                (22.3 , 41   ) |       5877 | #############
                (41   , 59.7 ) |       1431 | ###
                (59.7 , 78.4 ) |        116 | 
[I]         Error Metrics: A-V-3-Conv
[I]             Minimum Required Tolerance: elemwise error | [abs=1.5259e-05] OR [rel=0.00042079] (requirements may be lower if both abs/rel tolerances are set)
[I]             Absolute Difference | Stats: mean=5.9299e-07, std-dev=1.0424e-06, var=1.0866e-12, median=0, min=0 at (0, 0, 0, 0), max=1.5259e-05 at (2, 33, 3, 12), avg-magnitude=5.9299e-07
[V]                 ---- Histogram ----
                    Bin Range            |  Num Elems | Visualization
                    (0       , 1.53e-06) |      41822 | ########################################
                    (1.53e-06, 3.05e-06) |       5932 | #####
                    (3.05e-06, 4.58e-06) |       2250 | ##
                    (4.58e-06, 6.1e-06 ) |          0 | 
                    (6.1e-06 , 7.63e-06) |          0 | 
                    (7.63e-06, 9.16e-06) |        171 | 
                    (9.16e-06, 1.07e-05) |          0 | 
                    (1.07e-05, 1.22e-05) |          0 | 
                    (1.22e-05, 1.37e-05) |          0 | 
                    (1.37e-05, 1.53e-05) |          1 | 
[I]             Relative Difference | Stats: mean=1.4973e-07, std-dev=2.8191e-06, var=7.9475e-12, median=0, min=0 at (0, 0, 0, 0), max=0.00042079 at (0, 52, 7, 8), avg-magnitude=1.4973e-07
[V]                 ---- Histogram ----
                    Bin Range            |  Num Elems | Visualization
                    (0       , 4.21e-05) |      50159 | ########################################
                    (4.21e-05, 8.42e-05) |         10 | 
                    (8.42e-05, 0.000126) |          2 | 
                    (0.000126, 0.000168) |          1 | 
                    (0.000168, 0.00021 ) |          3 | 
                    (0.00021 , 0.000252) |          0 | 
                    (0.000252, 0.000295) |          0 | 
                    (0.000295, 0.000337) |          0 | 
                    (0.000337, 0.000379) |          0 | 
                    (0.000379, 0.000421) |          1 | 
[I]         PASSED | Output: 'A-V-3-Conv' | Difference is within tolerance (rel=0.001, abs=0.001)
[I]     Comparing Output: 'A-V-4-Relu' (dtype=float32, shape=(4, 64, 14, 14)) with 'A-V-4-Relu' (dtype=float32, shape=(4, 64, 14, 14))
[I]         Tolerance: [abs=0.001, rel=0.001] | Checking elemwise error
[W]         trt-runner-N0-01/03/24-11:25:25     | Output: A-V-4-Relu: Some values are 0. Will add a small epsilon quantity to these when computing relative difference. Note that this may cause some relative differences to be extremely high. 
[I]         onnxrt-runner-N0-01/03/24-11:25:25: A-V-4-Relu | Stats: mean=8.4245, std-dev=12.65, var=160.02, median=0, min=0 at (0, 0, 0, 0), max=78.38 at (3, 48, 10, 8), avg-magnitude=8.4245
[V]             ---- Histogram ----
                Bin Range    |  Num Elems | Visualization
                (0   , 7.84) |      32839 | ########################################
                (7.84, 15.7) |       6147 | #######
                (15.7, 23.5) |       4329 | #####
                (23.5, 31.4) |       2978 | ###
                (31.4, 39.2) |       2000 | ##
                (39.2, 47  ) |       1122 | #
                (47  , 54.9) |        496 | 
                (54.9, 62.7) |        195 | 
                (62.7, 70.5) |         58 | 
                (70.5, 78.4) |         12 | 
[I]         trt-runner-N0-01/03/24-11:25:25: A-V-4-Relu | Stats: mean=8.4245, std-dev=12.65, var=160.02, median=2.2204e-16, min=2.2204e-16 at (0, 0, 0, 0), max=78.38 at (3, 48, 10, 8), avg-magnitude=8.4245
[V]             ---- Histogram ----
                Bin Range    |  Num Elems | Visualization
                (0   , 7.84) |      32839 | ########################################
                (7.84, 15.7) |       6147 | #######
                (15.7, 23.5) |       4329 | #####
                (23.5, 31.4) |       2978 | ###
                (31.4, 39.2) |       2000 | ##
                (39.2, 47  ) |       1122 | #
                (47  , 54.9) |        496 | 
                (54.9, 62.7) |        195 | 
                (62.7, 70.5) |         58 | 
                (70.5, 78.4) |         12 | 
[I]         Error Metrics: A-V-4-Relu
[I]             Minimum Required Tolerance: elemwise error | [abs=7.6294e-06] OR [rel=0.00012427] (requirements may be lower if both abs/rel tolerances are set)
[I]             Absolute Difference | Stats: mean=2.6276e-07, std-dev=7.1839e-07, var=5.1608e-13, median=0, min=0 at (0, 0, 0, 0), max=7.6294e-06 at (0, 16, 11, 4), avg-magnitude=2.6276e-07
[V]                 ---- Histogram ----
                    Bin Range            |  Num Elems | Visualization
                    (0       , 7.63e-07) |      43231 | ########################################
                    (7.63e-07, 1.53e-06) |       3253 | ###
                    (1.53e-06, 2.29e-06) |       2599 | ##
                    (2.29e-06, 3.05e-06) |         30 | 
                    (3.05e-06, 3.81e-06) |          0 | 
                    (3.81e-06, 4.58e-06) |       1046 | 
                    (4.58e-06, 5.34e-06) |          0 | 
                    (5.34e-06, 6.1e-06 ) |          0 | 
                    (6.1e-06 , 6.87e-06) |          0 | 
                    (6.87e-06, 7.63e-06) |         17 | 
[I]             Relative Difference | Stats: mean=6.4502e-08, std-dev=1.0514e-06, var=1.1055e-12, median=0, min=0 at (0, 0, 0, 0), max=0.00012427 at (2, 57, 13, 12), avg-magnitude=6.4502e-08
[V]                 ---- Histogram ----
                    Bin Range            |  Num Elems | Visualization
                    (0       , 1.24e-05) |      50145 | ########################################
                    (1.24e-05, 2.49e-05) |         16 | 
                    (2.49e-05, 3.73e-05) |          6 | 
                    (3.73e-05, 4.97e-05) |          3 | 
                    (4.97e-05, 6.21e-05) |          2 | 
                    (6.21e-05, 7.46e-05) |          3 | 
                    (7.46e-05, 8.7e-05 ) |          0 | 
                    (8.7e-05 , 9.94e-05) |          0 | 
                    (9.94e-05, 0.000112) |          0 | 
                    (0.000112, 0.000124) |          1 | 
[I]         PASSED | Output: 'A-V-4-Relu' | Difference is within tolerance (rel=0.001, abs=0.001)
[I]     Comparing Output: 'A-V-5-MaxPool' (dtype=float32, shape=(4, 64, 7, 7)) with 'A-V-5-MaxPool' (dtype=float32, shape=(4, 64, 7, 7))
[I]         Tolerance: [abs=0.001, rel=0.001] | Checking elemwise error
[W]         trt-runner-N0-01/03/24-11:25:25     | Output: A-V-5-MaxPool: Some values are 0. Will add a small epsilon quantity to these when computing relative difference. Note that this may cause some relative differences to be extremely high. 
[I]         onnxrt-runner-N0-01/03/24-11:25:25: A-V-5-MaxPool | Stats: mean=13.058, std-dev=15.025, var=225.74, median=8.0982, min=0 at (0, 0, 0, 0), max=78.38 at (3, 48, 5, 4), avg-magnitude=13.058
[V]             ---- Histogram ----
                Bin Range    |  Num Elems | Visualization
                (0   , 7.84) |       6210 | ########################################
                (7.84, 15.7) |       1926 | ############
                (15.7, 23.5) |       1623 | ##########
                (23.5, 31.4) |       1022 | ######
                (31.4, 39.2) |        771 | ####
                (39.2, 47  ) |        548 | ###
                (47  , 54.9) |        270 | #
                (54.9, 62.7) |        116 | 
                (62.7, 70.5) |         47 | 
                (70.5, 78.4) |         11 | 
[I]         trt-runner-N0-01/03/24-11:25:25: A-V-5-MaxPool | Stats: mean=13.058, std-dev=15.025, var=225.74, median=8.0982, min=2.2204e-16 at (0, 0, 0, 0), max=78.38 at (3, 48, 5, 4), avg-magnitude=13.058
[V]             ---- Histogram ----
                Bin Range    |  Num Elems | Visualization
                (0   , 7.84) |       6210 | ########################################
                (7.84, 15.7) |       1926 | ############
                (15.7, 23.5) |       1623 | ##########
                (23.5, 31.4) |       1022 | ######
                (31.4, 39.2) |        771 | ####
                (39.2, 47  ) |        548 | ###
                (47  , 54.9) |        270 | #
                (54.9, 62.7) |        116 | 
                (62.7, 70.5) |         47 | 
                (70.5, 78.4) |         11 | 
[I]         Error Metrics: A-V-5-MaxPool
[I]             Minimum Required Tolerance: elemwise error | [abs=7.6294e-06] OR [rel=6.9172e-05] (requirements may be lower if both abs/rel tolerances are set)
[I]             Absolute Difference | Stats: mean=3.7742e-07, std-dev=8.8636e-07, var=7.8564e-13, median=0, min=0 at (0, 0, 0, 0), max=7.6294e-06 at (0, 16, 5, 3), avg-magnitude=3.7742e-07
[V]                 ---- Histogram ----
                    Bin Range            |  Num Elems | Visualization
                    (0       , 7.63e-07) |      10185 | ########################################
                    (7.63e-07, 1.53e-06) |        976 | ###
                    (1.53e-06, 2.29e-06) |        913 | ###
                    (2.29e-06, 3.05e-06) |          8 | 
                    (3.05e-06, 3.81e-06) |          0 | 
                    (3.81e-06, 4.58e-06) |        450 | #
                    (4.58e-06, 5.34e-06) |          0 | 
                    (5.34e-06, 6.1e-06 ) |          0 | 
                    (6.1e-06 , 6.87e-06) |          0 | 
                    (6.87e-06, 7.63e-06) |         12 | 
[I]             Relative Difference | Stats: mean=7.0316e-08, std-dev=8.6989e-07, var=7.5671e-13, median=0, min=0 at (0, 0, 0, 0), max=6.9172e-05 at (0, 37, 5, 2), avg-magnitude=7.0316e-08
[V]                 ---- Histogram ----
                    Bin Range            |  Num Elems | Visualization
                    (0       , 6.92e-06) |      12529 | ########################################
                    (6.92e-06, 1.38e-05) |          9 | 
                    (1.38e-05, 2.08e-05) |          3 | 
                    (2.08e-05, 2.77e-05) |          1 | 
                    (2.77e-05, 3.46e-05) |          0 | 
                    (3.46e-05, 4.15e-05) |          0 | 
                    (4.15e-05, 4.84e-05) |          1 | 
                    (4.84e-05, 5.53e-05) |          0 | 
                    (5.53e-05, 6.23e-05) |          0 | 
                    (6.23e-05, 6.92e-05) |          1 | 
[I]         PASSED | Output: 'A-V-5-MaxPool' | Difference is within tolerance (rel=0.001, abs=0.001)
[I]     Comparing Output: 'A-V-6-Transpose' (dtype=float32, shape=(4, 7, 7, 64)) with 'A-V-6-Transpose' (dtype=float32, shape=(4, 7, 7, 64))
[I]         Tolerance: [abs=0.001, rel=0.001] | Checking elemwise error
[W]         trt-runner-N0-01/03/24-11:25:25     | Output: A-V-6-Transpose: Some values are 0. Will add a small epsilon quantity to these when computing relative difference. Note that this may cause some relative differences to be extremely high. 
[I]         onnxrt-runner-N0-01/03/24-11:25:25: A-V-6-Transpose | Stats: mean=13.058, std-dev=15.025, var=225.74, median=8.0982, min=0 at (0, 0, 0, 0), max=78.38 at (3, 5, 4, 48), avg-magnitude=13.058
[V]             ---- Histogram ----
                Bin Range    |  Num Elems | Visualization
                (0   , 7.84) |       6210 | ########################################
                (7.84, 15.7) |       1926 | ############
                (15.7, 23.5) |       1623 | ##########
                (23.5, 31.4) |       1022 | ######
                (31.4, 39.2) |        771 | ####
                (39.2, 47  ) |        548 | ###
                (47  , 54.9) |        270 | #
                (54.9, 62.7) |        116 | 
                (62.7, 70.5) |         47 | 
                (70.5, 78.4) |         11 | 
[I]         trt-runner-N0-01/03/24-11:25:25: A-V-6-Transpose | Stats: mean=13.058, std-dev=15.025, var=225.74, median=8.0982, min=2.2204e-16 at (0, 0, 0, 0), max=78.38 at (3, 5, 4, 48), avg-magnitude=13.058
[V]             ---- Histogram ----
                Bin Range    |  Num Elems | Visualization
                (0   , 7.84) |       6210 | ########################################
                (7.84, 15.7) |       1926 | ############
                (15.7, 23.5) |       1623 | ##########
                (23.5, 31.4) |       1022 | ######
                (31.4, 39.2) |        771 | ####
                (39.2, 47  ) |        548 | ###
                (47  , 54.9) |        270 | #
                (54.9, 62.7) |        116 | 
                (62.7, 70.5) |         47 | 
                (70.5, 78.4) |         11 | 
[I]         Error Metrics: A-V-6-Transpose
[I]             Minimum Required Tolerance: elemwise error | [abs=7.6294e-06] OR [rel=6.9172e-05] (requirements may be lower if both abs/rel tolerances are set)
[I]             Absolute Difference | Stats: mean=3.7742e-07, std-dev=8.8636e-07, var=7.8564e-13, median=0, min=0 at (0, 0, 0, 0), max=7.6294e-06 at (0, 1, 1, 48), avg-magnitude=3.7742e-07
[V]                 ---- Histogram ----
                    Bin Range            |  Num Elems | Visualization
                    (0       , 7.63e-07) |      10185 | ########################################
                    (7.63e-07, 1.53e-06) |        976 | ###
                    (1.53e-06, 2.29e-06) |        913 | ###
                    (2.29e-06, 3.05e-06) |          8 | 
                    (3.05e-06, 3.81e-06) |          0 | 
                    (3.81e-06, 4.58e-06) |        450 | #
                    (4.58e-06, 5.34e-06) |          0 | 
                    (5.34e-06, 6.1e-06 ) |          0 | 
                    (6.1e-06 , 6.87e-06) |          0 | 
                    (6.87e-06, 7.63e-06) |         12 | 
[I]             Relative Difference | Stats: mean=7.0316e-08, std-dev=8.6989e-07, var=7.5671e-13, median=0, min=0 at (0, 0, 0, 0), max=6.9172e-05 at (0, 5, 2, 37), avg-magnitude=7.0316e-08
[V]                 ---- Histogram ----
                    Bin Range            |  Num Elems | Visualization
                    (0       , 6.92e-06) |      12529 | ########################################
                    (6.92e-06, 1.38e-05) |          9 | 
                    (1.38e-05, 2.08e-05) |          3 | 
                    (2.08e-05, 2.77e-05) |          1 | 
                    (2.77e-05, 3.46e-05) |          0 | 
                    (3.46e-05, 4.15e-05) |          0 | 
                    (4.15e-05, 4.84e-05) |          1 | 
                    (4.84e-05, 5.53e-05) |          0 | 
                    (5.53e-05, 6.23e-05) |          0 | 
                    (6.23e-05, 6.92e-05) |          1 | 
[I]         PASSED | Output: 'A-V-6-Transpose' | Difference is within tolerance (rel=0.001, abs=0.001)
[I]     Comparing Output: 'A-V-7-Reshape' (dtype=float32, shape=(4, 3136)) with 'A-V-7-Reshape' (dtype=float32, shape=(4, 3136))
[I]         Tolerance: [abs=0.001, rel=0.001] | Checking elemwise error
[W]         trt-runner-N0-01/03/24-11:25:25     | Output: A-V-7-Reshape: Some values are 0. Will add a small epsilon quantity to these when computing relative difference. Note that this may cause some relative differences to be extremely high. 
[I]         onnxrt-runner-N0-01/03/24-11:25:25: A-V-7-Reshape | Stats: mean=13.058, std-dev=15.025, var=225.74, median=8.0982, min=0 at (0, 0), max=78.38 at (3, 2544), avg-magnitude=13.058
[V]             ---- Histogram ----
                Bin Range    |  Num Elems | Visualization
                (0   , 7.84) |       6210 | ########################################
                (7.84, 15.7) |       1926 | ############
                (15.7, 23.5) |       1623 | ##########
                (23.5, 31.4) |       1022 | ######
                (31.4, 39.2) |        771 | ####
                (39.2, 47  ) |        548 | ###
                (47  , 54.9) |        270 | #
                (54.9, 62.7) |        116 | 
                (62.7, 70.5) |         47 | 
                (70.5, 78.4) |         11 | 
[I]         trt-runner-N0-01/03/24-11:25:25: A-V-7-Reshape | Stats: mean=13.058, std-dev=15.025, var=225.74, median=8.0982, min=2.2204e-16 at (0, 0), max=78.38 at (3, 2544), avg-magnitude=13.058
[V]             ---- Histogram ----
                Bin Range    |  Num Elems | Visualization
                (0   , 7.84) |       6210 | ########################################
                (7.84, 15.7) |       1926 | ############
                (15.7, 23.5) |       1623 | ##########
                (23.5, 31.4) |       1022 | ######
                (31.4, 39.2) |        771 | ####
                (39.2, 47  ) |        548 | ###
                (47  , 54.9) |        270 | #
                (54.9, 62.7) |        116 | 
                (62.7, 70.5) |         47 | 
                (70.5, 78.4) |         11 | 
[I]         Error Metrics: A-V-7-Reshape
[I]             Minimum Required Tolerance: elemwise error | [abs=7.6294e-06] OR [rel=6.9172e-05] (requirements may be lower if both abs/rel tolerances are set)
[I]             Absolute Difference | Stats: mean=3.7742e-07, std-dev=8.8636e-07, var=7.8564e-13, median=0, min=0 at (0, 0), max=7.6294e-06 at (0, 560), avg-magnitude=3.7742e-07
[V]                 ---- Histogram ----
                    Bin Range            |  Num Elems | Visualization
                    (0       , 7.63e-07) |      10185 | ########################################
                    (7.63e-07, 1.53e-06) |        976 | ###
                    (1.53e-06, 2.29e-06) |        913 | ###
                    (2.29e-06, 3.05e-06) |          8 | 
                    (3.05e-06, 3.81e-06) |          0 | 
                    (3.81e-06, 4.58e-06) |        450 | #
                    (4.58e-06, 5.34e-06) |          0 | 
                    (5.34e-06, 6.1e-06 ) |          0 | 
                    (6.1e-06 , 6.87e-06) |          0 | 
                    (6.87e-06, 7.63e-06) |         12 | 
[I]             Relative Difference | Stats: mean=7.0316e-08, std-dev=8.6989e-07, var=7.5671e-13, median=0, min=0 at (0, 0), max=6.9172e-05 at (0, 2405), avg-magnitude=7.0316e-08
[V]                 ---- Histogram ----
                    Bin Range            |  Num Elems | Visualization
                    (0       , 6.92e-06) |      12529 | ########################################
                    (6.92e-06, 1.38e-05) |          9 | 
                    (1.38e-05, 2.08e-05) |          3 | 
                    (2.08e-05, 2.77e-05) |          1 | 
                    (2.77e-05, 3.46e-05) |          0 | 
                    (3.46e-05, 4.15e-05) |          0 | 
                    (4.15e-05, 4.84e-05) |          1 | 
                    (4.84e-05, 5.53e-05) |          0 | 
                    (5.53e-05, 6.23e-05) |          0 | 
                    (6.23e-05, 6.92e-05) |          1 | 
[I]         PASSED | Output: 'A-V-7-Reshape' | Difference is within tolerance (rel=0.001, abs=0.001)
[I]     Comparing Output: 'A-V-8-MatMul' (dtype=float32, shape=(4, 1024)) with 'A-V-8-MatMul' (dtype=float32, shape=(4, 1024))
[I]         Tolerance: [abs=0.001, rel=0.001] | Checking elemwise error
[I]         onnxrt-runner-N0-01/03/24-11:25:25: A-V-8-MatMul | Stats: mean=-10.88, std-dev=621.02, var=3.8567e+05, median=-3.9429, min=-2177.6 at (3, 310), max=1943.1 at (0, 713), avg-magnitude=499.75
[V]             ---- Histogram ----
                Bin Range              |  Num Elems | Visualization
                (-2.18e+03, -1.77e+03) |         14 | 
                (-1.77e+03, -1.35e+03) |         51 | #
                (-1.35e+03, -941     ) |        217 | ########
                (-941     , -529     ) |        557 | #####################
                (-529     , -117     ) |        913 | ###################################
                (-117     , 295      ) |       1028 | ########################################
                (295      , 707      ) |        810 | ###############################
                (707      , 1.12e+03 ) |        373 | ##############
                (1.12e+03 , 1.53e+03 ) |        110 | ####
                (1.53e+03 , 1.94e+03 ) |         23 | 
[I]         trt-runner-N0-01/03/24-11:25:25: A-V-8-MatMul | Stats: mean=-10.88, std-dev=621.02, var=3.8567e+05, median=-3.9428, min=-2177.6 at (3, 310), max=1943.1 at (0, 713), avg-magnitude=499.75
[V]             ---- Histogram ----
                Bin Range              |  Num Elems | Visualization
                (-2.18e+03, -1.77e+03) |         14 | 
                (-1.77e+03, -1.35e+03) |         51 | #
                (-1.35e+03, -941     ) |        217 | ########
                (-941     , -529     ) |        557 | #####################
                (-529     , -117     ) |        913 | ###################################
                (-117     , 295      ) |       1028 | ########################################
                (295      , 707      ) |        810 | ###############################
                (707      , 1.12e+03 ) |        373 | ##############
                (1.12e+03 , 1.53e+03 ) |        110 | ####
                (1.53e+03 , 1.94e+03 ) |         23 | 
[I]         Error Metrics: A-V-8-MatMul
[I]             Minimum Required Tolerance: elemwise error | [abs=0.00061035] OR [rel=0.0069758] (requirements may be lower if both abs/rel tolerances are set)
[I]             Absolute Difference | Stats: mean=0.00013785, std-dev=0.00011105, var=1.2331e-08, median=0.00012207, min=0 at (0, 4), max=0.00061035 at (0, 524), avg-magnitude=0.00013785
[V]                 ---- Histogram ----
                    Bin Range            |  Num Elems | Visualization
                    (0       , 6.1e-05 ) |        853 | ##################################
                    (6.1e-05 , 0.000122) |        979 | ########################################
                    (0.000122, 0.000183) |        946 | ######################################
                    (0.000183, 0.000244) |        471 | ###################
                    (0.000244, 0.000305) |        430 | #################
                    (0.000305, 0.000366) |        187 | #######
                    (0.000366, 0.000427) |        125 | #####
                    (0.000427, 0.000488) |         48 | #
                    (0.000488, 0.000549) |         34 | #
                    (0.000549, 0.00061 ) |         23 | 
[I]             Relative Difference | Stats: mean=2.959e-06, std-dev=0.00010935, var=1.1957e-08, median=2.7911e-07, min=0 at (0, 4), max=0.0069758 at (3, 565), avg-magnitude=2.959e-06
[V]                 ---- Histogram ----
                    Bin Range            |  Num Elems | Visualization
                    (0       , 0.000698) |       4095 | ########################################
                    (0.000698, 0.0014  ) |          0 | 
                    (0.0014  , 0.00209 ) |          0 | 
                    (0.00209 , 0.00279 ) |          0 | 
                    (0.00279 , 0.00349 ) |          0 | 
                    (0.00349 , 0.00419 ) |          0 | 
                    (0.00419 , 0.00488 ) |          0 | 
                    (0.00488 , 0.00558 ) |          0 | 
                    (0.00558 , 0.00628 ) |          0 | 
                    (0.00628 , 0.00698 ) |          1 | 
[I]         PASSED | Output: 'A-V-8-MatMul' | Difference is within tolerance (rel=0.001, abs=0.001)
[I]     Comparing Output: 'A-V-9-Add' (dtype=float32, shape=(4, 1024)) with 'A-V-9-Add' (dtype=float32, shape=(4, 1024))
[I]         Tolerance: [abs=0.001, rel=0.001] | Checking elemwise error
[I]         onnxrt-runner-N0-01/03/24-11:25:25: A-V-9-Add | Stats: mean=-10.867, std-dev=621.02, var=3.8567e+05, median=-3.1551, min=-2178.4 at (3, 310), max=1942.8 at (0, 713), avg-magnitude=499.75
[V]             ---- Histogram ----
                Bin Range              |  Num Elems | Visualization
                (-2.18e+03, -1.77e+03) |         14 | 
                (-1.77e+03, -1.35e+03) |         51 | #
                (-1.35e+03, -942     ) |        217 | ########
                (-942     , -530     ) |        554 | #####################
                (-530     , -118     ) |        915 | ###################################
                (-118     , 294      ) |       1029 | ########################################
                (294      , 706      ) |        810 | ###############################
                (706      , 1.12e+03 ) |        372 | ##############
                (1.12e+03 , 1.53e+03 ) |        111 | ####
                (1.53e+03 , 1.94e+03 ) |         23 | 
[I]         trt-runner-N0-01/03/24-11:25:25: A-V-9-Add | Stats: mean=-10.867, std-dev=621.02, var=3.8567e+05, median=-3.1552, min=-2178.4 at (3, 310), max=1942.8 at (0, 713), avg-magnitude=499.75
[V]             ---- Histogram ----
                Bin Range              |  Num Elems | Visualization
                (-2.18e+03, -1.77e+03) |         14 | 
                (-1.77e+03, -1.35e+03) |         51 | #
                (-1.35e+03, -942     ) |        217 | ########
                (-942     , -530     ) |        554 | #####################
                (-530     , -118     ) |        915 | ###################################
                (-118     , 294      ) |       1029 | ########################################
                (294      , 706      ) |        810 | ###############################
                (706      , 1.12e+03 ) |        372 | ##############
                (1.12e+03 , 1.53e+03 ) |        111 | ####
                (1.53e+03 , 1.94e+03 ) |         23 | 
[I]         Error Metrics: A-V-9-Add
[I]             Minimum Required Tolerance: elemwise error | [abs=0.00061035] OR [rel=0.0015023] (requirements may be lower if both abs/rel tolerances are set)
[I]             Absolute Difference | Stats: mean=0.00013783, std-dev=0.00011107, var=1.2337e-08, median=0.00012207, min=0 at (0, 4), max=0.00061035 at (0, 524), avg-magnitude=0.00013783
[V]                 ---- Histogram ----
                    Bin Range            |  Num Elems | Visualization
                    (0       , 6.1e-05 ) |        855 | ###################################
                    (6.1e-05 , 0.000122) |        976 | ########################################
                    (0.000122, 0.000183) |        946 | ######################################
                    (0.000183, 0.000244) |        472 | ###################
                    (0.000244, 0.000305) |        430 | #################
                    (0.000305, 0.000366) |        187 | #######
                    (0.000366, 0.000427) |        125 | #####
                    (0.000427, 0.000488) |         48 | #
                    (0.000488, 0.000549) |         34 | #
                    (0.000549, 0.00061 ) |         23 | 
[I]             Relative Difference | Stats: mean=1.8752e-06, std-dev=2.9261e-05, var=8.5618e-10, median=2.7929e-07, min=0 at (0, 4), max=0.0015023 at (2, 929), avg-magnitude=1.8752e-06
[V]                 ---- Histogram ----
                    Bin Range            |  Num Elems | Visualization
                    (0       , 0.00015 ) |       4091 | ########################################
                    (0.00015 , 0.0003  ) |          1 | 
                    (0.0003  , 0.000451) |          1 | 
                    (0.000451, 0.000601) |          0 | 
                    (0.000601, 0.000751) |          1 | 
                    (0.000751, 0.000901) |          1 | 
                    (0.000901, 0.00105 ) |          0 | 
                    (0.00105 , 0.0012  ) |          0 | 
                    (0.0012  , 0.00135 ) |          0 | 
                    (0.00135 , 0.0015  ) |          1 | 
[I]         PASSED | Output: 'A-V-9-Add' | Difference is within tolerance (rel=0.001, abs=0.001)
[I]     Comparing Output: 'A-V-10-Relu' (dtype=float32, shape=(4, 1024)) with 'A-V-10-Relu' (dtype=float32, shape=(4, 1024))
[I]         Tolerance: [abs=0.001, rel=0.001] | Checking elemwise error
[W]         trt-runner-N0-01/03/24-11:25:25     | Output: A-V-10-Relu: Some values are 0. Will add a small epsilon quantity to these when computing relative difference. Note that this may cause some relative differences to be extremely high. 
[I]         onnxrt-runner-N0-01/03/24-11:25:25: A-V-10-Relu | Stats: mean=244.44, std-dev=352.26, var=1.2408e+05, median=0, min=0 at (0, 3), max=1942.8 at (0, 713), avg-magnitude=244.44
[V]             ---- Histogram ----
                Bin Range            |  Num Elems | Visualization
                (0       , 194     ) |       2562 | ########################################
                (194     , 389     ) |        424 | ######
                (389     , 583     ) |        390 | ######
                (583     , 777     ) |        313 | ####
                (777     , 971     ) |        192 | ##
                (971     , 1.17e+03) |        105 | #
                (1.17e+03, 1.36e+03) |         62 | 
                (1.36e+03, 1.55e+03) |         27 | 
                (1.55e+03, 1.75e+03) |         18 | 
                (1.75e+03, 1.94e+03) |          3 | 
[I]         trt-runner-N0-01/03/24-11:25:25: A-V-10-Relu | Stats: mean=244.44, std-dev=352.26, var=1.2408e+05, median=2.2204e-16, min=2.2204e-16 at (0, 3), max=1942.8 at (0, 713), avg-magnitude=244.44
[V]             ---- Histogram ----
                Bin Range            |  Num Elems | Visualization
                (0       , 194     ) |       2562 | ########################################
                (194     , 389     ) |        424 | ######
                (389     , 583     ) |        390 | ######
                (583     , 777     ) |        313 | ####
                (777     , 971     ) |        192 | ##
                (971     , 1.17e+03) |        105 | #
                (1.17e+03, 1.36e+03) |         62 | 
                (1.36e+03, 1.55e+03) |         27 | 
                (1.55e+03, 1.75e+03) |         18 | 
                (1.75e+03, 1.94e+03) |          3 | 
[I]         Error Metrics: A-V-10-Relu
[I]             Minimum Required Tolerance: elemwise error | [abs=0.00061035] OR [rel=0.0015023] (requirements may be lower if both abs/rel tolerances are set)
[I]             Absolute Difference | Stats: mean=6.8707e-05, std-dev=0.00010566, var=1.1164e-08, median=0, min=0 at (0, 3), max=0.00061035 at (1, 163), avg-magnitude=6.8707e-05
[V]                 ---- Histogram ----
                    Bin Range            |  Num Elems | Visualization
                    (0       , 6.1e-05 ) |       2476 | ########################################
                    (6.1e-05 , 0.000122) |        524 | ########
                    (0.000122, 0.000183) |        447 | #######
                    (0.000183, 0.000244) |        210 | ###
                    (0.000244, 0.000305) |        219 | ###
                    (0.000305, 0.000366) |         99 | #
                    (0.000366, 0.000427) |         64 | #
                    (0.000427, 0.000488) |         24 | 
                    (0.000488, 0.000549) |         18 | 
                    (0.000549, 0.00061 ) |         15 | 
[I]             Relative Difference | Stats: mean=1.2654e-06, std-dev=2.8713e-05, var=8.2443e-10, median=0, min=0 at (0, 3), max=0.0015023 at (2, 929), avg-magnitude=1.2654e-06
[V]                 ---- Histogram ----
                    Bin Range            |  Num Elems | Visualization
                    (0       , 0.00015 ) |       4092 | ########################################
                    (0.00015 , 0.0003  ) |          1 | 
                    (0.0003  , 0.000451) |          0 | 
                    (0.000451, 0.000601) |          0 | 
                    (0.000601, 0.000751) |          1 | 
                    (0.000751, 0.000901) |          1 | 
                    (0.000901, 0.00105 ) |          0 | 
                    (0.00105 , 0.0012  ) |          0 | 
                    (0.0012  , 0.00135 ) |          0 | 
                    (0.00135 , 0.0015  ) |          1 | 
[I]         PASSED | Output: 'A-V-10-Relu' | Difference is within tolerance (rel=0.001, abs=0.001)
[I]     Comparing Output: 'A-V-11-MatMul' (dtype=float32, shape=(4, 10)) with 'A-V-11-MatMul' (dtype=float32, shape=(4, 10))
[I]         Tolerance: [abs=0.001, rel=0.001] | Checking elemwise error
[I]         onnxrt-runner-N0-01/03/24-11:25:25: A-V-11-MatMul | Stats: mean=1077, std-dev=6516.3, var=4.2463e+07, median=-1028.3, min=-8947.7 at (2, 9), max=14406 at (0, 1), avg-magnitude=5439.5
[V]             ---- Values ----
                    [[11103.4     14405.913   -5333.998    4481.9355  -3072.686    3633.9724
                      -5561.2705   2321.022   -3186.6445  -3126.317  ]
                     [10199.321   13627.16    -4177.3735   3728.5002   -870.91895  2010.9625
                      -2100.3608   6665.54    -5979.9756  -1326.2842 ]
                     [10956.931   10214.255   -3309.4717   3150.1016  -6835.8066  -1185.5901
                      -3046.549    3463.9397  -8851.408   -8947.66   ]
                     [10042.353   13496.933   -2228.5195   2925.5156  -3993.7878    139.88745
                      -2540.4924   3762.6128  -5006.6543  -6568.3315 ]]
[V]             ---- Histogram ----
                Bin Range              |  Num Elems | Visualization
                (-8.95e+03, -6.61e+03) |          3 | ############
                (-6.61e+03, -4.28e+03) |          5 | ####################
                (-4.28e+03, -1.94e+03) |         10 | ########################################
                (-1.94e+03, 394      ) |          4 | ################
                (394      , 2.73e+03 ) |          2 | ########
                (2.73e+03 , 5.06e+03 ) |          7 | ############################
                (5.06e+03 , 7.4e+03  ) |          1 | ####
                (7.4e+03  , 9.74e+03 ) |          0 | 
                (9.74e+03 , 1.21e+04 ) |          5 | ####################
                (1.21e+04 , 1.44e+04 ) |          3 | ############
[I]         trt-runner-N0-01/03/24-11:25:25: A-V-11-MatMul | Stats: mean=1077, std-dev=6516.3, var=4.2463e+07, median=-1028.3, min=-8947.7 at (2, 9), max=14406 at (0, 1), avg-magnitude=5439.5
[V]             ---- Values ----
                    [[11103.402   14405.914   -5334.002    4481.9326  -3072.687    3633.9714
                      -5561.2686   2321.0215  -3186.6416  -3126.316  ]
                     [10199.328   13627.16    -4177.374    3728.499    -870.91876  2010.9624
                      -2100.3608   6665.5386  -5979.974   -1326.2853 ]
                     [10956.934   10214.254   -3309.4702   3150.0974  -6835.807   -1185.5934
                      -3046.543    3463.9395  -8851.408   -8947.666  ]
                     [10042.35    13496.937   -2228.5205   2925.5154  -3993.7861    139.89392
                      -2540.4941   3762.6123  -5006.656   -6568.3267 ]]
[V]             ---- Histogram ----
                Bin Range              |  Num Elems | Visualization
                (-8.95e+03, -6.61e+03) |          3 | ############
                (-6.61e+03, -4.28e+03) |          5 | ####################
                (-4.28e+03, -1.94e+03) |         10 | ########################################
                (-1.94e+03, 394      ) |          4 | ################
                (394      , 2.73e+03 ) |          2 | ########
                (2.73e+03 , 5.06e+03 ) |          7 | ############################
                (5.06e+03 , 7.4e+03  ) |          1 | ####
                (7.4e+03  , 9.74e+03 ) |          0 | 
                (9.74e+03 , 1.21e+04 ) |          5 | ####################
                (1.21e+04 , 1.44e+04 ) |          3 | ############
[I]         Error Metrics: A-V-11-MatMul
[I]             Minimum Required Tolerance: elemwise error | [abs=0.0068359] OR [rel=4.6247e-05] (requirements may be lower if both abs/rel tolerances are set)
[I]             Absolute Difference | Stats: mean=0.0020309, std-dev=0.0018945, var=3.5889e-06, median=0.0014648, min=0 at (1, 1), max=0.0068359 at (1, 0), avg-magnitude=0.0020309
[V]                 ---- Values ----
                        [[0.00195312 0.00097656 0.00390625 0.00292969 0.00097656 0.00097656
                          0.00195312 0.00048828 0.00292969 0.00097656]
                         [0.00683594 0.         0.00048828 0.0012207  0.00018311 0.00012207
                          0.         0.00146484 0.00146484 0.00109863]
                         [0.00292969 0.00097656 0.00146484 0.00415039 0.00048828 0.0032959
                          0.00610352 0.00024414 0.         0.00585938]
                         [0.00292969 0.00390625 0.00097656 0.00024414 0.00170898 0.00646973
                          0.00170898 0.00048828 0.00146484 0.00488281]]
[V]                 ---- Histogram ----
                    Bin Range            |  Num Elems | Visualization
                    (0       , 0.000684) |         11 | ########################################
                    (0.000684, 0.00137 ) |          8 | #############################
                    (0.00137 , 0.00205 ) |          8 | #############################
                    (0.00205 , 0.00273 ) |          0 | 
                    (0.00273 , 0.00342 ) |          5 | ##################
                    (0.00342 , 0.0041  ) |          2 | #######
                    (0.0041  , 0.00479 ) |          1 | ###
                    (0.00479 , 0.00547 ) |          1 | ###
                    (0.00547 , 0.00615 ) |          2 | #######
                    (0.00615 , 0.00684 ) |          2 | #######
[I]             Relative Difference | Stats: mean=1.6002e-06, std-dev=7.1693e-06, var=5.1399e-11, median=2.9216e-07, min=0 at (1, 1), max=4.6247e-05 at (3, 5), avg-magnitude=1.6002e-06
[V]                 ---- Values ----
                        [[1.7590330e-07 6.7789003e-08 7.3233008e-07 6.5366612e-07 3.1782037e-07
                          2.6873147e-07 3.5120135e-07 2.1037343e-07 9.1936522e-07 3.1236846e-07]
                         [6.7023410e-07 0.0000000e+00 1.1688713e-07 3.2739800e-07 2.1024402e-07
                          6.0702433e-08 0.0000000e+00 2.1976375e-07 2.4495822e-07 8.2835334e-07]
                         [2.6738206e-07 9.5607817e-08 4.4262183e-07 1.3175436e-06 7.1429930e-08
                          2.7799567e-06 2.0034236e-06 7.0480624e-08 0.0000000e+00 6.5484954e-07]
                         [2.9173327e-07 2.8941753e-07 4.3821115e-07 8.3452179e-08 4.2791083e-07
                          4.6247376e-05 6.7269764e-07 1.2977188e-07 2.9257927e-07 7.4338760e-07]]
[V]                 ---- Histogram ----
                    Bin Range            |  Num Elems | Visualization
                    (0       , 4.62e-06) |         39 | ########################################
                    (4.62e-06, 9.25e-06) |          0 | 
                    (9.25e-06, 1.39e-05) |          0 | 
                    (1.39e-05, 1.85e-05) |          0 | 
                    (1.85e-05, 2.31e-05) |          0 | 
                    (2.31e-05, 2.77e-05) |          0 | 
                    (2.77e-05, 3.24e-05) |          0 | 
                    (3.24e-05, 3.7e-05 ) |          0 | 
                    (3.7e-05 , 4.16e-05) |          0 | 
                    (4.16e-05, 4.62e-05) |          1 | #
[I]         PASSED | Output: 'A-V-11-MatMul' | Difference is within tolerance (rel=0.001, abs=0.001)
[I]     Comparing Output: 'A-V-12-Add' (dtype=float32, shape=(4, 10)) with 'A-V-12-Add' (dtype=float32, shape=(4, 10))
[I]         Tolerance: [abs=0.001, rel=0.001] | Checking elemwise error
[I]         onnxrt-runner-N0-01/03/24-11:25:25: A-V-12-Add | Stats: mean=1077.4, std-dev=6516.4, var=4.2463e+07, median=-1027.5, min=-8948.6 at (2, 9), max=14407 at (0, 1), avg-magnitude=5439.4
[V]             ---- Values ----
                    [[11103.842  14406.608  -5333.0645  4482.343  -3071.9863  3634.715
                      -5560.423   2320.5571 -3186.054  -3127.283 ]
                     [10199.763  13627.855  -4176.44    3728.9072  -870.2192  2011.7053
                      -2099.5132  6665.075  -5979.385  -1327.2501]
                     [10957.372  10214.95   -3308.538   3150.5085 -6835.107  -1184.8473
                      -3045.7014  3463.4749 -8850.817  -8948.626 ]
                     [10042.794  13497.628  -2227.586   2925.9226 -3993.0881   140.6302
                      -2539.6448  3762.148  -5006.0635 -6569.2974]]
[V]             ---- Histogram ----
                Bin Range              |  Num Elems | Visualization
                (-8.95e+03, -6.61e+03) |          3 | ############
                (-6.61e+03, -4.28e+03) |          5 | ####################
                (-4.28e+03, -1.94e+03) |         10 | ########################################
                (-1.94e+03, 393      ) |          4 | ################
                (393      , 2.73e+03 ) |          2 | ########
                (2.73e+03 , 5.06e+03 ) |          7 | ############################
                (5.06e+03 , 7.4e+03  ) |          1 | ####
                (7.4e+03  , 9.74e+03 ) |          0 | 
                (9.74e+03 , 1.21e+04 ) |          5 | ####################
                (1.21e+04 , 1.44e+04 ) |          3 | ############
[I]         trt-runner-N0-01/03/24-11:25:25: A-V-12-Add | Stats: mean=1077.4, std-dev=6516.4, var=4.2463e+07, median=-1027.5, min=-8948.6 at (2, 9), max=14407 at (0, 1), avg-magnitude=5439.4
[V]             ---- Values ----
                    [[11103.844   14406.609   -5333.0684   4482.34    -3071.9873   3634.714
                      -5560.421    2320.5566  -3186.051   -3127.282  ]
                     [10199.77    13627.855   -4176.4404   3728.906    -870.219    2011.7052
                      -2099.5132   6665.0737  -5979.3833  -1327.2512 ]
                     [10957.375   10214.949   -3308.5366   3150.5044  -6835.1074  -1184.8506
                      -3045.6953   3463.4746  -8850.817   -8948.632  ]
                     [10042.791   13497.632   -2227.587    2925.9224  -3993.0864    140.63667
                      -2539.6465   3762.1475  -5006.065   -6569.2925 ]]
[V]             ---- Histogram ----
                Bin Range              |  Num Elems | Visualization
                (-8.95e+03, -6.61e+03) |          3 | ############
                (-6.61e+03, -4.28e+03) |          5 | ####################
                (-4.28e+03, -1.94e+03) |         10 | ########################################
                (-1.94e+03, 393      ) |          4 | ################
                (393      , 2.73e+03 ) |          2 | ########
                (2.73e+03 , 5.06e+03 ) |          7 | ############################
                (5.06e+03 , 7.4e+03  ) |          1 | ####
                (7.4e+03  , 9.74e+03 ) |          0 | 
                (9.74e+03 , 1.21e+04 ) |          5 | ####################
                (1.21e+04 , 1.44e+04 ) |          3 | ############
[I]         Error Metrics: A-V-12-Add
[I]             Minimum Required Tolerance: elemwise error | [abs=0.0068359] OR [rel=4.6003e-05] (requirements may be lower if both abs/rel tolerances are set)
[I]             Absolute Difference | Stats: mean=0.0020309, std-dev=0.0018945, var=3.5889e-06, median=0.0014648, min=0 at (1, 1), max=0.0068359 at (1, 0), avg-magnitude=0.0020309
[V]                 ---- Values ----
                        [[0.00195312 0.00097656 0.00390625 0.00292969 0.00097656 0.00097656
                          0.00195312 0.00048828 0.00292969 0.00097656]
                         [0.00683594 0.         0.00048828 0.0012207  0.00018311 0.00012207
                          0.         0.00146484 0.00146484 0.00109863]
                         [0.00292969 0.00097656 0.00146484 0.00415039 0.00048828 0.0032959
                          0.00610352 0.00024414 0.         0.00585938]
                         [0.00292969 0.00390625 0.00097656 0.00024414 0.00170898 0.00646973
                          0.00170898 0.00048828 0.00146484 0.00488281]]
[V]                 ---- Histogram ----
                    Bin Range            |  Num Elems | Visualization
                    (0       , 0.000684) |         11 | ########################################
                    (0.000684, 0.00137 ) |          8 | #############################
                    (0.00137 , 0.00205 ) |          8 | #############################
                    (0.00205 , 0.00273 ) |          0 | 
                    (0.00273 , 0.00342 ) |          5 | ##################
                    (0.00342 , 0.0041  ) |          2 | #######
                    (0.0041  , 0.00479 ) |          1 | ###
                    (0.00479 , 0.00547 ) |          1 | ###
                    (0.00547 , 0.00615 ) |          2 | #######
                    (0.00615 , 0.00684 ) |          2 | #######
[I]             Relative Difference | Stats: mean=1.5942e-06, std-dev=7.1313e-06, var=5.0855e-11, median=2.9217e-07, min=0 at (1, 1), max=4.6003e-05 at (3, 5), avg-magnitude=1.5942e-06
[V]                 ---- Values ----
                        [[1.75896304e-07 6.77857273e-08 7.32458261e-07 6.53606719e-07
                          3.17892756e-07 2.68676558e-07 3.51254897e-07 2.10415564e-07
                          9.19535637e-07 3.12271965e-07]
                         [6.70205111e-07 0.00000000e+00 1.16913256e-07 3.27362272e-07
                          2.10413091e-07 6.06800228e-08 0.00000000e+00 2.19779082e-07
                          2.44982402e-07 8.27750455e-07]
                         [2.67371291e-07 9.56013082e-08 4.42746710e-07 1.31737340e-06
                          7.14372490e-08 2.78169955e-06 2.00398108e-06 7.04900884e-08
                          0.00000000e+00 6.54778887e-07]
                         [2.91720454e-07 2.89402607e-07 4.38394778e-07 8.34405682e-08
                          4.27985810e-07 4.60031260e-05 6.72922170e-07 1.29787907e-07
                          2.92613805e-07 7.43278292e-07]]
[V]                 ---- Histogram ----
                    Bin Range            |  Num Elems | Visualization
                    (0       , 4.6e-06 ) |         39 | ########################################
                    (4.6e-06 , 9.2e-06 ) |          0 | 
                    (9.2e-06 , 1.38e-05) |          0 | 
                    (1.38e-05, 1.84e-05) |          0 | 
                    (1.84e-05, 2.3e-05 ) |          0 | 
                    (2.3e-05 , 2.76e-05) |          0 | 
                    (2.76e-05, 3.22e-05) |          0 | 
                    (3.22e-05, 3.68e-05) |          0 | 
                    (3.68e-05, 4.14e-05) |          0 | 
                    (4.14e-05, 4.6e-05 ) |          1 | #
[I]         PASSED | Output: 'A-V-12-Add' | Difference is within tolerance (rel=0.001, abs=0.001)
[I]     Comparing Output: 'A-V-13-Softmax' (dtype=float32, shape=(4, 10)) with 'A-V-13-Softmax' (dtype=float32, shape=(4, 10))
[I]         Tolerance: [abs=0.001, rel=0.001] | Checking elemwise error
[W]         trt-runner-N0-01/03/24-11:25:25     | Output: A-V-13-Softmax: Some values are 0. Will add a small epsilon quantity to these when computing relative difference. Note that this may cause some relative differences to be extremely high. 
[I]         onnxrt-runner-N0-01/03/24-11:25:25: A-V-13-Softmax | Stats: mean=0.1, std-dev=0.3, var=0.09, median=0, min=0 at (0, 0), max=1 at (0, 1), avg-magnitude=0.1
[V]             ---- Values ----
                    [[0. 1. 0. 0. 0. 0. 0. 0. 0. 0.]
                     [0. 1. 0. 0. 0. 0. 0. 0. 0. 0.]
                     [1. 0. 0. 0. 0. 0. 0. 0. 0. 0.]
                     [0. 1. 0. 0. 0. 0. 0. 0. 0. 0.]]
[V]             ---- Histogram ----
                Bin Range  |  Num Elems | Visualization
                (0  , 0.1) |         36 | ########################################
                (0.1, 0.2) |          0 | 
                (0.2, 0.3) |          0 | 
                (0.3, 0.4) |          0 | 
                (0.4, 0.5) |          0 | 
                (0.5, 0.6) |          0 | 
                (0.6, 0.7) |          0 | 
                (0.7, 0.8) |          0 | 
                (0.8, 0.9) |          0 | 
                (0.9, 1  ) |          4 | ####
[I]         trt-runner-N0-01/03/24-11:25:25: A-V-13-Softmax | Stats: mean=0.1, std-dev=0.3, var=0.09, median=2.2204e-16, min=2.2204e-16 at (0, 0), max=1 at (0, 1), avg-magnitude=0.1
[V]             ---- Values ----
                    [[2.220446e-16 1.000000e+00 2.220446e-16 2.220446e-16 2.220446e-16
                      2.220446e-16 2.220446e-16 2.220446e-16 2.220446e-16 2.220446e-16]
                     [2.220446e-16 1.000000e+00 2.220446e-16 2.220446e-16 2.220446e-16
                      2.220446e-16 2.220446e-16 2.220446e-16 2.220446e-16 2.220446e-16]
                     [1.000000e+00 2.220446e-16 2.220446e-16 2.220446e-16 2.220446e-16
                      2.220446e-16 2.220446e-16 2.220446e-16 2.220446e-16 2.220446e-16]
                     [2.220446e-16 1.000000e+00 2.220446e-16 2.220446e-16 2.220446e-16
                      2.220446e-16 2.220446e-16 2.220446e-16 2.220446e-16 2.220446e-16]]
[V]             ---- Histogram ----
                Bin Range  |  Num Elems | Visualization
                (0  , 0.1) |         36 | ########################################
                (0.1, 0.2) |          0 | 
                (0.2, 0.3) |          0 | 
                (0.3, 0.4) |          0 | 
                (0.4, 0.5) |          0 | 
                (0.5, 0.6) |          0 | 
                (0.6, 0.7) |          0 | 
                (0.7, 0.8) |          0 | 
                (0.8, 0.9) |          0 | 
                (0.9, 1  ) |          4 | ####
[I]         Error Metrics: A-V-13-Softmax
[I]             Minimum Required Tolerance: elemwise error | [abs=0] OR [rel=0] (requirements may be lower if both abs/rel tolerances are set)
[I]             Absolute Difference | Stats: mean=0, std-dev=0, var=0, median=0, min=0 at (0, 0), max=0 at (0, 0), avg-magnitude=0
[V]                 ---- Values ----
                        [[0. 0. 0. 0. 0. 0. 0. 0. 0. 0.]
                         [0. 0. 0. 0. 0. 0. 0. 0. 0. 0.]
                         [0. 0. 0. 0. 0. 0. 0. 0. 0. 0.]
                         [0. 0. 0. 0. 0. 0. 0. 0. 0. 0.]]
[V]                 ---- Histogram ----
                    Bin Range    |  Num Elems | Visualization
                    (-0.5, -0.4) |          0 | 
                    (-0.4, -0.3) |          0 | 
                    (-0.3, -0.2) |          0 | 
                    (-0.2, -0.1) |          0 | 
                    (-0.1, 0   ) |          0 | 
                    (0   , 0.1 ) |         40 | ########################################
                    (0.1 , 0.2 ) |          0 | 
                    (0.2 , 0.3 ) |          0 | 
                    (0.3 , 0.4 ) |          0 | 
                    (0.4 , 0.5 ) |          0 | 
[I]             Relative Difference | Stats: mean=0, std-dev=0, var=0, median=0, min=0 at (0, 0), max=0 at (0, 0), avg-magnitude=0
[V]                 ---- Values ----
                        [[0. 0. 0. 0. 0. 0. 0. 0. 0. 0.]
                         [0. 0. 0. 0. 0. 0. 0. 0. 0. 0.]
                         [0. 0. 0. 0. 0. 0. 0. 0. 0. 0.]
                         [0. 0. 0. 0. 0. 0. 0. 0. 0. 0.]]
[V]                 ---- Histogram ----
                    Bin Range    |  Num Elems | Visualization
                    (-0.5, -0.4) |          0 | 
                    (-0.4, -0.3) |          0 | 
                    (-0.3, -0.2) |          0 | 
                    (-0.2, -0.1) |          0 | 
                    (-0.1, 0   ) |          0 | 
                    (0   , 0.1 ) |         40 | ########################################
                    (0.1 , 0.2 ) |          0 | 
                    (0.2 , 0.3 ) |          0 | 
                    (0.3 , 0.4 ) |          0 | 
                    (0.4 , 0.5 ) |          0 | 
[I]         PASSED | Output: 'A-V-13-Softmax' | Difference is within tolerance (rel=0.001, abs=0.001)
[I]     Comparing Output: 'A-V-14-ArgMax' (dtype=int64, shape=(4,)) with 'A-V-14-ArgMax' (dtype=int32, shape=(4,))
[I]         Tolerance: [abs=0.001, rel=0.001] | Checking elemwise error
[I]         onnxrt-runner-N0-01/03/24-11:25:25: A-V-14-ArgMax | Stats: mean=0.75, std-dev=0.43301, var=0.1875, median=1, min=0 at (2,), max=1 at (0,), avg-magnitude=0.75
[V]             ---- Values ----
                    [1 1 0 1]
[V]             ---- Histogram ----
                Bin Range  |  Num Elems | Visualization
                (0  , 0.1) |          1 | #############
                (0.1, 0.2) |          0 | 
                (0.2, 0.3) |          0 | 
                (0.3, 0.4) |          0 | 
                (0.4, 0.5) |          0 | 
                (0.5, 0.6) |          0 | 
                (0.6, 0.7) |          0 | 
                (0.7, 0.8) |          0 | 
                (0.8, 0.9) |          0 | 
                (0.9, 1  ) |          3 | ########################################/home/fengsc/anaconda3/envs/py37/lib/python3.7/site-packages/polygraphy/util/array.py:644: RuntimeWarning: invalid value encountered in true_divide
  "numpy": lambda lhs, rhs: lhs / rhs,

[I]         trt-runner-N0-01/03/24-11:25:25: A-V-14-ArgMax | Stats: mean=0.75, std-dev=0.43301, var=0.1875, median=1, min=0 at (2,), max=1 at (0,), avg-magnitude=0.75
[V]             ---- Values ----
                    [1 1 0 1]
[V]             ---- Histogram ----
                Bin Range  |  Num Elems | Visualization
                (0  , 0.1) |          1 | #############
                (0.1, 0.2) |          0 | 
                (0.2, 0.3) |          0 | 
                (0.3, 0.4) |          0 | 
                (0.4, 0.5) |          0 | 
                (0.5, 0.6) |          0 | 
                (0.6, 0.7) |          0 | 
                (0.7, 0.8) |          0 | 
                (0.8, 0.9) |          0 | 
                (0.9, 1  ) |          3 | ########################################
[I]         Error Metrics: A-V-14-ArgMax
[I]             Minimum Required Tolerance: elemwise error | [abs=0] OR [rel=nan] (requirements may be lower if both abs/rel tolerances are set)
[I]             Absolute Difference | Stats: mean=0, std-dev=0, var=0, median=0, min=0 at (0,), max=0 at (0,), avg-magnitude=0
[V]                 ---- Values ----
                        [0 0 0 0]
[V]                 ---- Histogram ----
                    Bin Range    |  Num Elems | Visualization
                    (-0.5, -0.4) |          0 | 
                    (-0.4, -0.3) |          0 | 
                    (-0.3, -0.2) |          0 | 
                    (-0.2, -0.1) |          0 | 
                    (-0.1, 0   ) |          0 | 
                    (0   , 0.1 ) |          4 | ########################################
                    (0.1 , 0.2 ) |          0 | 
                    (0.2 , 0.3 ) |          0 | 
                    (0.3 , 0.4 ) |          0 | 
                    (0.4 , 0.5 ) |          0 | 
[I]             Relative Difference | Stats: mean=nan, std-dev=nan, var=nan, median=nan, min=nan at (2,), max=nan at (2,), avg-magnitude=nan
[V]                 ---- Values ----
                        [ 0.  0. nan  0.]
[V]                 Could not generate histogram. Note: Error was: autodetected range of [nan, nan] is not finite
[V]                 
[I]         PASSED | Output: 'A-V-14-ArgMax' | Difference is within tolerance (rel=0.001, abs=0.001)
[I]     PASSED | All outputs matched | Outputs: ['A-V-0-Conv', 'A-V-1-Relu', 'A-V-2-MaxPool', 'A-V-3-Conv', 'A-V-4-Relu', 'A-V-5-MaxPool', 'A-V-6-Transpose', 'A-V-7-Reshape', 'A-V-8-MatMul', 'A-V-9-Add', 'A-V-10-Relu', 'A-V-11-MatMul', 'A-V-12-Add', 'A-V-13-Softmax', 'A-V-14-ArgMax']
[I] Accuracy Summary | onnxrt-runner-N0-01/03/24-11:25:25 vs. trt-runner-N0-01/03/24-11:25:25 | Passed: 1/1 iterations | Pass Rate: 100.0%
[I] PASSED | Runtime: 28.198s | Command: /home/fengsc/anaconda3/envs/py37/bin/polygraphy run modelA.onnx --onnxrt --trt --save-engine=model-04.plan --onnx-outputs mark all --trt-outputs mark all --trt-min-shapes tensorX:[1,1,28,28] --trt-opt-shapes tensorX:[4,1,28,28] --trt-max-shapes tensorX:[16,1,28,28] --input-shapes tensorX:[4,1,28,28] --atol 1e-3 --rtol 1e-3 --verbose
