[V] Loaded Module: polygraphy | Version: 0.49.0 | Path: ['/home/fengsc/anaconda3/envs/py37/lib/python3.7/site-packages/polygraphy']
[I] Loading bytes from /home/fengsc/CUDASTUDY/trt-samples-for-hackathon-cn/cookbook/07-Tool/Polygraphy-CLI/InspectExample/model-00.plan
[V] Loaded Module: tensorrt | Version: 8.5.1.7 | Path: ['/home/fengsc/anaconda3/envs/py37/lib/python3.7/site-packages/tensorrt']
[V] Loaded engine size: 12 MiB
[V] [MemUsageChange] Init cuBLAS/cuBLASLt: CPU +186, GPU +10, now: CPU 279, GPU 431 (MiB)
[V] [MemUsageChange] Init cuDNN: CPU +2, GPU +8, now: CPU 281, GPU 439 (MiB)
[V] [MemUsageChange] TensorRT-managed allocation in engine deserialization: CPU +0, GPU +12, now: CPU 0, GPU 12 (MiB)
[V] [MemUsageChange] Init cuBLAS/cuBLASLt: CPU +0, GPU +8, now: CPU 268, GPU 431 (MiB)
[V] [MemUsageChange] Init cuDNN: CPU +0, GPU +8, now: CPU 268, GPU 439 (MiB)
[V] [MemUsageChange] TensorRT-managed allocation in IExecutionContext creation: CPU +0, GPU +2, now: CPU 0, GPU 14 (MiB)
[V] Loaded Module: polygraphy.backend.trt.util
[I] ==== TensorRT Engine ====
    Name: Unnamed Network 0 | Explicit Batch Engine
    
    ---- 1 Engine Input(s) ----
    {tensorX [dtype=float32, shape=(-1, 1, 28, 28)]}
    
    ---- 2 Engine Output(s) ----
    {A-V-12-Add [dtype=float32, shape=(-1, 10)],
     A-V-14-ArgMax [dtype=int32, shape=(-1,)]}
    
    ---- Memory ----
    Device Memory: 2408448 bytes
    
    ---- 1 Profile(s) (3 Tensor(s) Each) ----
    - Profile: 0
        Tensor: tensorX                (Input), Index: 0 | Shapes: min=(1, 1, 28, 28), opt=(4, 1, 28, 28), max=(16, 1, 28, 28)
        Tensor: A-V-12-Add            (Output), Index: 1 | Shape: (-1, 10)
        Tensor: A-V-14-ArgMax         (Output), Index: 2 | Shape: (-1,)
    
    ---- 14 Layer(s) ----
    - Profile: 0
        Layer 0    | A-N-0-Conv + A-N-1-Relu [Op: CaskConvolution]
            {tensorX [shape=(-1, 1, 28, 28)]}
             -> {A-V-1-Relu [shape=(-1, 32, 28, 28)]}
            ---- Attributes ----
            Origin = Unknown
            Tactic = 0x632674f65e3422ae
    
        Layer 1    | A-N-2-MaxPool [Op: CaskPooling]
            {A-V-1-Relu [shape=(-1, 32, 28, 28)]}
             -> {A-V-2-MaxPool [shape=(-1, 32, 14, 14)]}
            ---- Attributes ----
            Origin = Unknown
            Tactic = 0x2802f161f2fbd8fa
    
        Layer 2    | Reformatting CopyNode for Input Tensor 0 to A-N-3-Conv + A-N-4-Relu [Op: Reformat]
            {A-V-2-MaxPool [shape=(-1, 32, 14, 14)]}
             -> {Reformatted Input Tensor 0 to A-N-3-Conv + A-N-4-Relu [shape=(-1, 32, 14, 14)]}
            ---- Attributes ----
            Origin = REFORMAT
            Tactic = 0x00000000000003e8
    
        Layer 3    | A-N-3-Conv + A-N-4-Relu [Op: CaskConvolution]
            {Reformatted Input Tensor 0 to A-N-3-Conv + A-N-4-Relu [shape=(-1, 32, 14, 14)]}
             -> {A-V-4-Relu [shape=(-1, 64, 14, 14)]}
            ---- Attributes ----
            Origin = Unknown
            Tactic = 0x80f932c0b8ce5940
    
        Layer 4    | Reformatting CopyNode for Input Tensor 0 to A-N-5-MaxPool [Op: NoOp]
            {A-V-4-Relu [shape=(-1, 64, 14, 14)]}
             -> {Reformatted Input Tensor 0 to A-N-5-MaxPool [shape=(-1, 64, 14, 14)]}
            ---- Attributes ----
            Origin = Unknown
            Tactic = 0x0000000000000000
    
        Layer 5    | A-N-5-MaxPool [Op: CaskPooling]
            {Reformatted Input Tensor 0 to A-N-5-MaxPool [shape=(-1, 64, 14, 14)]}
             -> {A-V-5-MaxPool [shape=(-1, 64, 7, 7)]}
            ---- Attributes ----
            Origin = Unknown
            Tactic = 0x8382d5c464539e87
    
        Layer 6    | Reformatting CopyNode for Input Tensor 0 to A-N-6-Transpose + A-N-7-Reshape + reshape_before_A-N-8-MatMul [Op: NoOp]
            {A-V-5-MaxPool [shape=(-1, 64, 7, 7)]}
             -> {Reformatted Input Tensor 0 to A-N-6-Transpose + A-N-7-Reshape + reshape_before_A-N-8-MatMul [shape=(-1, 64, 7, 7)]}
            ---- Attributes ----
            Origin = Unknown
            Tactic = 0x0000000000000000
    
        Layer 7    | A-N-6-Transpose + A-N-7-Reshape + reshape_before_A-N-8-MatMul [Op: Shuffle]
            {Reformatted Input Tensor 0 to A-N-6-Transpose + A-N-7-Reshape + reshape_before_A-N-8-MatMul [shape=(-1, 64, 7, 7)]}
             -> {reshape_before_A-N-8-MatMul_out_tensor [shape=(-1, 3136, 1, 1)]}
            ---- Attributes ----
            Origin = Unknown
            Tactic = 0x0000000000000000
    
        Layer 8    | Reformatting CopyNode for Input Tensor 0 to A-N-8-MatMul + A-N-10-Relu [Op: NoOp]
            {reshape_before_A-N-8-MatMul_out_tensor [shape=(-1, 3136, 1, 1)]}
             -> {Reformatted Input Tensor 0 to A-N-8-MatMul + A-N-10-Relu [shape=(-1, 3136, 1, 1)]}
            ---- Attributes ----
            Origin = Unknown
            Tactic = 0x0000000000000000
    
        Layer 9    | A-N-8-MatMul + A-N-10-Relu [Op: CublasConvolution]
            {Reformatted Input Tensor 0 to A-N-8-MatMul + A-N-10-Relu [shape=(-1, 3136, 1, 1)]}
             -> {A-N-10-Relu_out_tensor [shape=(-1, 1024, 1, 1)]}
            ---- Attributes ----
            Origin = Unknown
            Tactic = 0x0000000000000001
    
        Layer 10   | A-N-11-MatMul [Op: CudnnConvolution]
            {A-N-10-Relu_out_tensor [shape=(-1, 1024, 1, 1)]}
             -> {A-N-11-MatMul_out_tensor [shape=(-1, 10, 1, 1)]}
            ---- Attributes ----
            Origin = Unknown
            Tactic = 0x0000000000000001
    
        Layer 11   | reshape_after_A-N-11-MatMul [Op: NoOp]
            {A-N-11-MatMul_out_tensor [shape=(-1, 10, 1, 1)]}
             -> {A-V-12-Add [shape=(-1, 10)]}
            ---- Attributes ----
            Origin = Unknown
            Tactic = 0x0000000000000000
    
        Layer 12   | A-N-13-Softmax + A-N-14-ArgMax [Op: LogSoftmaxTopK]
            {A-V-12-Add [shape=(-1, 10)]}
             -> {(Unnamed Layer* 28) [TopK]_output_1 [shape=(-1, 1)],
                 (Unnamed Layer* 28) [TopK]_output_2 [shape=(-1, 1)]}
            ---- Attributes ----
            Origin = Unknown
            Tactic = 0x00000000000003e9
    
        Layer 13   | (Unnamed Layer* 32) [Shuffle] [Op: NoOp]
            {(Unnamed Layer* 28) [TopK]_output_2 [shape=(-1, 1)]}
             -> {A-V-14-ArgMax [shape=(-1,)]}
            ---- Attributes ----
            Origin = Unknown
            Tactic = 0x0000000000000000
