[V] Loaded Module: polygraphy | Version: 0.49.0 | Path: ['/home/fengsc/anaconda3/envs/py37/lib/python3.7/site-packages/polygraphy']
[V] Starting shape inference
[V] Loaded Module: onnx | Version: 1.14.1 | Path: ['/home/fengsc/anaconda3/envs/py37/lib/python3.7/site-packages/onnx']
[I] Loading model: /home/fengsc/CUDASTUDY/trt-samples-for-hackathon-cn/cookbook/07-Tool/Polygraphy-CLI/InspectExample/modelA.onnx
[V] Loaded Module: onnxruntime.tools.symbolic_shape_infer
[V] Inferred shapes in the model with `onnxruntime.tools.symbolic_shape_infer`.
    Note: To force Polygraphy to use `onnx.shape_inference` instead, set `allow_onnxruntime=False` or use the `--no-onnxruntime-shape-inference` command-line option.
[V] Shape inference completed successfully
[V] Loaded Module: polygraphy.backend.onnx.util
[V] Loaded Module: onnx.numpy_helper
[I] ==== ONNX Model ====
    Name: onnx_graphsurgeon_graph | ONNX Opset: 11
    
    ---- 1 Graph Input(s) ----
    {tensorX [dtype=float32, shape=('B', 1, 28, 28)]}
    
    ---- 2 Graph Output(s) ----
    {A-V-12-Add [dtype=float32, shape=('B', 10)],
     A-V-14-ArgMax [dtype=int64, shape=('B',)]}
    
    ---- 9 Initializer(s) ----
    Initializer | constant32x1 [dtype=float32, shape=[32, 1, 5, 5]] | Values:
        [[[[ 2.88620472e-01 -9.21704710e-01 -5.29222429e-01 -5.69808960e-01
             8.17779303e-02]
           [ 3.55972886e-01  6.33173943e-01  1.45299077e-01 -3.49979699e-01
             2.55223393e-01]
           [ 3.71020555e-01 -5.16844511e-01 -4.65902686e-01 -1.04619026e-01
             8.46210718e-01]
           [ 2.82685041e-01 -7.65549242e-01  9.27524090e-01  6.17070913e-01
            -5.16733825e-01]
           [ 2.90793657e-01  1.69710398e-01 -7.31729865e-02  1.09478235e-02
            -8.20790768e-01]]]
        
        
         [[[ 6.61196589e-01  8.70816708e-01  3.97312164e-01 -6.59301877e-01
            -9.49421346e-01]
           [-5.46593070e-01 -6.81566715e-01 -6.66704774e-02 -2.21318424e-01
            -1.39397919e-01]
           [-1.95983291e-01 -2.46065497e-01  1.66307092e-01  3.06011319e-01
             7.83772469e-01]
           [-5.45688093e-01  5.94487548e-01  8.13655257e-01 -2.58613348e-01
             6.69413090e-01]
           [-3.30647111e-01  8.46611857e-01  7.57156491e-01  4.94070053e-01
            -9.40913320e-01]]]
        
        
         [[[ 3.83532524e-01 -4.61045146e-01  1.81958556e-01  8.86663437e-01
             1.49499178e-01]
           [ 3.21378589e-01  6.23063803e-01  6.10296369e-01  7.35255599e-01
             1.32671595e-01]
           [ 9.31955099e-01  3.89942408e-01  6.35782957e-01 -1.32820547e-01
            -1.48455441e-01]
           [ 1.80942535e-01 -1.70994043e-01  8.21026802e-01 -5.44689894e-01
             7.19081402e-01]
           [-4.65226054e-01  6.02331042e-01  8.61536860e-01 -5.26923180e-01
             7.64522314e-01]]]
        
        
         [[[-8.31207275e-01 -5.32280207e-01  7.85826445e-01  7.13540673e-01
            -8.80076051e-01]
           [ 8.56263399e-01  3.03947449e-01 -7.98022628e-01 -3.71082842e-01
             2.71714449e-01]
           [ 3.00069571e-01 -9.19128001e-01  6.16251588e-01 -1.86238885e-02
            -8.88904154e-01]
           [ 7.27845073e-01  1.67855620e-01  9.54935908e-01 -5.60207725e-01
             9.85620499e-01]
           [ 1.04827762e-01 -1.90854907e-01 -5.79692960e-01 -8.27296853e-01
            -3.26572418e-01]]]
        
        
         [[[ 8.14003468e-01 -9.93056417e-01 -7.13938475e-01  7.23630190e-02
             6.96484327e-01]
           [ 8.99283051e-01  6.09454513e-01  8.38935375e-02 -7.85250068e-02
             5.60133457e-02]
           [ 2.57762194e-01  1.88934207e-01 -2.54019380e-01  8.07186842e-01
             2.99506068e-01]
           [ 1.67271137e-01 -2.55136669e-01 -2.29383647e-01 -2.54953921e-01
            -4.35569525e-01]
           [-3.82735729e-02 -6.30745232e-01  6.76775575e-01 -4.58256721e-01
            -4.32552457e-01]]]
        
        
         [[[ 5.20272613e-01  6.58283114e-01 -8.98348570e-01  5.36518812e-01
             1.78227425e-02]
           [ 7.69039750e-01  5.51571012e-01 -1.30771160e-01 -2.35252261e-01
            -3.10828745e-01]
           [-1.53283894e-01  3.13697457e-01 -7.91843295e-01  3.24339867e-01
             6.55000687e-01]
           [-7.30497837e-02 -6.72725141e-01  7.82999635e-01 -3.85928810e-01
            -5.30312300e-01]
           [-6.04272246e-01 -6.35601878e-02 -5.46192527e-02  6.74162388e-01
            -6.90915525e-01]]]
        
        
         [[[-2.11130381e-01  2.35951304e-01 -5.71436286e-01 -1.60397410e-01
            -2.66418040e-01]
           [-5.76417446e-01 -7.91176379e-01  2.88749099e-01 -9.67892885e-01
             2.28864193e-01]
           [-9.80944633e-01 -8.55088353e-01  4.70136404e-02 -3.61613095e-01
            -8.55714560e-01]
           [-2.28336453e-02  5.59779882e-01 -2.92632461e-01 -7.22529054e-01
             8.35122943e-01]
           [ 8.22002053e-01  3.27972174e-02  4.73556995e-01  6.93630338e-01
             2.74049759e-01]]]
        
        
         [[[-1.93153620e-02 -2.80919075e-01 -7.11072862e-01 -9.40378845e-01
            -1.47379041e-02]
           [ 9.09896255e-01  4.91234064e-02  9.97439861e-01 -5.36491454e-01
             5.44986963e-01]
           [ 6.55675888e-01  3.18850636e-01 -3.97143006e-01  9.49674010e-01
            -2.38291085e-01]
           [-8.16801190e-02  4.01525259e-01  5.31558275e-01  7.46757388e-01
             7.77118325e-01]
           [-6.03725076e-01  1.78945303e-01 -7.44693875e-02  7.11220026e-01
            -9.80410635e-01]]]
        
        
         [[[ 3.84871125e-01  7.61479974e-01  1.44875407e-01  4.42438483e-01
            -4.21031833e-01]
           [-8.91314149e-01 -8.68160486e-01  4.83095407e-01  3.04232240e-01
            -6.46927655e-01]
           [ 1.96269035e-01  1.13750815e-01 -5.45389652e-02 -5.64159393e-01
             5.02501607e-01]
           [-3.72547388e-01  9.10702944e-01  8.81883979e-01 -2.05979764e-01
             5.87022543e-01]
           [-7.21055210e-01 -3.50611985e-01 -7.93452263e-02  9.09483314e-01
             3.39092016e-01]]]
        
        
         [[[-1.57362878e-01  5.65166473e-01  2.22416520e-01 -9.05109107e-01
             9.10224915e-01]
           [ 9.21718359e-01  6.13171816e-01  5.84473610e-02 -2.95230329e-01
             5.37889838e-01]
           [-4.99160230e-01  5.93753099e-01  2.40220308e-01 -2.52867401e-01
            -8.52935672e-01]
           [-3.06527257e-01  4.35375094e-01  7.37069011e-01 -4.31203365e-01
             2.78894186e-01]
           [-6.96588337e-01 -9.74218130e-01  7.02604175e-01  7.94745207e-01
             5.10912776e-01]]]
        
        
         [[[ 6.70875549e-01 -6.25655174e-01 -5.25220275e-01 -9.10542905e-01
            -8.00925493e-03]
           [ 4.90355372e-01 -7.56659269e-01 -3.53834271e-01  5.62622428e-01
             4.67723370e-01]
           [-4.19361472e-01  8.04669499e-01 -7.14450002e-01  2.88865924e-01
            -3.94416630e-01]
           [ 7.67334342e-01 -1.28256381e-01  8.27900648e-01 -5.14639854e-01
            -7.07769394e-01]
           [-7.42262959e-01  1.52003288e-01 -2.25235343e-01  7.30283618e-01
             4.17035699e-01]]]
        
        
         [[[ 8.62026811e-01  1.49511933e-01  9.33130622e-01 -3.65556717e-01
             9.50273633e-01]
           [-5.04060805e-01  9.28314567e-01 -6.14822984e-01 -7.88160801e-01
             8.33161712e-01]
           [ 4.42229867e-01  8.35392952e-01 -2.47146249e-01  7.33958840e-01
            -2.16702878e-01]
           [-2.04790413e-01  2.46036530e-01  5.74518681e-01  6.48899913e-01
            -2.07744598e-01]
           [-3.14132392e-01 -1.72911048e-01 -2.23035097e-01 -6.52576089e-01
             5.73025823e-01]]]
        
        
         [[[-2.02222705e-01  5.13159633e-01 -4.77401793e-01 -4.74882364e-01
             3.85694504e-02]
           [-9.60767269e-03  3.58819246e-01  9.99262810e-01 -3.63545477e-01
            -7.78605342e-02]
           [ 3.79435539e-01  2.56326556e-01  2.09675431e-01 -5.15216470e-01
            -3.66772711e-01]
           [ 7.58844376e-01  1.54991865e-01  7.74266362e-01  6.24065757e-01
             5.13974190e-01]
           [-6.83982372e-01 -6.56754971e-01  4.63513374e-01  6.58907890e-02
            -9.50032830e-01]]]
        
        
         [[[ 4.21387672e-01  5.38747668e-01  5.03276825e-01 -2.98748672e-01
             2.21444249e-01]
           [ 6.14906907e-01 -1.94212794e-02  4.06216025e-01 -7.67942488e-01
             8.97767067e-01]
           [ 2.10300326e-01 -8.67514491e-01 -1.64918661e-01 -2.69064307e-02
             2.86478281e-01]
           [ 8.04030418e-01 -6.54453516e-01  6.53476715e-01 -8.96017194e-01
             6.80307150e-02]
           [ 6.81815147e-02 -5.82813442e-01  5.30941486e-02 -5.23071289e-01
            -1.62867963e-01]]]
        
        
         [[[ 9.54412341e-01  6.54406548e-01 -2.12406814e-01  3.24193716e-01
            -7.89011240e-01]
           [ 8.63596797e-01 -4.18865025e-01 -7.47995794e-01 -1.14605725e-01
            -6.35073304e-01]
           [ 4.81444001e-01 -4.91523147e-02 -2.77019024e-01 -5.72397470e-01
             7.62443781e-01]
           [ 4.97193456e-01  7.52375722e-01 -2.69696653e-01 -3.24235082e-01
            -5.60851455e-01]
           [-6.07842565e-01  8.00901175e-01 -3.87970388e-01 -3.37806284e-01
             4.06787515e-01]]]
        
        
         [[[ 7.17872858e-01 -3.82181644e-01 -7.45852232e-01  6.85179234e-02
             9.88216162e-01]
           [-2.06407011e-01 -8.20196867e-01 -5.17504811e-02  6.00969791e-01
            -4.78252113e-01]
           [ 3.27993870e-01 -3.72696042e-01 -6.65528417e-01 -5.52845657e-01
             5.43485165e-01]
           [ 5.35373926e-01  8.80691290e-01  9.74319935e-01 -6.86308980e-01
            -9.78507757e-01]
           [ 2.60897279e-01  9.24082756e-01  3.17785501e-01  9.65938926e-01
            -4.50683296e-01]]]
        
        
         [[[-8.90631676e-01  6.13329887e-01 -2.38149107e-01 -6.88879371e-01
            -5.38499117e-01]
           [-4.44075406e-01 -1.85021162e-01 -6.72464967e-01 -3.56240571e-01
             8.85679603e-01]
           [ 4.75946426e-01  7.50034332e-01  3.85701537e-01 -3.96966875e-01
            -4.52892661e-01]
           [-1.78390443e-01 -9.95653749e-01 -5.41475058e-01 -3.79918635e-01
            -3.71457517e-01]
           [-9.59361315e-01 -9.36166048e-01 -1.16940737e-01 -7.58906484e-01
            -8.79982769e-01]]]
        
        
         [[[-7.65326440e-01 -2.01239645e-01 -5.87156355e-01 -1.88347757e-01
             4.54273224e-02]
           [-7.27409601e-01  3.60154510e-01 -8.28864038e-01  7.64127851e-01
             5.29435754e-01]
           [-6.47746503e-01  3.51334453e-01  2.00936317e-01  7.53122807e-01
             7.05170989e-01]
           [ 8.82480383e-01 -3.32014322e-01 -1.37729049e-02 -8.20771456e-02
             3.04407597e-01]
           [-7.61382818e-01  1.99941397e-02 -8.28573942e-01  7.52783060e-01
             8.97383451e-01]]]
        
        
         [[[-4.11781251e-01  3.38044882e-01 -7.20795751e-01 -2.21079886e-01
             8.55613589e-01]
           [-6.54779673e-01  7.85310745e-01 -9.37662482e-01  1.85588598e-01
            -3.36365581e-01]
           [-7.80646205e-02 -9.97743666e-01 -6.13194346e-01 -3.45861912e-03
            -4.47239876e-01]
           [-3.81604075e-01 -6.39963627e-01 -5.75309277e-01  5.08215308e-01
            -5.61910629e-01]
           [-8.66377354e-01 -4.92146909e-01 -8.51495743e-01 -6.55255616e-01
            -8.85945559e-02]]]
        
        
         [[[ 7.39341259e-01  6.40545130e-01  3.04773808e-01 -3.78293335e-01
            -8.83819938e-01]
           [ 6.61204696e-01  7.41141319e-01  9.74029541e-01  6.79791689e-01
             2.75070786e-01]
           [-1.84377730e-01  1.18703842e-02 -9.66475248e-01  7.89477825e-02
            -9.12193060e-01]
           [-8.37913156e-01  7.10146427e-01 -6.00268006e-01  2.60245800e-03
            -2.46047378e-02]
           [ 3.16137910e-01  1.27069831e-01  3.88100505e-01 -1.54687226e-01
            -9.78497982e-01]]]
        
        
         [[[ 9.13507938e-01 -8.92686665e-01  9.14333940e-01 -1.89369678e-01
             2.66571164e-01]
           [-9.93312418e-01 -5.18986583e-02 -1.60023510e-01  4.20776367e-01
             4.82211351e-01]
           [ 4.38664079e-01  2.53362894e-01 -8.11258912e-01  2.68855333e-01
            -7.32808292e-01]
           [ 7.13871002e-01 -8.54638934e-01 -6.25168085e-02  3.80077839e-01
             3.98987412e-01]
           [ 5.30418158e-02 -1.53213382e-01  5.94192624e-01  4.70384002e-01
            -8.29802752e-02]]]
        
        
         [[[-3.08644176e-02  2.16860533e-01 -2.71539748e-01  8.70650411e-01
            -7.58307695e-01]
           [-6.96539760e-01  4.43061948e-01 -6.27434671e-01  1.35552168e-01
            -6.58249259e-02]
           [ 5.73195457e-01 -3.90307307e-01  4.70719695e-01 -6.56128764e-01
            -8.87612939e-01]
           [ 5.99683404e-01 -8.40144515e-01 -7.10014939e-01  9.49736238e-01
            -6.55507147e-01]
           [-4.13612127e-01  3.42979074e-01 -1.62653923e-01  4.84187484e-01
            -6.98660612e-02]]]
        
        
         [[[ 4.41203117e-01 -5.60142279e-01  7.62640715e-01  9.50063109e-01
             3.08178663e-01]
           [ 8.56224895e-01  2.63843775e-01 -4.38151956e-02 -5.91379285e-01
            -3.69008124e-01]
           [ 5.00130653e-02  3.98483515e-01  2.18539834e-01  7.07177758e-01
            -8.43350887e-01]
           [ 7.95312405e-01  4.27992940e-01  4.82047319e-01 -9.18404877e-01
             8.03529382e-01]
           [-1.16002321e-01  6.19091034e-01  3.67972851e-01 -1.41845167e-01
             3.96027446e-01]]]
        
        
         [[[-3.28248143e-02 -9.50408280e-01 -6.48396730e-01 -2.70101428e-01
            -3.15594256e-01]
           [ 3.64963770e-01  8.70401144e-01  5.89007497e-01 -6.56296730e-01
            -2.37226486e-04]
           [-2.95014381e-01 -5.20517528e-01  4.49498177e-01 -4.79991376e-01
             5.31483531e-01]
           [ 5.53155065e-01  5.94815731e-01  4.26491857e-01  6.49937749e-01
             9.43365335e-01]
           [-1.11994386e-01 -7.99400389e-01 -9.33184505e-01 -7.69347429e-01
            -7.60067284e-01]]]
        
        
         [[[-6.75048053e-01  7.33408570e-01 -5.77250361e-01  1.76547766e-02
            -6.88010693e-01]
           [-5.56361079e-02  6.85680151e-01 -9.12218153e-01  1.43412948e-01
             8.71813297e-02]
           [-8.75220418e-01 -5.40480852e-01 -7.99667060e-01 -5.26794434e-01
             5.10676980e-01]
           [ 5.22365451e-01  6.54358149e-01 -7.21877098e-01 -2.11239159e-01
             2.28980780e-02]
           [-7.36089110e-01  4.42450762e-01  3.19341779e-01 -5.05629003e-01
             4.91258025e-01]]]
        
        
         [[[-9.96906877e-01  7.87584543e-01 -8.09504390e-02 -7.12766528e-01
             2.29402900e-01]
           [ 9.21841145e-01 -8.22155833e-01  1.03789091e-01 -4.52527583e-01
            -3.25928569e-01]
           [-1.06987476e-01  7.21096992e-03  3.99830699e-01 -2.61574984e-01
             2.94853091e-01]
           [-2.02227116e-01  1.13164425e-01 -6.20620966e-01 -5.97927690e-01
            -9.60779667e-01]
           [-9.99129832e-01  5.04732013e-01 -7.45508552e-01 -6.19607925e-01
             4.24518466e-01]]]
        
        
         [[[-9.63295519e-01 -9.78550315e-01  7.07167625e-01 -3.77286017e-01
            -2.05217600e-02]
           [ 9.45688128e-01 -7.30971634e-01 -1.35606527e-01 -5.51697195e-01
            -7.72210360e-01]
           [-9.73489106e-01 -7.79800773e-01  1.94546103e-01 -7.50928402e-01
             3.70972037e-01]
           [-2.12447047e-02 -7.86686599e-01  1.15815401e-02  8.93779874e-01
            -2.24829614e-01]
           [ 3.29992414e-01  9.89837527e-01 -7.89837122e-01 -2.08297789e-01
            -2.88802683e-01]]]
        
        
         [[[ 2.96773314e-01 -2.43840992e-01 -3.66266131e-01 -7.04082787e-01
             7.31818914e-01]
           [ 2.60645866e-01 -7.55411267e-01  1.44929051e-01 -1.87020719e-01
            -4.04945612e-02]
           [ 8.58988643e-01 -2.20663965e-01  4.34252739e-01  2.02065468e-01
             3.66348386e-01]
           [ 2.17484117e-01  7.61466980e-01 -2.26993084e-01  5.77005267e-01
            -1.92396998e-01]
           [ 9.06755447e-01  4.56406474e-01 -5.86432815e-02  9.83244419e-01
            -5.81444740e-01]]]
        
        
         [[[ 3.09627056e-01  4.01742697e-01 -8.50968003e-01 -8.26039910e-01
             3.09500217e-01]
           [ 6.89007521e-01 -5.07129610e-01 -2.91660726e-01  1.65825605e-01
            -3.43815446e-01]
           [ 6.62430525e-02 -5.76842189e-01 -2.95431554e-01 -8.72030854e-01
            -6.35990620e-01]
           [-8.91545236e-01  7.83996463e-01 -5.59067070e-01  5.05841255e-01
            -1.74438715e-01]
           [-2.87452579e-01  6.13281012e-01 -3.61062288e-01  3.54881287e-01
             3.41673613e-01]]]
        
        
         [[[-1.12431705e-01 -2.86146224e-01 -3.44573855e-02 -1.34558678e-02
            -2.01104701e-01]
           [ 7.10769773e-01  3.27732682e-01  1.96503639e-01 -8.35139275e-01
             4.24418330e-01]
           [-4.39880788e-01  5.73877096e-02  4.12298918e-01  2.05571294e-01
            -4.90377128e-01]
           [-7.42270112e-01 -2.71272182e-01  9.15815592e-01  3.50124717e-01
             3.53193760e-01]
           [ 1.75172091e-01  9.32340860e-01  6.42265081e-02 -6.25592589e-01
            -7.92593837e-01]]]
        
        
         [[[ 5.12435436e-02 -6.84880614e-01  4.39738631e-01  7.50981569e-01
             2.08685398e-01]
           [-8.98445845e-02 -6.31240010e-01 -3.12907696e-01  6.15587711e-01
            -3.13798010e-01]
           [-9.11999285e-01  4.45283890e-01  9.16394591e-01 -9.44932044e-01
            -3.72841895e-01]
           [ 9.10560966e-01 -6.13363743e-01  2.97250390e-01  8.45514774e-01
            -3.91762614e-01]
           [-6.25654221e-01  9.44291234e-01  2.49862671e-01 -5.67345440e-01
            -8.65484476e-01]]]
        
        
         [[[ 6.24655485e-02 -7.75918365e-01  7.49743938e-01  2.57197142e-01
            -1.24282897e-01]
           [-5.31091452e-01  4.17648196e-01 -8.83120000e-01 -2.02872217e-01
            -3.67382884e-01]
           [ 6.81950569e-01  7.38022327e-01 -6.85912609e-01  5.95031261e-01
            -3.79217923e-01]
           [-2.93800831e-01  6.59765720e-01 -5.61220884e-01  2.58696079e-01
             9.28140163e-01]
           [ 3.86509418e-01  5.81288218e-01  6.67914629e-01 -3.05202246e-01
            -7.04951048e-01]]]]
    
    Initializer | constant32 [dtype=float32, shape=[32]] | Values:
        [-0.07154882 -0.91694343 -0.23034757  0.13882935  0.49266875 -0.09333432
          0.5284562   0.18668091 -0.8823418  -0.5806886  -0.45883358 -0.36645126
          0.7517457  -0.4671384  -0.17602468  0.7852193  -0.03527075  0.97111404
          0.3211813  -0.6877805  -0.9083667  -0.7231264  -0.6868889   0.39496768
         -0.5937443  -0.42069644 -0.20718694 -0.5807126  -0.9886943  -0.67437285
          0.50676954 -0.4580667 ]
    
    Initializer | constant64x32 [dtype=float32, shape=[64, 32, 5, 5]] | Values:
        [[[[-0.0846656  -0.38903075 -0.6537256  -0.8051203   0.15182376]
           [ 0.43183303 -0.55392283 -0.669025    0.44826627 -0.13497525]
           [ 0.6727134  -0.06870615 -0.10770041 -0.42383516 -0.94189155]
           [ 0.916525    0.03933072 -0.6107404   0.38632894 -0.5683625 ]
           [ 0.50388145  0.06120133  0.8387848   0.6252717  -0.37713444]]
        
          [[-0.6715884  -0.11393273  0.08830714 -0.26838833 -0.45494145]
           [-0.9005514  -0.5815934   0.97884977  0.63158    -0.62122285]
           [-0.46931213 -0.72401094 -0.7107299   0.94639206  0.7474828 ]
           [ 0.7386725   0.78595984  0.98697567  0.07384276  0.01448166]
           [-0.5238855  -0.06430876  0.9128728   0.05516231 -0.45963705]]
        
          [[-0.23221165 -0.7972995  -0.1990143  -0.13104665  0.95571136]
           [-0.4074214   0.2542354   0.9516666  -0.38692546  0.5203967 ]
           [-0.26002616 -0.43194026 -0.3422463  -0.4120916  -0.90201074]
           [ 0.8634857   0.17444718 -0.94843227  0.5845927  -0.81783235]
           [ 0.34455347  0.87404716 -0.04926652  0.5966836  -0.97600883]]
        
          ...
        
          [[ 0.11513042  0.35601175  0.8594481   0.927994    0.54825616]
           [ 0.01487494  0.7108598  -0.23902148 -0.9776514  -0.12687713]
           [-0.95110804  0.17626071  0.59854746 -0.3699901  -0.48060346]
           [-0.9055494   0.47035182 -0.5534233  -0.40105695  0.66851115]
           [-0.43544495  0.02992702  0.46382856  0.435557    0.7773713 ]]
        
          [[ 0.0937078  -0.6495047   0.81833243  0.9604194  -0.3995096 ]
           [ 0.29275918  0.69175756  0.90429544 -0.8775077  -0.41586906]
           [-0.7172636  -0.9533171   0.67982733 -0.5514651  -0.24267477]
           [-0.9207297  -0.15993166 -0.5720333  -0.08141977 -0.8927149 ]
           [-0.53627956 -0.45556325 -0.47917312 -0.1408003   0.960294  ]]
        
          [[ 0.78534436  0.32966042  0.07634199  0.90105295 -0.3508681 ]
           [ 0.0863595  -0.4033649  -0.3577032   0.4103986  -0.56078887]
           [ 0.0676353   0.8210497  -0.9558798   0.9316536   0.0658195 ]
           [ 0.1729989   0.09972084 -0.3729146  -0.51947105  0.1797688 ]
           [-0.53582895  0.5293875  -0.19115567 -0.21834922  0.9738151 ]]]
        
        
         [[[ 0.40917456 -0.62639797  0.0117991   0.48444724 -0.29199272]
           [-0.2660731  -0.24985152 -0.47289038 -0.47491395 -0.24447781]
           [ 0.16733062 -0.516844   -0.23579061 -0.9398992   0.04480791]
           [-0.76257336  0.1897124  -0.65378755  0.3729527   0.6160644 ]
           [-0.03278863  0.550117    0.56845915  0.5888345  -0.4272374 ]]
        
          [[-0.49809563 -0.1123243   0.8716577  -0.66451216 -0.6101179 ]
           [ 0.77320004  0.44813955  0.18563902  0.2859105  -0.6772047 ]
           [ 0.21499956 -0.79344845 -0.79950184  0.696059   -0.46693468]
           [ 0.92717147  0.8419875   0.17845047 -0.6515962  -0.99128133]
           [-0.03096837 -0.6162658   0.95495915  0.39817882 -0.27982622]]
        
          [[ 0.04852808  0.9251566  -0.13504374 -0.2541492   0.26744318]
           [-0.5959301   0.4261235  -0.6827798  -0.35980326 -0.09010464]
           [ 0.55730677  0.07551312 -0.3479516  -0.18576747 -0.65487945]
           [ 0.12290883  0.7716116   0.529122    0.01547503  0.37503684]
           [ 0.51729846 -0.976138    0.8582119   0.9140816   0.4955088 ]]
        
          ...
        
          [[-0.43126333  0.01696646 -0.79748863 -0.39428878  0.61297536]
           [ 0.911574    0.71222246 -0.92489433  0.81329167 -0.00123209]
           [ 0.9421315  -0.733058    0.4081291   0.6648443   0.7220576 ]
           [-0.28181702  0.8957932  -0.7587115   0.10737181  0.22244608]
           [-0.49612498  0.51226676  0.39490545  0.1359725   0.81335807]]
        
          [[-0.55871     0.7535137   0.2136668  -0.66691256  0.3668735 ]
           [-0.7457754  -0.8257523  -0.7002945  -0.09353864 -0.19911146]
           [ 0.27605784 -0.8182965  -0.01658857 -0.8031861   0.0688554 ]
           [ 0.6255115   0.4274212   0.877805    0.43471467 -0.50592494]
           [ 0.48716748 -0.48923957 -0.00290418 -0.296413    0.9585594 ]]
        
          [[-0.45508647 -0.97897303 -0.7654819   0.7224642  -0.58476424]
           [ 0.06162214  0.6561165  -0.02044308 -0.85888034  0.6075126 ]
           [-0.45181584 -0.6572451  -0.02622324 -0.9601524  -0.95560515]
           [-0.00624394  0.5661737  -0.83913    -0.04345578 -0.1791684 ]
           [ 0.45707858  0.90564585 -0.4369769   0.20928586 -0.5922405 ]]]
        
        
         [[[ 0.09037507 -0.6521443   0.0761987  -0.7823522   0.84428334]
           [ 0.34299624  0.40673733 -0.20204687 -0.07687306 -0.60253716]
           [ 0.8834746  -0.22647828  0.7090372  -0.06772721 -0.5774225 ]
           [ 0.53551805 -0.71819997  0.6822909   0.10326278  0.9016483 ]
           [-0.01964468  0.3392316   0.23302305 -0.15741193  0.15417469]]
        
          [[-0.32366908 -0.33345258  0.71430206 -0.1191709  -0.62287843]
           [-0.5496448  -0.88516283 -0.5726856  -0.50535864  0.20401704]
           [-0.5350857   0.99217093  0.77504754 -0.78255427 -0.17125678]
           [ 0.9255787   0.07930088 -0.56769615 -0.05737412  0.01936162]
           [-0.1598298   0.69428957  0.336398   -0.3801288  -0.2942949 ]]
        
          [[-0.9521645  -0.90235245  0.9964781   0.4564451  -0.9745983 ]
           [ 0.8254571   0.51541567 -0.1435504  -0.5703819   0.834708  ]
           [ 0.38184452 -0.68945074 -0.00228381 -0.9494789   0.8366834 ]
           [ 0.42901826 -0.3355788  -0.9981203   0.35827637  0.38813055]
           [-0.28391987  0.12805712 -0.01495075  0.18022692 -0.3324628 ]]
        
          ...
        
          [[ 0.6170665   0.6967993  -0.62695026 -0.09307152  0.8483112 ]
           [ 0.70171523 -0.75516224 -0.24254042  0.8490405   0.5435655 ]
           [ 0.6342163   0.1533885   0.92189515  0.25788617  0.7456155 ]
           [-0.8532838   0.8034979   0.04384995  0.6457031   0.07844174]
           [-0.88414586  0.5961002  -0.49461085  0.75184166 -0.17781061]]
        
          [[-0.01154643 -0.37853664  0.66068137 -0.0364725  -0.37061185]
           [-0.05862594 -0.22357476 -0.07932746  0.7208947   0.09422219]
           [ 0.28138518 -0.8624566  -0.60992455  0.7152653   0.5826303 ]
           [-0.6417043   0.78652656  0.2665143   0.2610078   0.7099812 ]
           [ 0.6774161  -0.9651845   0.18282974  0.7981231  -0.7320311 ]]
        
          [[-0.66084397  0.14699805 -0.45095283  0.66948533 -0.27729732]
           [ 0.9127531  -0.7958521   0.11237741  0.9238441  -0.65058446]
           [ 0.6845056   0.04160929  0.6406964   0.84077966 -0.65608764]
           [ 0.22835672  0.18159592  0.5862669   0.23535478 -0.99266726]
           [ 0.76002085 -0.18678087 -0.7591885  -0.35738325  0.49447954]]]
        
        
         ...
        
        
         [[[ 0.5998436   0.43806934  0.00437021 -0.5166882   0.6693932 ]
           [ 0.7839718  -0.27271062 -0.34886628 -0.16389197 -0.21677673]
           [ 0.61062074  0.47938     0.24539292 -0.7421887  -0.85979295]
           [-0.5449662  -0.05185014  0.87006044 -0.9240431  -0.08366764]
           [-0.033243    0.01863265 -0.89921826 -0.5576259   0.08453107]]
        
          [[ 0.4306723   0.06422937 -0.9656431   0.6927239  -0.18142354]
           [ 0.329275   -0.5122993  -0.18293405  0.3904363  -0.5640831 ]
           [ 0.06867874 -0.6806091   0.3603133   0.5752045  -0.33986032]
           [ 0.8150952  -0.77352023  0.54771674  0.5709486  -0.11556536]
           [ 0.5080055  -0.37787765  0.5405201   0.01582086  0.9615165 ]]
        
          [[-0.00509489  0.77504027  0.94343066 -0.03262633 -0.22197253]
           [ 0.78153384 -0.06145859  0.4262123  -0.1880917  -0.09032047]
           [ 0.20051777 -0.48113984  0.9377351  -0.69638234  0.34935343]
           [-0.21915835  0.09936821  0.16031742 -0.74021673 -0.9532584 ]
           [-0.32054228 -0.3067407   0.18605888 -0.41336256 -0.21839625]]
        
          ...
        
          [[ 0.05729306  0.64416015 -0.16836816  0.82635117  0.11848915]
           [ 0.16746008 -0.24278468  0.4978596  -0.9499304  -0.12419981]
           [-0.7835581  -0.16260576  0.38904357  0.56704724 -0.3541044 ]
           [ 0.33348513  0.07505691  0.10976982  0.4450798  -0.50046647]
           [-0.29158962 -0.33420002  0.46373355  0.61200917 -0.19736499]]
        
          [[ 0.7237998   0.24923217 -0.27323508 -0.20996737 -0.00927877]
           [ 0.3711189  -0.73155177 -0.9064614   0.07171416 -0.95107377]
           [-0.45207137 -0.783546   -0.8099597   0.89598525 -0.9693972 ]
           [-0.05927205  0.13899946  0.5385419  -0.8106462   0.19032228]
           [-0.5184218   0.05751145  0.20167744 -0.6270739   0.25696862]]
        
          [[ 0.8918711  -0.97139716 -0.6614628   0.03712642  0.9495021 ]
           [ 0.2866553  -0.8911856  -0.98505676 -0.07994044 -0.28720653]
           [ 0.35488188 -0.81230485 -0.674153   -0.3465764  -0.18521708]
           [-0.8955896   0.14011264 -0.84880877  0.633875    0.05658448]
           [ 0.43531334 -0.04166722  0.14911401 -0.3157028   0.5795294 ]]]
        
        
         [[[-0.57305074 -0.17816412  0.4197551  -0.5219811   0.04811513]
           [-0.08539301  0.101632   -0.6525336  -0.9274356  -0.8339317 ]
           [ 0.3835889  -0.5051946   0.5692874   0.69626     0.83310604]
           [ 0.22949302 -0.9842602  -0.38729763  0.22882724 -0.8135675 ]
           [ 0.21525955 -0.20315397 -0.65560126  0.88871205  0.80204225]]
        
          [[ 0.46536374  0.1182251   0.17554462  0.11706829 -0.89222264]
           [ 0.15187621  0.4613557   0.9507232  -0.65366054  0.8541769 ]
           [-0.8467602  -0.571506    0.7852111  -0.8741182  -0.22912592]
           [-0.6580533   0.89826095 -0.21268249 -0.46166062 -0.2890535 ]
           [ 0.07473946  0.5043224   0.9216758  -0.33761072  0.76975596]]
        
          [[-0.05917543 -0.34711397  0.71834517 -0.8952601   0.7364216 ]
           [-0.05267328 -0.15765566 -0.11879921 -0.82807183 -0.08026308]
           [ 0.07315564  0.2960956  -0.06140268 -0.9703403  -0.7658092 ]
           [-0.29788625  0.9296099   0.6557561   0.98638666 -0.05461752]
           [ 0.2797644  -0.98937184  0.7117785  -0.22019368  0.9952054 ]]
        
          ...
        
          [[ 0.3207029   0.10811055 -0.76819104 -0.19139236 -0.93829316]
           [ 0.9656141  -0.7745506   0.18828356 -0.1552037   0.9215491 ]
           [-0.16758883 -0.36496896 -0.7585689  -0.44075984  0.70365846]
           [ 0.24878097  0.16245079  0.7907857  -0.1763609  -0.6972846 ]
           [ 0.01288235 -0.4451558   0.6755781  -0.84635806 -0.02414262]]
        
          [[ 0.00106382  0.9717932   0.29129183 -0.19985867  0.04838824]
           [ 0.7341622  -0.15289605  0.17880857 -0.78590864  0.7603382 ]
           [-0.05629808 -0.6957546  -0.19030851  0.8141935   0.06883371]
           [-0.9929955  -0.5329399   0.4263326   0.46959698 -0.92814684]
           [ 0.87854314  0.9732572   0.05977523  0.2978425  -0.39783758]]
        
          [[ 0.47114587  0.39389622  0.1622442   0.53811395 -0.8545016 ]
           [-0.5900752  -0.2432589  -0.5184264  -0.03102684 -0.5479641 ]
           [-0.52077913 -0.6346185   0.14152646  0.5781199   0.1806941 ]
           [ 0.991686    0.6255928  -0.20402873  0.2902789   0.2482295 ]
           [-0.6723019  -0.8653743  -0.72500926  0.23003507 -0.8258434 ]]]
        
        
         [[[ 0.52451766  0.61506176  0.55567765  0.9092283   0.64359844]
           [ 0.103459   -0.6891358  -0.57391536 -0.67050916 -0.33471882]
           [ 0.36566746  0.948053    0.55379665 -0.5816834  -0.90506905]
           [-0.93207574  0.6057303   0.4507451  -0.17773366 -0.6379222 ]
           [ 0.8890587  -0.01779151  0.35679114  0.28680205  0.85818636]]
        
          [[-0.9939627   0.6469934   0.24808478  0.53868103 -0.18275881]
           [ 0.8354814  -0.10692179  0.8197268   0.28344536  0.67707396]
           [ 0.59945035  0.6103747   0.6248039  -0.7423353  -0.03138524]
           [ 0.83460665  0.7413964   0.8445612  -0.27254176  0.85109687]
           [-0.78221315 -0.5231966   0.07707906  0.85263336 -0.8691244 ]]
        
          [[-0.4478041   0.82398343 -0.33842587  0.7164092  -0.58618516]
           [-0.12619072 -0.6687922   0.40724468  0.7515285  -0.03832114]
           [-0.6615889  -0.5599301   0.19007885 -0.5633595  -0.6039193 ]
           [-0.23239458  0.5320797   0.78358686  0.8594192  -0.42741096]
           [-0.40290922  0.69786346  0.10588479 -0.6642667  -0.2036078 ]]
        
          ...
        
          [[-0.33722126 -0.71203816 -0.9656035   0.5276396  -0.8392534 ]
           [ 0.9989636  -0.48548722 -0.29611903 -0.11216116 -0.09662509]
           [-0.5338211   0.5166031  -0.6901908  -0.8047042   0.9243765 ]
           [-0.41421312 -0.7346212  -0.7160423   0.64250875 -0.92078865]
           [ 0.20602226 -0.9923759  -0.07313108  0.20426369 -0.76310766]]
        
          [[ 0.66737545  0.66807306  0.11884594 -0.83735925 -0.8555631 ]
           [-0.0422436  -0.30548984  0.24760985 -0.841397    0.2312007 ]
           [-0.7844005   0.2216779  -0.815814   -0.3058046  -0.73837847]
           [ 0.11290765 -0.04548824  0.9214945  -0.46342438 -0.70489633]
           [ 0.9977684   0.9759681  -0.6759175   0.8568468   0.91560495]]
        
          [[ 0.21569622 -0.7549507  -0.42375177 -0.19315791  0.10771179]
           [-0.75288624 -0.89008975  0.5002223   0.8979678   0.40980995]
           [ 0.99283814 -0.14484918 -0.82742804 -0.45519054  0.30454886]
           [-0.22465253  0.1168201   0.99882257 -0.24030423 -0.7815081 ]
           [-0.3360381  -0.8525674   0.83570504 -0.8765188   0.75318086]]]]
    
    Initializer | constant64 [dtype=float32, shape=[64]] | Values:
        [-0.60472816 -0.11390257 -0.10394967 -0.6418265   0.715603   -0.9171859
         -0.81369394  0.52655256 -0.34438044  0.8079027   0.886186   -0.8508985
         -0.13370937 -0.91035223 -0.24208272  0.8933768   0.346205   -0.57601017
          0.35516572 -0.09655356  0.9175931  -0.33429253  0.13353908  0.7213874
          0.25410402 -0.4770338   0.88252926  0.40347862  0.8181908   0.6337434
          0.0204941   0.32432055 -0.25978792  0.3567332  -0.51748115 -0.14481276
          0.53341997 -0.3352347   0.6665      0.72221434  0.7325282  -0.9945862
          0.6081147  -0.92615455  0.98969066 -0.9279163  -0.9256757   0.33517742
          0.75332665  0.16999066  0.59906685 -0.73753244 -0.27713203  0.9605198
          0.6688169  -0.15274435 -0.63527286  0.14159727 -0.5676404  -0.4206158
          0.48122013  0.27832294 -0.3625316   0.1910249 ]
    
    Initializer | constantM1Comma3136 [dtype=int64, shape=[2]] | Values:
        [  -1 3136]
    
    Initializer | constant3136x1024 [dtype=float32, shape=[3136, 1024]] | Values:
        [[ 0.7447051  -0.6862104   0.4022751  ...  0.04012072 -0.6459218
           0.9408119 ]
         [ 0.77812564  0.17176366 -0.00640529 ... -0.21177888 -0.4049433
           0.68369806]
         [ 0.20788074 -0.26610088  0.53513014 ... -0.01324528  0.04006457
           0.05759227]
         ...
         [-0.16118175 -0.974681    0.14312088 ... -0.13138938 -0.3636884
           0.07338285]
         [-0.8906567  -0.00578785 -0.46606332 ...  0.8914099  -0.59458184
           0.3761065 ]
         [ 0.489684    0.64736843  0.11139822 ...  0.47984362 -0.3760866
          -0.26887572]]
    
    Initializer | constant1024 [dtype=float32, shape=[1024]] | Values:
        [-0.7238914   0.773762    0.2902217  ...  0.17677236 -0.4135279
         -0.42438096]
    
    Initializer | constant1024x10 [dtype=float32, shape=[1024, 10]] | Values:
        [[ 0.02865732 -0.69687235 -0.6764704  ... -0.7111304  -0.09663862
           0.4627899 ]
         [ 0.313087   -0.8902746  -0.9448048  ...  0.58290076  0.24861169
          -0.6050179 ]
         [ 0.16004789 -0.2540142   0.81798923 ... -0.3003639   0.9515778
          -0.3017624 ]
         ...
         [-0.33292782  0.55777764 -0.09151345 ... -0.6583746  -0.57553446
          -0.8614276 ]
         [-0.44269198  0.14378572 -0.1338991  ... -0.5718416   0.96743584
           0.99329376]
         [-0.81162524  0.4803084   0.99136627 ... -0.571048   -0.1312033
          -0.892924  ]]
    
    Initializer | constant10 [dtype=float32, shape=[10]] | Values:
        [-0.8369716   0.14250124 -0.7332682  -0.46022236 -0.84475243  0.29508197
         -0.59146374 -0.4973126  -0.34899616 -0.26764566]
    
    ---- 15 Node(s) ----
    Node 0    | A-N-0-Conv [Op: Conv]
        {tensorX [dtype=float32, shape=('B', 1, 28, 28)],
         Initializer | constant32x1 [dtype=float32, shape=(32, 1, 5, 5)],
         Initializer | constant32 [dtype=float32, shape=(32,)]}
         -> {A-V-0-Conv [dtype=float32, shape=('B', 32, 28, 28)]}
        ---- Attributes ----
        A-N-0-Conv.kernel_shape = [5, 5]
        A-N-0-Conv.pads = [2, 2, 2, 2]
    
    Node 1    | A-N-1-Relu [Op: Relu]
        {A-V-0-Conv [dtype=float32, shape=('B', 32, 28, 28)]}
         -> {A-V-1-Relu [dtype=float32, shape=('B', 32, 28, 28)]}
    
    Node 2    | A-N-2-MaxPool [Op: MaxPool]
        {A-V-1-Relu [dtype=float32, shape=('B', 32, 28, 28)]}
         -> {A-V-2-MaxPool [dtype=float32, shape=('B', 32, 14, 14)]}
        ---- Attributes ----
        A-N-2-MaxPool.kernel_shape = [2, 2]
        A-N-2-MaxPool.pads = [0, 0, 0, 0]
        A-N-2-MaxPool.strides = [2, 2]
    
    Node 3    | A-N-3-Conv [Op: Conv]
        {A-V-2-MaxPool [dtype=float32, shape=('B', 32, 14, 14)],
         Initializer | constant64x32 [dtype=float32, shape=(64, 32, 5, 5)],
         Initializer | constant64 [dtype=float32, shape=(64,)]}
         -> {A-V-3-Conv [dtype=float32, shape=('B', 64, 14, 14)]}
        ---- Attributes ----
        A-N-3-Conv.kernel_shape = [5, 5]
        A-N-3-Conv.pads = [2, 2, 2, 2]
    
    Node 4    | A-N-4-Relu [Op: Relu]
        {A-V-3-Conv [dtype=float32, shape=('B', 64, 14, 14)]}
         -> {A-V-4-Relu [dtype=float32, shape=('B', 64, 14, 14)]}
    
    Node 5    | A-N-5-MaxPool [Op: MaxPool]
        {A-V-4-Relu [dtype=float32, shape=('B', 64, 14, 14)]}
         -> {A-V-5-MaxPool [dtype=float32, shape=('B', 64, 7, 7)]}
        ---- Attributes ----
        A-N-5-MaxPool.kernel_shape = [2, 2]
        A-N-5-MaxPool.pads = [0, 0, 0, 0]
        A-N-5-MaxPool.strides = [2, 2]
    
    Node 6    | A-N-6-Transpose [Op: Transpose]
        {A-V-5-MaxPool [dtype=float32, shape=('B', 64, 7, 7)]}
         -> {A-V-6-Transpose [dtype=float32, shape=('B', 7, 7, 64)]}
        ---- Attributes ----
        A-N-6-Transpose.perm = [0, 2, 3, 1]
    
    Node 7    | A-N-7-Reshape [Op: Reshape]
        {A-V-6-Transpose [dtype=float32, shape=('B', 7, 7, 64)],
         Initializer | constantM1Comma3136 [dtype=int64, shape=(2,)]}
         -> {A-V-7-Reshape [dtype=float32, shape=('B', 3136)]}
    
    Node 8    | A-N-8-MatMul [Op: MatMul]
        {A-V-7-Reshape [dtype=float32, shape=('B', 3136)],
         Initializer | constant3136x1024 [dtype=float32, shape=(3136, 1024)]}
         -> {A-V-8-MatMul [dtype=float32, shape=('B', 1024)]}
    
    Node 9    | A-N-9-Add [Op: Add]
        {A-V-8-MatMul [dtype=float32, shape=('B', 1024)],
         Initializer | constant1024 [dtype=float32, shape=(1024,)]}
         -> {A-V-9-Add [dtype=float32, shape=('B', 1024)]}
    
    Node 10   | A-N-10-Relu [Op: Relu]
        {A-V-9-Add [dtype=float32, shape=('B', 1024)]}
         -> {A-V-10-Relu [dtype=float32, shape=('B', 1024)]}
    
    Node 11   | A-N-11-MatMul [Op: MatMul]
        {A-V-10-Relu [dtype=float32, shape=('B', 1024)],
         Initializer | constant1024x10 [dtype=float32, shape=(1024, 10)]}
         -> {A-V-11-MatMul [dtype=float32, shape=('B', 10)]}
    
    Node 12   | A-N-12-Add [Op: Add]
        {A-V-11-MatMul [dtype=float32, shape=('B', 10)],
         Initializer | constant10 [dtype=float32, shape=(10,)]}
         -> {A-V-12-Add [dtype=float32, shape=('B', 10)]}
    
    Node 13   | A-N-13-Softmax [Op: Softmax]
        {A-V-12-Add [dtype=float32, shape=('B', 10)]}
         -> {A-V-13-Softmax [dtype=float32, shape=('B', 10)]}
        ---- Attributes ----
        A-N-13-Softmax.axis = 1
    
    Node 14   | A-N-14-ArgMax [Op: ArgMax]
        {A-V-13-Softmax [dtype=float32, shape=('B', 10)]}
         -> {A-V-14-ArgMax [dtype=int64, shape=('B',)]}
        ---- Attributes ----
        A-N-14-ArgMax.axis = 1
        A-N-14-ArgMax.keepdims = 0
[V] Loaded Module: polygraphy.backend.onnx | Path: ['/home/fengsc/anaconda3/envs/py37/lib/python3.7/site-packages/polygraphy/backend/onnx']
[E] Module: 'onnx_graphsurgeon' version '0.3.12' is installed, but version '>=0.3.27' is required.
    Please install the required version or set POLYGRAPHY_AUTOINSTALL_DEPS=1 in your environment variables to allow Polygraphy to do so automatically.
    Attempting to continue with the currently installed version of this module, but note that this may cause errors!
[V] Loaded Module: onnx_graphsurgeon | Version: 0.3.12 | Path: ['/home/fengsc/anaconda3/envs/py37/lib/python3.7/site-packages/onnx_graphsurgeon']
[I] Found tensors with unbounded DDS: []
